2022-01-19 14:26:20   Arguments: Namespace(upscale_input=False, downscale_input=True, augment_input='None', backbone='resnet18', use_netvlad=True, netvlad_clusters=64, use_gem=None, gem_p=3, gem_eps=1e-06, use_attention='cbam', attention_lr=0.0001, use_sgd=None, use_adagrad=None, momentum=0.9, train_batch_size=4, infer_batch_size=16, margin=0.1, epochs_num=20, patience=3, lr=1e-05, cache_refresh_rate=1000, queries_per_epoch=5000, negs_num_per_query=10, neg_samples_num=1000, seed=0, device='cuda', num_workers=8, val_positive_dist_threshold=25, train_positives_dist_threshold=10, recall_values=[1, 5, 10, 20], datasets_folder='./Dataset_pitts30k', exp_name='default', test_dataset_name=None, test_model_path=None, save_attention_mask=None, output_folder='runs/default/2022-01-19_14-26-20')
2022-01-19 14:26:20   The outputs are being saved in runs/default/2022-01-19_14-26-20
2022-01-19 14:26:20   Using 1 GPUs and 12 CPUs
2022-01-19 14:26:20   Loading dataset Pitts30k from folder ./Dataset_pitts30k
2022-01-19 14:26:20   There are 96 queries without any positives within the training set. They won't be considered as they're useless for training.
2022-01-19 14:26:20   Train query set: < TripletsDataset, pitts30k - #database: 10000; #queries: 7320 >
2022-01-19 14:26:20   Val set: < BaseDataset, pitts30k - #database: 10000; #queries: 7608 >
2022-01-19 14:26:20   Test set: < BaseDataset, pitts30k - #database: 10000; #queries: 6816 >
2022-01-19 14:26:21   Train only conv4 of the ResNet-18 (remove conv5), freeze the previous ones
2022-01-19 14:26:26   Output dimension of the model is 16384
2022-01-19 14:26:26   Start training epoch: 00
2022-01-19 14:26:26   Cache: 0 / 5
2022-01-19 14:28:25   Epoch[00](0/5): current batch triplet loss = 0.0230, average epoch triplet loss = 0.0335
2022-01-19 14:28:25   Cache: 1 / 5
2022-01-19 14:30:24   Epoch[00](1/5): current batch triplet loss = 0.0429, average epoch triplet loss = 0.0311
2022-01-19 14:30:24   Cache: 2 / 5
2022-01-19 14:32:23   Epoch[00](2/5): current batch triplet loss = 0.0239, average epoch triplet loss = 0.0292
2022-01-19 14:32:23   Cache: 3 / 5
2022-01-19 14:34:23   Epoch[00](3/5): current batch triplet loss = 0.0363, average epoch triplet loss = 0.0282
2022-01-19 14:34:23   Cache: 4 / 5
2022-01-19 14:36:22   Epoch[00](4/5): current batch triplet loss = 0.0524, average epoch triplet loss = 0.0276
2022-01-19 14:36:22   Finished epoch 00 in 0:09:56, average epoch triplet loss = 0.0276
2022-01-19 14:36:22   Extracting database features for evaluation/testing
2022-01-19 14:36:44   Extracting queries features for evaluation/testing
2022-01-19 14:37:01   Calculating recalls
2022-01-19 14:37:27   Recalls on val set < BaseDataset, pitts30k - #database: 10000; #queries: 7608 >: R@1: 86.9, R@5: 95.3, R@10: 97.1, R@20: 98.3
2022-01-19 14:37:27   Improved: previous best R@5 = 0.0, current R@5 = 95.3
2022-01-19 14:37:27   Start training epoch: 01
2022-01-19 14:37:27   Cache: 0 / 5
2022-01-19 14:39:26   Epoch[01](0/5): current batch triplet loss = 0.0516, average epoch triplet loss = 0.0236
2022-01-19 14:39:26   Cache: 1 / 5
2022-01-19 14:41:25   Epoch[01](1/5): current batch triplet loss = 0.0244, average epoch triplet loss = 0.0235
2022-01-19 14:41:25   Cache: 2 / 5
2022-01-19 14:43:24   Epoch[01](2/5): current batch triplet loss = 0.0321, average epoch triplet loss = 0.0230
2022-01-19 14:43:24   Cache: 3 / 5
2022-01-19 14:45:23   Epoch[01](3/5): current batch triplet loss = 0.0315, average epoch triplet loss = 0.0230
2022-01-19 14:45:23   Cache: 4 / 5
2022-01-19 14:47:23   Epoch[01](4/5): current batch triplet loss = 0.0519, average epoch triplet loss = 0.0231
2022-01-19 14:47:23   Finished epoch 01 in 0:09:55, average epoch triplet loss = 0.0231
2022-01-19 14:47:23   Extracting database features for evaluation/testing
2022-01-19 14:47:45   Extracting queries features for evaluation/testing
2022-01-19 14:48:03   Calculating recalls
2022-01-19 14:48:26   Recalls on val set < BaseDataset, pitts30k - #database: 10000; #queries: 7608 >: R@1: 88.4, R@5: 96.2, R@10: 97.6, R@20: 98.6
2022-01-19 14:48:26   Improved: previous best R@5 = 95.3, current R@5 = 96.2
2022-01-19 14:48:26   Start training epoch: 02
2022-01-19 14:48:26   Cache: 0 / 5
2022-01-19 14:50:26   Epoch[02](0/5): current batch triplet loss = 0.0097, average epoch triplet loss = 0.0206
2022-01-19 14:50:26   Cache: 1 / 5
2022-01-19 14:52:26   Epoch[02](1/5): current batch triplet loss = 0.0142, average epoch triplet loss = 0.0208
2022-01-19 14:52:26   Cache: 2 / 5
2022-01-19 14:54:25   Epoch[02](2/5): current batch triplet loss = 0.0051, average epoch triplet loss = 0.0205
2022-01-19 14:54:25   Cache: 3 / 5
2022-01-19 14:56:24   Epoch[02](3/5): current batch triplet loss = 0.0053, average epoch triplet loss = 0.0201
2022-01-19 14:56:24   Cache: 4 / 5
2022-01-19 14:58:24   Epoch[02](4/5): current batch triplet loss = 0.0106, average epoch triplet loss = 0.0200
2022-01-19 14:58:24   Finished epoch 02 in 0:09:57, average epoch triplet loss = 0.0200
2022-01-19 14:58:24   Extracting database features for evaluation/testing
2022-01-19 14:58:46   Extracting queries features for evaluation/testing
2022-01-19 14:59:03   Calculating recalls
2022-01-19 14:59:26   Recalls on val set < BaseDataset, pitts30k - #database: 10000; #queries: 7608 >: R@1: 88.6, R@5: 96.3, R@10: 97.8, R@20: 98.6
2022-01-19 14:59:27   Improved: previous best R@5 = 96.2, current R@5 = 96.3
2022-01-19 14:59:27   Start training epoch: 03
2022-01-19 14:59:27   Cache: 0 / 5
2022-01-19 15:01:27   Epoch[03](0/5): current batch triplet loss = 0.0076, average epoch triplet loss = 0.0173
2022-01-19 15:01:27   Cache: 1 / 5
2022-01-19 15:03:26   Epoch[03](1/5): current batch triplet loss = 0.0210, average epoch triplet loss = 0.0184
2022-01-19 15:03:26   Cache: 2 / 5
2022-01-19 15:05:26   Epoch[03](2/5): current batch triplet loss = 0.0137, average epoch triplet loss = 0.0189
2022-01-19 15:05:26   Cache: 3 / 5
2022-01-19 15:07:25   Epoch[03](3/5): current batch triplet loss = 0.0699, average epoch triplet loss = 0.0188
2022-01-19 15:07:25   Cache: 4 / 5
2022-01-19 15:09:25   Epoch[03](4/5): current batch triplet loss = 0.0198, average epoch triplet loss = 0.0189
2022-01-19 15:09:25   Finished epoch 03 in 0:09:58, average epoch triplet loss = 0.0189
2022-01-19 15:09:25   Extracting database features for evaluation/testing
2022-01-19 15:09:47   Extracting queries features for evaluation/testing
2022-01-19 15:10:07   Calculating recalls
2022-01-19 15:10:30   Recalls on val set < BaseDataset, pitts30k - #database: 10000; #queries: 7608 >: R@1: 88.9, R@5: 96.4, R@10: 97.8, R@20: 98.6
2022-01-19 15:10:31   Improved: previous best R@5 = 96.3, current R@5 = 96.4
2022-01-19 15:10:31   Start training epoch: 04
2022-01-19 15:10:31   Cache: 0 / 5
2022-01-19 15:12:31   Epoch[04](0/5): current batch triplet loss = 0.0036, average epoch triplet loss = 0.0178
2022-01-19 15:12:31   Cache: 1 / 5
2022-01-19 15:14:32   Epoch[04](1/5): current batch triplet loss = 0.0250, average epoch triplet loss = 0.0177
2022-01-19 15:14:32   Cache: 2 / 5
2022-01-19 15:16:32   Epoch[04](2/5): current batch triplet loss = 0.0264, average epoch triplet loss = 0.0174
2022-01-19 15:16:32   Cache: 3 / 5
2022-01-19 15:18:47   Epoch[04](3/5): current batch triplet loss = 0.0219, average epoch triplet loss = 0.0177
2022-01-19 15:18:47   Cache: 4 / 5
2022-01-19 15:21:01   Epoch[04](4/5): current batch triplet loss = 0.0164, average epoch triplet loss = 0.0177
2022-01-19 15:21:01   Finished epoch 04 in 0:10:30, average epoch triplet loss = 0.0177
2022-01-19 15:21:01   Extracting database features for evaluation/testing
2022-01-19 15:21:26   Extracting queries features for evaluation/testing
2022-01-19 15:21:48   Calculating recalls
2022-01-19 15:22:13   Recalls on val set < BaseDataset, pitts30k - #database: 10000; #queries: 7608 >: R@1: 89.0, R@5: 96.4, R@10: 97.9, R@20: 98.6
2022-01-19 15:22:14   Improved: previous best R@5 = 96.4, current R@5 = 96.4
2022-01-19 15:22:14   Start training epoch: 05
2022-01-19 15:22:14   Cache: 0 / 5
2022-01-19 15:24:29   Epoch[05](0/5): current batch triplet loss = 0.0126, average epoch triplet loss = 0.0174
2022-01-19 15:24:29   Cache: 1 / 5
2022-01-19 15:26:43   Epoch[05](1/5): current batch triplet loss = 0.0221, average epoch triplet loss = 0.0165
2022-01-19 15:26:43   Cache: 2 / 5
2022-01-19 15:28:58   Epoch[05](2/5): current batch triplet loss = 0.0013, average epoch triplet loss = 0.0168
2022-01-19 15:28:58   Cache: 3 / 5
2022-01-19 15:31:01   Epoch[05](3/5): current batch triplet loss = 0.0044, average epoch triplet loss = 0.0165
2022-01-19 15:31:01   Cache: 4 / 5
2022-01-19 15:33:02   Epoch[05](4/5): current batch triplet loss = 0.0215, average epoch triplet loss = 0.0164
2022-01-19 15:33:02   Finished epoch 05 in 0:10:48, average epoch triplet loss = 0.0164
2022-01-19 15:33:02   Extracting database features for evaluation/testing
2022-01-19 15:33:24   Extracting queries features for evaluation/testing
2022-01-19 15:33:43   Calculating recalls
2022-01-19 15:34:05   Recalls on val set < BaseDataset, pitts30k - #database: 10000; #queries: 7608 >: R@1: 88.9, R@5: 96.2, R@10: 97.9, R@20: 98.7
2022-01-19 15:34:05   Not improved: 1 / 3: best R@5 = 96.4, current R@5 = 96.2
2022-01-19 15:34:05   Start training epoch: 06
2022-01-19 15:34:05   Cache: 0 / 5
2022-01-19 15:36:05   Epoch[06](0/5): current batch triplet loss = 0.0267, average epoch triplet loss = 0.0180
2022-01-19 15:36:05   Cache: 1 / 5
2022-01-19 15:38:06   Epoch[06](1/5): current batch triplet loss = 0.0015, average epoch triplet loss = 0.0170
2022-01-19 15:38:06   Cache: 2 / 5
2022-01-19 15:40:09   Epoch[06](2/5): current batch triplet loss = 0.0027, average epoch triplet loss = 0.0165
2022-01-19 15:40:09   Cache: 3 / 5
2022-01-19 15:42:10   Epoch[06](3/5): current batch triplet loss = 0.0240, average epoch triplet loss = 0.0164
2022-01-19 15:42:10   Cache: 4 / 5
2022-01-19 15:44:23   Epoch[06](4/5): current batch triplet loss = 0.0074, average epoch triplet loss = 0.0164
2022-01-19 15:44:23   Finished epoch 06 in 0:10:18, average epoch triplet loss = 0.0164
2022-01-19 15:44:23   Extracting database features for evaluation/testing
2022-01-19 15:44:47   Extracting queries features for evaluation/testing
2022-01-19 15:45:10   Calculating recalls
2022-01-19 15:45:33   Recalls on val set < BaseDataset, pitts30k - #database: 10000; #queries: 7608 >: R@1: 89.1, R@5: 96.4, R@10: 98.0, R@20: 98.7
2022-01-19 15:45:33   Not improved: 2 / 3: best R@5 = 96.4, current R@5 = 96.4
2022-01-19 15:45:33   Start training epoch: 07
2022-01-19 15:45:33   Cache: 0 / 5
2022-01-19 15:47:48   Epoch[07](0/5): current batch triplet loss = 0.0051, average epoch triplet loss = 0.0158
2022-01-19 15:47:48   Cache: 1 / 5
2022-01-19 15:49:56   Epoch[07](1/5): current batch triplet loss = 0.0030, average epoch triplet loss = 0.0150
2022-01-19 15:49:56   Cache: 2 / 5
2022-01-19 15:52:06   Epoch[07](2/5): current batch triplet loss = 0.0390, average epoch triplet loss = 0.0151
2022-01-19 15:52:06   Cache: 3 / 5
2022-01-19 15:54:23   Epoch[07](3/5): current batch triplet loss = 0.0139, average epoch triplet loss = 0.0151
2022-01-19 15:54:23   Cache: 4 / 5
2022-01-19 15:56:31   Epoch[07](4/5): current batch triplet loss = 0.0094, average epoch triplet loss = 0.0148
2022-01-19 15:56:31   Finished epoch 07 in 0:10:57, average epoch triplet loss = 0.0148
2022-01-19 15:56:31   Extracting database features for evaluation/testing
2022-01-19 15:56:54   Extracting queries features for evaluation/testing
2022-01-19 15:57:15   Calculating recalls
2022-01-19 15:57:39   Recalls on val set < BaseDataset, pitts30k - #database: 10000; #queries: 7608 >: R@1: 89.1, R@5: 96.3, R@10: 97.9, R@20: 98.7
2022-01-19 15:57:39   Not improved: 3 / 3: best R@5 = 96.4, current R@5 = 96.3
2022-01-19 15:57:39   Performance did not improve for 3 epochs. Stop training.
2022-01-19 15:57:39   Best R@5: 96.4
2022-01-19 15:57:39   Trained for 08 epochs, in total in 1:31:18
2022-01-19 15:57:39   Extracting database features for evaluation/testing
2022-01-19 15:58:02   Extracting queries features for evaluation/testing
2022-01-19 15:58:19   Calculating recalls
2022-01-19 15:58:40   Recalls on < BaseDataset, pitts30k - #database: 10000; #queries: 6816 >: R@1: 86.8, R@5: 93.0, R@10: 95.0, R@20: 96.6
