2022-01-19 14:26:20   Arguments: Namespace(upscale_input=False, downscale_input=True, augment_input='None', backbone='resnet18', use_netvlad=True, netvlad_clusters=64, use_gem=None, gem_p=3, gem_eps=1e-06, use_attention='cbam', attention_lr=0.0001, use_sgd=None, use_adagrad=None, momentum=0.9, train_batch_size=4, infer_batch_size=16, margin=0.1, epochs_num=20, patience=3, lr=1e-05, cache_refresh_rate=1000, queries_per_epoch=5000, negs_num_per_query=10, neg_samples_num=1000, seed=0, device='cuda', num_workers=8, val_positive_dist_threshold=25, train_positives_dist_threshold=10, recall_values=[1, 5, 10, 20], datasets_folder='./Dataset_pitts30k', exp_name='default', test_dataset_name=None, test_model_path=None, save_attention_mask=None, output_folder='runs/default/2022-01-19_14-26-20')
2022-01-19 14:26:20   The outputs are being saved in runs/default/2022-01-19_14-26-20
2022-01-19 14:26:20   Using 1 GPUs and 12 CPUs
2022-01-19 14:26:20   There are 96 queries without any positives within the training set. They won't be considered as they're useless for training.
2022-01-19 14:26:20   Train query set: < TripletsDataset, pitts30k - #database: 10000; #queries: 7320 >
2022-01-19 14:26:20   Val set: < BaseDataset, pitts30k - #database: 10000; #queries: 7608 >
2022-01-19 14:26:20   Test set: < BaseDataset, pitts30k - #database: 10000; #queries: 6816 >
2022-01-19 14:26:26   Output dimension of the model is 16384
2022-01-19 14:26:26   Start training epoch: 00
2022-01-19 14:36:22   Finished epoch 00 in 0:09:56, average epoch triplet loss = 0.0276
2022-01-19 14:37:27   Recalls on val set < BaseDataset, pitts30k - #database: 10000; #queries: 7608 >: R@1: 86.9, R@5: 95.3, R@10: 97.1, R@20: 98.3
2022-01-19 14:37:27   Improved: previous best R@5 = 0.0, current R@5 = 95.3
2022-01-19 14:37:27   Start training epoch: 01
2022-01-19 14:47:23   Finished epoch 01 in 0:09:55, average epoch triplet loss = 0.0231
2022-01-19 14:48:26   Recalls on val set < BaseDataset, pitts30k - #database: 10000; #queries: 7608 >: R@1: 88.4, R@5: 96.2, R@10: 97.6, R@20: 98.6
2022-01-19 14:48:26   Improved: previous best R@5 = 95.3, current R@5 = 96.2
2022-01-19 14:48:26   Start training epoch: 02
2022-01-19 14:58:24   Finished epoch 02 in 0:09:57, average epoch triplet loss = 0.0200
2022-01-19 14:59:26   Recalls on val set < BaseDataset, pitts30k - #database: 10000; #queries: 7608 >: R@1: 88.6, R@5: 96.3, R@10: 97.8, R@20: 98.6
2022-01-19 14:59:27   Improved: previous best R@5 = 96.2, current R@5 = 96.3
2022-01-19 14:59:27   Start training epoch: 03
2022-01-19 15:09:25   Finished epoch 03 in 0:09:58, average epoch triplet loss = 0.0189
2022-01-19 15:10:30   Recalls on val set < BaseDataset, pitts30k - #database: 10000; #queries: 7608 >: R@1: 88.9, R@5: 96.4, R@10: 97.8, R@20: 98.6
2022-01-19 15:10:31   Improved: previous best R@5 = 96.3, current R@5 = 96.4
2022-01-19 15:10:31   Start training epoch: 04
2022-01-19 15:21:01   Finished epoch 04 in 0:10:30, average epoch triplet loss = 0.0177
2022-01-19 15:22:13   Recalls on val set < BaseDataset, pitts30k - #database: 10000; #queries: 7608 >: R@1: 89.0, R@5: 96.4, R@10: 97.9, R@20: 98.6
2022-01-19 15:22:14   Improved: previous best R@5 = 96.4, current R@5 = 96.4
2022-01-19 15:22:14   Start training epoch: 05
2022-01-19 15:33:02   Finished epoch 05 in 0:10:48, average epoch triplet loss = 0.0164
2022-01-19 15:34:05   Recalls on val set < BaseDataset, pitts30k - #database: 10000; #queries: 7608 >: R@1: 88.9, R@5: 96.2, R@10: 97.9, R@20: 98.7
2022-01-19 15:34:05   Not improved: 1 / 3: best R@5 = 96.4, current R@5 = 96.2
2022-01-19 15:34:05   Start training epoch: 06
2022-01-19 15:44:23   Finished epoch 06 in 0:10:18, average epoch triplet loss = 0.0164
2022-01-19 15:45:33   Recalls on val set < BaseDataset, pitts30k - #database: 10000; #queries: 7608 >: R@1: 89.1, R@5: 96.4, R@10: 98.0, R@20: 98.7
2022-01-19 15:45:33   Not improved: 2 / 3: best R@5 = 96.4, current R@5 = 96.4
2022-01-19 15:45:33   Start training epoch: 07
2022-01-19 15:56:31   Finished epoch 07 in 0:10:57, average epoch triplet loss = 0.0148
2022-01-19 15:57:39   Recalls on val set < BaseDataset, pitts30k - #database: 10000; #queries: 7608 >: R@1: 89.1, R@5: 96.3, R@10: 97.9, R@20: 98.7
2022-01-19 15:57:39   Not improved: 3 / 3: best R@5 = 96.4, current R@5 = 96.3
2022-01-19 15:57:39   Performance did not improve for 3 epochs. Stop training.
2022-01-19 15:57:39   Best R@5: 96.4
2022-01-19 15:57:39   Trained for 08 epochs, in total in 1:31:18
2022-01-19 15:58:40   Recalls on < BaseDataset, pitts30k - #database: 10000; #queries: 6816 >: R@1: 86.8, R@5: 93.0, R@10: 95.0, R@20: 96.6
