2022-01-08 11:06:19   Arguments: Namespace(cache_refresh_rate=1000, datasets_folder='./project_vg/Data', device='cuda', epochs_num=10, exp_name='default', infer_batch_size=16, lr=0.0001, margin=0.1, neg_samples_num=1000, negs_num_per_query=10, netvlad_clusters=64, num_workers=8, output_folder='runs/default/2022-01-08_11-06-19', patience=3, queries_per_epoch=5000, recall_values=[1, 5, 10, 20], seed=0, train_batch_size=4, train_positives_dist_threshold=10, use_netvlad=True, val_positive_dist_threshold=25)
2022-01-08 11:06:19   The outputs are being saved in runs/default/2022-01-08_11-06-19
2022-01-08 11:06:20   Using 1 GPUs and 6 CPUs
2022-01-08 11:06:20   Loading dataset Pitts30k from folder ./project_vg/Data
2022-01-08 11:06:23   There are 96 queries without any positives within the training set. They won't be considered as they're useless for training.
2022-01-08 11:06:24   Train query set: < TripletsDataset, pitts30k - #database: 10000; #queries: 7320 >
2022-01-08 11:06:28   Val set: < BaseDataset, pitts30k - #database: 10000; #queries: 7608 >
2022-01-08 11:06:33   Test set: < BaseDataset, pitts30k - #database: 10000; #queries: 6816 >
2022-01-08 11:06:38   Train only conv4 of the ResNet-18 (remove conv5), freeze the previous ones
2022-01-08 11:07:13   Output dimension of the model is 16384
2022-01-08 11:07:13   Start training epoch: 00
2022-01-08 11:07:13   Cache: 0 / 5
2022-01-08 11:15:58   Epoch[00](0/5): current batch triplet loss = 0.0918, average epoch triplet loss = 0.0929
2022-01-08 11:15:58   Cache: 1 / 5
2022-01-08 11:24:43   Epoch[00](1/5): current batch triplet loss = 0.0968, average epoch triplet loss = 0.0913
2022-01-08 11:24:43   Cache: 2 / 5
2022-01-08 11:33:32   Epoch[00](2/5): current batch triplet loss = 0.0889, average epoch triplet loss = 0.0894
2022-01-08 11:33:32   Cache: 3 / 5
2022-01-08 11:42:19   Epoch[00](3/5): current batch triplet loss = 0.0999, average epoch triplet loss = 0.0881
2022-01-08 11:42:19   Cache: 4 / 5
2022-01-08 11:51:07   Epoch[00](4/5): current batch triplet loss = 0.0649, average epoch triplet loss = 0.0865
2022-01-08 11:51:07   Finished epoch 00 in 0:43:53, average epoch triplet loss = 0.0865
2022-01-08 11:51:07   Extracting database features for evaluation/testing
2022-01-08 11:53:06   Extracting queries features for evaluation/testing
2022-01-08 11:54:37   Calculating recalls
2022-01-08 11:55:17   Recalls on val set < BaseDataset, pitts30k - #database: 10000; #queries: 7608 >: R@1: 36.6, R@5: 58.7, R@10: 68.7, R@20: 79.3
2022-01-08 11:55:18   Improved: previous best R@5 = 0.0, current R@5 = 58.7
2022-01-08 11:55:18   Start training epoch: 01
2022-01-08 11:55:18   Cache: 0 / 5
2022-01-08 12:04:03   Epoch[01](0/5): current batch triplet loss = 0.0842, average epoch triplet loss = 0.0772
2022-01-08 12:04:03   Cache: 1 / 5
2022-01-08 12:12:52   Epoch[01](1/5): current batch triplet loss = 0.0670, average epoch triplet loss = 0.0762
2022-01-08 12:12:52   Cache: 2 / 5
2022-01-08 12:21:40   Epoch[01](2/5): current batch triplet loss = 0.0831, average epoch triplet loss = 0.0753
2022-01-08 12:21:40   Cache: 3 / 5
2022-01-08 12:30:28   Epoch[01](3/5): current batch triplet loss = 0.0578, average epoch triplet loss = 0.0732
2022-01-08 12:30:28   Cache: 4 / 5
2022-01-08 12:39:18   Epoch[01](4/5): current batch triplet loss = 0.0805, average epoch triplet loss = 0.0721
2022-01-08 12:39:18   Finished epoch 01 in 0:44:00, average epoch triplet loss = 0.0721
2022-01-08 12:39:18   Extracting database features for evaluation/testing
2022-01-08 12:41:17   Extracting queries features for evaluation/testing
2022-01-08 12:42:49   Calculating recalls
2022-01-08 12:43:28   Recalls on val set < BaseDataset, pitts30k - #database: 10000; #queries: 7608 >: R@1: 33.0, R@5: 54.4, R@10: 63.6, R@20: 73.5
2022-01-08 12:43:28   Not improved: 1 / 3: best R@5 = 58.7, current R@5 = 54.4
2022-01-08 12:43:29   Start training epoch: 02
2022-01-08 12:43:29   Cache: 0 / 5
2022-01-08 12:52:14   Epoch[02](0/5): current batch triplet loss = 0.0756, average epoch triplet loss = 0.0617
2022-01-08 12:52:14   Cache: 1 / 5
2022-01-08 13:01:04   Epoch[02](1/5): current batch triplet loss = 0.0366, average epoch triplet loss = 0.0594
2022-01-08 13:01:04   Cache: 2 / 5
2022-01-08 13:09:53   Epoch[02](2/5): current batch triplet loss = 0.0364, average epoch triplet loss = 0.0581
2022-01-08 13:09:53   Cache: 3 / 5
2022-01-08 13:18:41   Epoch[02](3/5): current batch triplet loss = 0.0340, average epoch triplet loss = 0.0562
2022-01-08 13:18:41   Cache: 4 / 5
2022-01-08 13:27:31   Epoch[02](4/5): current batch triplet loss = 0.0190, average epoch triplet loss = 0.0548
2022-01-08 13:27:31   Finished epoch 02 in 0:44:02, average epoch triplet loss = 0.0548
2022-01-08 13:27:31   Extracting database features for evaluation/testing
2022-01-08 13:29:30   Extracting queries features for evaluation/testing
2022-01-08 13:31:01   Calculating recalls
2022-01-08 13:31:40   Recalls on val set < BaseDataset, pitts30k - #database: 10000; #queries: 7608 >: R@1: 43.0, R@5: 65.6, R@10: 74.9, R@20: 82.7
2022-01-08 13:31:42   Improved: previous best R@5 = 58.7, current R@5 = 65.6
2022-01-08 13:31:42   Start training epoch: 03
2022-01-08 13:31:42   Cache: 0 / 5
2022-01-08 13:40:29   Epoch[03](0/5): current batch triplet loss = 0.0197, average epoch triplet loss = 0.0426
2022-01-08 13:40:29   Cache: 1 / 5
2022-01-08 13:49:19   Epoch[03](1/5): current batch triplet loss = 0.0265, average epoch triplet loss = 0.0416
2022-01-08 13:49:19   Cache: 2 / 5
2022-01-08 13:58:10   Epoch[03](2/5): current batch triplet loss = 0.0215, average epoch triplet loss = 0.0394
2022-01-08 13:58:10   Cache: 3 / 5
2022-01-08 14:07:00   Epoch[03](3/5): current batch triplet loss = 0.0338, average epoch triplet loss = 0.0378
2022-01-08 14:07:00   Cache: 4 / 5
2022-01-08 14:15:48   Epoch[03](4/5): current batch triplet loss = 0.0249, average epoch triplet loss = 0.0361
2022-01-08 14:15:48   Finished epoch 03 in 0:44:06, average epoch triplet loss = 0.0361
2022-01-08 14:15:48   Extracting database features for evaluation/testing
2022-01-08 14:17:48   Extracting queries features for evaluation/testing
2022-01-08 14:19:19   Calculating recalls
2022-01-08 14:19:58   Recalls on val set < BaseDataset, pitts30k - #database: 10000; #queries: 7608 >: R@1: 49.4, R@5: 72.4, R@10: 79.5, R@20: 85.8
2022-01-08 14:20:00   Improved: previous best R@5 = 65.6, current R@5 = 72.4
2022-01-08 14:20:00   Start training epoch: 04
2022-01-08 14:20:00   Cache: 0 / 5
2022-01-08 14:28:47   Epoch[04](0/5): current batch triplet loss = 0.0043, average epoch triplet loss = 0.0261
2022-01-08 14:28:47   Cache: 1 / 5
2022-01-08 14:37:37   Epoch[04](1/5): current batch triplet loss = 0.0005, average epoch triplet loss = 0.0235
2022-01-08 14:37:37   Cache: 2 / 5
2022-01-08 14:46:27   Epoch[04](2/5): current batch triplet loss = 0.0265, average epoch triplet loss = 0.0225
2022-01-08 14:46:27   Cache: 3 / 5
2022-01-08 14:55:16   Epoch[04](3/5): current batch triplet loss = 0.0179, average epoch triplet loss = 0.0218
2022-01-08 14:55:16   Cache: 4 / 5
2022-01-08 15:04:07   Epoch[04](4/5): current batch triplet loss = 0.0077, average epoch triplet loss = 0.0209
2022-01-08 15:04:07   Finished epoch 04 in 0:44:07, average epoch triplet loss = 0.0209
2022-01-08 15:04:07   Extracting database features for evaluation/testing
2022-01-08 15:06:07   Extracting queries features for evaluation/testing
2022-01-08 15:07:38   Calculating recalls
2022-01-08 15:08:17   Recalls on val set < BaseDataset, pitts30k - #database: 10000; #queries: 7608 >: R@1: 48.4, R@5: 69.1, R@10: 76.5, R@20: 83.9
2022-01-08 15:08:17   Not improved: 1 / 3: best R@5 = 72.4, current R@5 = 69.1
2022-01-08 15:08:17   Start training epoch: 05
2022-01-08 15:08:17   Cache: 0 / 5
2022-01-08 15:17:06   Epoch[05](0/5): current batch triplet loss = 0.0056, average epoch triplet loss = 0.0141
2022-01-08 15:17:06   Cache: 1 / 5
2022-01-08 15:25:56   Epoch[05](1/5): current batch triplet loss = 0.0062, average epoch triplet loss = 0.0133
2022-01-08 15:25:56   Cache: 2 / 5
2022-01-08 15:34:47   Epoch[05](2/5): current batch triplet loss = 0.0046, average epoch triplet loss = 0.0130
2022-01-08 15:34:47   Cache: 3 / 5
2022-01-08 15:43:40   Epoch[05](3/5): current batch triplet loss = 0.0063, average epoch triplet loss = 0.0126
2022-01-08 15:43:40   Cache: 4 / 5
2022-01-08 15:52:31   Epoch[05](4/5): current batch triplet loss = 0.0124, average epoch triplet loss = 0.0124
2022-01-08 15:52:31   Finished epoch 05 in 0:44:13, average epoch triplet loss = 0.0124
2022-01-08 15:52:31   Extracting database features for evaluation/testing
2022-01-08 15:54:30   Extracting queries features for evaluation/testing
2022-01-08 15:56:01   Calculating recalls
2022-01-08 15:56:40   Recalls on val set < BaseDataset, pitts30k - #database: 10000; #queries: 7608 >: R@1: 51.9, R@5: 73.3, R@10: 81.0, R@20: 87.2
2022-01-08 15:56:41   Improved: previous best R@5 = 72.4, current R@5 = 73.3
2022-01-08 15:56:41   Start training epoch: 06
2022-01-08 15:56:41   Cache: 0 / 5
2022-01-08 16:05:29   Epoch[06](0/5): current batch triplet loss = 0.0286, average epoch triplet loss = 0.0119
2022-01-08 16:05:29   Cache: 1 / 5
2022-01-08 16:14:21   Epoch[06](1/5): current batch triplet loss = 0.0016, average epoch triplet loss = 0.0108
2022-01-08 16:14:21   Cache: 2 / 5
2022-01-08 16:23:13   Epoch[06](2/5): current batch triplet loss = 0.0058, average epoch triplet loss = 0.0105
2022-01-08 16:23:13   Cache: 3 / 5
2022-01-08 16:32:05   Epoch[06](3/5): current batch triplet loss = 0.0247, average epoch triplet loss = 0.0106
2022-01-08 16:32:05   Cache: 4 / 5
2022-01-08 16:40:57   Epoch[06](4/5): current batch triplet loss = 0.0140, average epoch triplet loss = 0.0104
2022-01-08 16:40:57   Finished epoch 06 in 0:44:16, average epoch triplet loss = 0.0104
2022-01-08 16:40:57   Extracting database features for evaluation/testing
2022-01-08 16:42:57   Extracting queries features for evaluation/testing
2022-01-08 16:44:28   Calculating recalls
2022-01-08 16:45:07   Recalls on val set < BaseDataset, pitts30k - #database: 10000; #queries: 7608 >: R@1: 50.6, R@5: 71.8, R@10: 80.7, R@20: 86.7
2022-01-08 16:45:07   Not improved: 1 / 3: best R@5 = 73.3, current R@5 = 71.8
2022-01-08 16:45:07   Start training epoch: 07
2022-01-08 16:45:07   Cache: 0 / 5
2022-01-08 16:53:59   Epoch[07](0/5): current batch triplet loss = 0.0088, average epoch triplet loss = 0.0091
2022-01-08 16:53:59   Cache: 1 / 5
2022-01-08 17:02:56   Epoch[07](1/5): current batch triplet loss = 0.0050, average epoch triplet loss = 0.0088
2022-01-08 17:02:56   Cache: 2 / 5
2022-01-08 17:11:50   Epoch[07](2/5): current batch triplet loss = 0.0241, average epoch triplet loss = 0.0090
2022-01-08 17:11:50   Cache: 3 / 5
2022-01-08 17:20:45   Epoch[07](3/5): current batch triplet loss = 0.0034, average epoch triplet loss = 0.0091
2022-01-08 17:20:45   Cache: 4 / 5
2022-01-08 17:29:40   Epoch[07](4/5): current batch triplet loss = 0.0036, average epoch triplet loss = 0.0087
2022-01-08 17:29:40   Finished epoch 07 in 0:44:32, average epoch triplet loss = 0.0087
2022-01-08 17:29:40   Extracting database features for evaluation/testing
2022-01-08 17:31:39   Extracting queries features for evaluation/testing
2022-01-08 17:33:10   Calculating recalls
2022-01-08 17:33:48   Recalls on val set < BaseDataset, pitts30k - #database: 10000; #queries: 7608 >: R@1: 54.5, R@5: 76.2, R@10: 83.6, R@20: 89.3
2022-01-08 17:33:50   Improved: previous best R@5 = 73.3, current R@5 = 76.2
2022-01-08 17:33:50   Start training epoch: 08
2022-01-08 17:33:50   Cache: 0 / 5
2022-01-08 17:42:43   Epoch[08](0/5): current batch triplet loss = 0.0007, average epoch triplet loss = 0.0072
2022-01-08 17:42:43   Cache: 1 / 5
2022-01-08 17:51:38   Epoch[08](1/5): current batch triplet loss = 0.0036, average epoch triplet loss = 0.0071
2022-01-08 17:51:38   Cache: 2 / 5
2022-01-08 18:00:31   Epoch[08](2/5): current batch triplet loss = 0.0008, average epoch triplet loss = 0.0076
2022-01-08 18:00:31   Cache: 3 / 5
2022-01-08 18:09:25   Epoch[08](3/5): current batch triplet loss = 0.0216, average epoch triplet loss = 0.0078
2022-01-08 18:09:25   Cache: 4 / 5
2022-01-08 18:18:19   Epoch[08](4/5): current batch triplet loss = 0.0174, average epoch triplet loss = 0.0077
2022-01-08 18:18:19   Finished epoch 08 in 0:44:29, average epoch triplet loss = 0.0077
2022-01-08 18:18:19   Extracting database features for evaluation/testing
2022-01-08 18:20:18   Extracting queries features for evaluation/testing
2022-01-08 18:21:50   Calculating recalls
2022-01-08 18:22:28   Recalls on val set < BaseDataset, pitts30k - #database: 10000; #queries: 7608 >: R@1: 53.7, R@5: 73.9, R@10: 81.5, R@20: 88.2
2022-01-08 18:22:28   Not improved: 1 / 3: best R@5 = 76.2, current R@5 = 73.9
2022-01-08 18:22:28   Start training epoch: 09
2022-01-08 18:22:28   Cache: 0 / 5
2022-01-08 18:31:19   Epoch[09](0/5): current batch triplet loss = 0.0037, average epoch triplet loss = 0.0075
2022-01-08 18:31:19   Cache: 1 / 5
2022-01-08 18:40:13   Epoch[09](1/5): current batch triplet loss = 0.0059, average epoch triplet loss = 0.0071
2022-01-08 18:40:13   Cache: 2 / 5
2022-01-08 18:49:04   Epoch[09](2/5): current batch triplet loss = 0.0005, average epoch triplet loss = 0.0069
2022-01-08 18:49:04   Cache: 3 / 5
2022-01-08 18:57:56   Epoch[09](3/5): current batch triplet loss = 0.0076, average epoch triplet loss = 0.0071
2022-01-08 18:57:56   Cache: 4 / 5
2022-01-08 19:06:44   Epoch[09](4/5): current batch triplet loss = 0.0050, average epoch triplet loss = 0.0069
2022-01-08 19:06:44   Finished epoch 09 in 0:44:15, average epoch triplet loss = 0.0069
2022-01-08 19:06:44   Extracting database features for evaluation/testing
2022-01-08 19:08:43   Extracting queries features for evaluation/testing
2022-01-08 19:10:15   Calculating recalls
2022-01-08 19:10:54   Recalls on val set < BaseDataset, pitts30k - #database: 10000; #queries: 7608 >: R@1: 53.1, R@5: 73.4, R@10: 81.1, R@20: 87.8
2022-01-08 19:10:54   Not improved: 2 / 3: best R@5 = 76.2, current R@5 = 73.4
2022-01-08 19:10:54   Best R@5: 76.2
2022-01-08 19:10:54   Trained for 10 epochs, in total in 8:04:35
2022-01-08 19:10:57   Extracting database features for evaluation/testing
2022-01-08 19:12:53   Extracting queries features for evaluation/testing
2022-01-08 19:14:14   Calculating recalls
2022-01-08 19:14:49   Recalls on < BaseDataset, pitts30k - #database: 10000; #queries: 6816 >: R@1: 53.2, R@5: 75.2, R@10: 83.4, R@20: 88.9
