2022-01-08 11:06:19   Arguments: Namespace(cache_refresh_rate=1000, datasets_folder='./project_vg/Data', device='cuda', epochs_num=10, exp_name='default', infer_batch_size=16, lr=0.0001, margin=0.1, neg_samples_num=1000, negs_num_per_query=10, netvlad_clusters=64, num_workers=8, output_folder='runs/default/2022-01-08_11-06-19', patience=3, queries_per_epoch=5000, recall_values=[1, 5, 10, 20], seed=0, train_batch_size=4, train_positives_dist_threshold=10, use_netvlad=True, val_positive_dist_threshold=25)
2022-01-08 11:06:19   The outputs are being saved in runs/default/2022-01-08_11-06-19
2022-01-08 11:06:20   Using 1 GPUs and 6 CPUs
2022-01-08 11:06:23   There are 96 queries without any positives within the training set. They won't be considered as they're useless for training.
2022-01-08 11:06:24   Train query set: < TripletsDataset, pitts30k - #database: 10000; #queries: 7320 >
2022-01-08 11:06:28   Val set: < BaseDataset, pitts30k - #database: 10000; #queries: 7608 >
2022-01-08 11:06:33   Test set: < BaseDataset, pitts30k - #database: 10000; #queries: 6816 >
2022-01-08 11:07:13   Output dimension of the model is 16384
2022-01-08 11:07:13   Start training epoch: 00
2022-01-08 11:51:07   Finished epoch 00 in 0:43:53, average epoch triplet loss = 0.0865
2022-01-08 11:55:17   Recalls on val set < BaseDataset, pitts30k - #database: 10000; #queries: 7608 >: R@1: 36.6, R@5: 58.7, R@10: 68.7, R@20: 79.3
2022-01-08 11:55:18   Improved: previous best R@5 = 0.0, current R@5 = 58.7
2022-01-08 11:55:18   Start training epoch: 01
2022-01-08 12:39:18   Finished epoch 01 in 0:44:00, average epoch triplet loss = 0.0721
2022-01-08 12:43:28   Recalls on val set < BaseDataset, pitts30k - #database: 10000; #queries: 7608 >: R@1: 33.0, R@5: 54.4, R@10: 63.6, R@20: 73.5
2022-01-08 12:43:28   Not improved: 1 / 3: best R@5 = 58.7, current R@5 = 54.4
2022-01-08 12:43:29   Start training epoch: 02
2022-01-08 13:27:31   Finished epoch 02 in 0:44:02, average epoch triplet loss = 0.0548
2022-01-08 13:31:40   Recalls on val set < BaseDataset, pitts30k - #database: 10000; #queries: 7608 >: R@1: 43.0, R@5: 65.6, R@10: 74.9, R@20: 82.7
2022-01-08 13:31:42   Improved: previous best R@5 = 58.7, current R@5 = 65.6
2022-01-08 13:31:42   Start training epoch: 03
2022-01-08 14:15:48   Finished epoch 03 in 0:44:06, average epoch triplet loss = 0.0361
2022-01-08 14:19:58   Recalls on val set < BaseDataset, pitts30k - #database: 10000; #queries: 7608 >: R@1: 49.4, R@5: 72.4, R@10: 79.5, R@20: 85.8
2022-01-08 14:20:00   Improved: previous best R@5 = 65.6, current R@5 = 72.4
2022-01-08 14:20:00   Start training epoch: 04
2022-01-08 15:04:07   Finished epoch 04 in 0:44:07, average epoch triplet loss = 0.0209
2022-01-08 15:08:17   Recalls on val set < BaseDataset, pitts30k - #database: 10000; #queries: 7608 >: R@1: 48.4, R@5: 69.1, R@10: 76.5, R@20: 83.9
2022-01-08 15:08:17   Not improved: 1 / 3: best R@5 = 72.4, current R@5 = 69.1
2022-01-08 15:08:17   Start training epoch: 05
2022-01-08 15:52:31   Finished epoch 05 in 0:44:13, average epoch triplet loss = 0.0124
2022-01-08 15:56:40   Recalls on val set < BaseDataset, pitts30k - #database: 10000; #queries: 7608 >: R@1: 51.9, R@5: 73.3, R@10: 81.0, R@20: 87.2
2022-01-08 15:56:41   Improved: previous best R@5 = 72.4, current R@5 = 73.3
2022-01-08 15:56:41   Start training epoch: 06
2022-01-08 16:40:57   Finished epoch 06 in 0:44:16, average epoch triplet loss = 0.0104
2022-01-08 16:45:07   Recalls on val set < BaseDataset, pitts30k - #database: 10000; #queries: 7608 >: R@1: 50.6, R@5: 71.8, R@10: 80.7, R@20: 86.7
2022-01-08 16:45:07   Not improved: 1 / 3: best R@5 = 73.3, current R@5 = 71.8
2022-01-08 16:45:07   Start training epoch: 07
2022-01-08 17:29:40   Finished epoch 07 in 0:44:32, average epoch triplet loss = 0.0087
2022-01-08 17:33:48   Recalls on val set < BaseDataset, pitts30k - #database: 10000; #queries: 7608 >: R@1: 54.5, R@5: 76.2, R@10: 83.6, R@20: 89.3
2022-01-08 17:33:50   Improved: previous best R@5 = 73.3, current R@5 = 76.2
2022-01-08 17:33:50   Start training epoch: 08
2022-01-08 18:18:19   Finished epoch 08 in 0:44:29, average epoch triplet loss = 0.0077
2022-01-08 18:22:28   Recalls on val set < BaseDataset, pitts30k - #database: 10000; #queries: 7608 >: R@1: 53.7, R@5: 73.9, R@10: 81.5, R@20: 88.2
2022-01-08 18:22:28   Not improved: 1 / 3: best R@5 = 76.2, current R@5 = 73.9
2022-01-08 18:22:28   Start training epoch: 09
2022-01-08 19:06:44   Finished epoch 09 in 0:44:15, average epoch triplet loss = 0.0069
2022-01-08 19:10:54   Recalls on val set < BaseDataset, pitts30k - #database: 10000; #queries: 7608 >: R@1: 53.1, R@5: 73.4, R@10: 81.1, R@20: 87.8
2022-01-08 19:10:54   Not improved: 2 / 3: best R@5 = 76.2, current R@5 = 73.4
2022-01-08 19:10:54   Best R@5: 76.2
2022-01-08 19:10:54   Trained for 10 epochs, in total in 8:04:35
2022-01-08 19:14:49   Recalls on < BaseDataset, pitts30k - #database: 10000; #queries: 6816 >: R@1: 53.2, R@5: 75.2, R@10: 83.4, R@20: 88.9
