2022-01-20 15:38:19   Arguments: Namespace(attention_lr=0.001, augment_input='None', backbone='resnet50moco-conv4', cache_refresh_rate=1000, datasets_folder='./Dataset_pitts30k', device='cuda', downscale_input=False, epochs_num=20, exp_name='default', gem_eps=1e-06, gem_p=3, infer_batch_size=16, lr=1e-05, margin=0.1, momentum=0.9, neg_samples_num=1000, negs_num_per_query=10, netvlad_clusters=64, num_workers=4, output_folder='runs/default/2022-01-20_15-38-19', patience=3, queries_per_epoch=5000, recall_values=[1, 5, 10, 20], save_attention_mask=None, seed=0, test_dataset_name=None, test_model_path=None, train_batch_size=2, train_positives_dist_threshold=10, upscale_input=False, use_adagrad=None, use_attention=None, use_gem=None, use_netvlad=True, use_sgd=None, val_positive_dist_threshold=25)
2022-01-20 15:38:19   The outputs are being saved in runs/default/2022-01-20_15-38-19
2022-01-20 15:38:19   Using 1 GPUs and 4 CPUs
2022-01-20 15:38:20   Loading dataset Pitts30k from folder ./Dataset_pitts30k
2022-01-20 15:38:20   There are 96 queries without any positives within the training set. They won't be considered as they're useless for training.
2022-01-20 15:38:20   Train query set: < TripletsDataset, pitts30k - #database: 10000; #queries: 7320 >
2022-01-20 15:38:20   Val set: < BaseDataset, pitts30k - #database: 10000; #queries: 7608 >
2022-01-20 15:38:20   Test set: < BaseDataset, pitts30k - #database: 10000; #queries: 6816 >
2022-01-20 15:38:21   Cut cov5, Train only conv4 of the ResNet-50 pre-trained by MoCo-v1 team, freeze the previous ones
2022-01-20 15:38:24   Output dimension of the model is 65536
2022-01-20 15:38:24   Start training epoch: 00
2022-01-20 15:38:24   Cache: 0 / 5
2022-01-20 15:51:40   Epoch[00](0/5): current batch triplet loss = 0.0000, average epoch triplet loss = 0.0245
2022-01-20 15:51:40   Cache: 1 / 5
2022-01-20 16:04:58   Epoch[00](1/5): current batch triplet loss = 0.0228, average epoch triplet loss = 0.0229
2022-01-20 16:04:58   Cache: 2 / 5
2022-01-20 16:18:15   Epoch[00](2/5): current batch triplet loss = 0.0000, average epoch triplet loss = 0.0206
2022-01-20 16:18:15   Cache: 3 / 5
2022-01-20 16:31:33   Epoch[00](3/5): current batch triplet loss = 0.0439, average epoch triplet loss = 0.0195
2022-01-20 16:31:33   Cache: 4 / 5
2022-01-20 16:44:52   Epoch[00](4/5): current batch triplet loss = 0.0002, average epoch triplet loss = 0.0184
2022-01-20 16:44:52   Finished epoch 00 in 1:06:27, average epoch triplet loss = 0.0184
2022-01-20 16:44:52   Extracting database features for evaluation/testing
2022-01-20 16:47:16   Extracting queries features for evaluation/testing
2022-01-20 16:49:12   Calculating recalls
2022-01-20 16:51:12   Recalls on val set < BaseDataset, pitts30k - #database: 10000; #queries: 7608 >: R@1: 86.7, R@5: 94.7, R@10: 96.6, R@20: 98.0
2022-01-20 16:51:12   Improved: previous best R@5 = 0.0, current R@5 = 94.7
2022-01-20 16:51:12   Start training epoch: 01
2022-01-20 16:51:12   Cache: 0 / 5
2022-01-20 17:04:48   Epoch[01](0/5): current batch triplet loss = 0.0300, average epoch triplet loss = 0.0125
2022-01-20 17:04:48   Cache: 1 / 5
2022-01-20 17:18:22   Epoch[01](1/5): current batch triplet loss = 0.0066, average epoch triplet loss = 0.0121
2022-01-20 17:18:22   Cache: 2 / 5
2022-01-20 17:31:54   Epoch[01](2/5): current batch triplet loss = 0.0539, average epoch triplet loss = 0.0111
2022-01-20 17:31:54   Cache: 3 / 5
2022-01-20 17:46:03   Epoch[01](3/5): current batch triplet loss = 0.0076, average epoch triplet loss = 0.0109
2022-01-20 17:46:03   Cache: 4 / 5
2022-01-20 18:00:10   Epoch[01](4/5): current batch triplet loss = 0.0160, average epoch triplet loss = 0.0106
2022-01-20 18:00:10   Finished epoch 01 in 1:08:58, average epoch triplet loss = 0.0106
2022-01-20 18:00:10   Extracting database features for evaluation/testing
2022-01-20 18:02:46   Extracting queries features for evaluation/testing
2022-01-20 18:04:37   Calculating recalls
2022-01-20 18:06:38   Recalls on val set < BaseDataset, pitts30k - #database: 10000; #queries: 7608 >: R@1: 87.8, R@5: 95.8, R@10: 97.3, R@20: 98.2
2022-01-20 18:06:39   Improved: previous best R@5 = 94.7, current R@5 = 95.8
2022-01-20 18:06:39   Start training epoch: 02
2022-01-20 18:06:39   Cache: 0 / 5
2022-01-20 18:20:46   Epoch[02](0/5): current batch triplet loss = 0.0033, average epoch triplet loss = 0.0076
2022-01-20 18:20:46   Cache: 1 / 5
2022-01-20 18:34:54   Epoch[02](1/5): current batch triplet loss = 0.0104, average epoch triplet loss = 0.0075
2022-01-20 18:34:54   Cache: 2 / 5
2022-01-20 18:49:02   Epoch[02](2/5): current batch triplet loss = 0.0000, average epoch triplet loss = 0.0075
2022-01-20 18:49:02   Cache: 3 / 5
2022-01-20 19:03:10   Epoch[02](3/5): current batch triplet loss = 0.0120, average epoch triplet loss = 0.0074
2022-01-20 19:03:10   Cache: 4 / 5
2022-01-20 19:17:18   Epoch[02](4/5): current batch triplet loss = 0.0055, average epoch triplet loss = 0.0072
2022-01-20 19:17:18   Finished epoch 02 in 1:10:39, average epoch triplet loss = 0.0072
2022-01-20 19:17:18   Extracting database features for evaluation/testing
2022-01-20 19:19:47   Extracting queries features for evaluation/testing
2022-01-20 19:21:37   Calculating recalls
2022-01-20 19:23:38   Recalls on val set < BaseDataset, pitts30k - #database: 10000; #queries: 7608 >: R@1: 87.8, R@5: 95.3, R@10: 96.8, R@20: 97.9
2022-01-20 19:23:38   Not improved: 1 / 3: best R@5 = 95.8, current R@5 = 95.3
2022-01-20 19:23:38   Start training epoch: 03
2022-01-20 19:23:38   Cache: 0 / 5
2022-01-20 19:37:56   Epoch[03](0/5): current batch triplet loss = 0.0000, average epoch triplet loss = 0.0061
2022-01-20 19:37:56   Cache: 1 / 5
2022-01-20 19:52:15   Epoch[03](1/5): current batch triplet loss = 0.0029, average epoch triplet loss = 0.0067
2022-01-20 19:52:15   Cache: 2 / 5
2022-01-20 20:06:33   Epoch[03](2/5): current batch triplet loss = 0.0014, average epoch triplet loss = 0.0068
2022-01-20 20:06:33   Cache: 3 / 5
2022-01-20 20:20:50   Epoch[03](3/5): current batch triplet loss = 0.0497, average epoch triplet loss = 0.0065
2022-01-20 20:20:50   Cache: 4 / 5
2022-01-20 20:35:00   Epoch[03](4/5): current batch triplet loss = 0.0150, average epoch triplet loss = 0.0065
2022-01-20 20:35:00   Finished epoch 03 in 1:11:22, average epoch triplet loss = 0.0065
2022-01-20 20:35:00   Extracting database features for evaluation/testing
2022-01-20 20:37:25   Extracting queries features for evaluation/testing
2022-01-20 20:39:21   Calculating recalls
2022-01-20 20:41:23   Recalls on val set < BaseDataset, pitts30k - #database: 10000; #queries: 7608 >: R@1: 87.2, R@5: 94.9, R@10: 96.7, R@20: 98.0
2022-01-20 20:41:24   Not improved: 2 / 3: best R@5 = 95.8, current R@5 = 94.9
2022-01-20 20:41:24   Start training epoch: 04
2022-01-20 20:41:24   Cache: 0 / 5
2022-01-20 20:55:29   Epoch[04](0/5): current batch triplet loss = 0.0003, average epoch triplet loss = 0.0061
2022-01-20 20:55:29   Cache: 1 / 5
2022-01-20 21:09:31   Epoch[04](1/5): current batch triplet loss = 0.0024, average epoch triplet loss = 0.0059
2022-01-20 21:09:31   Cache: 2 / 5
2022-01-20 21:23:34   Epoch[04](2/5): current batch triplet loss = 0.0000, average epoch triplet loss = 0.0058
2022-01-20 21:23:34   Cache: 3 / 5
2022-01-20 21:37:38   Epoch[04](3/5): current batch triplet loss = 0.0060, average epoch triplet loss = 0.0059
2022-01-20 21:37:38   Cache: 4 / 5
2022-01-20 21:51:41   Epoch[04](4/5): current batch triplet loss = 0.0000, average epoch triplet loss = 0.0058
2022-01-20 21:51:41   Finished epoch 04 in 1:10:17, average epoch triplet loss = 0.0058
2022-01-20 21:51:41   Extracting database features for evaluation/testing
2022-01-20 21:54:07   Extracting queries features for evaluation/testing
2022-01-20 21:56:00   Calculating recalls
2022-01-20 21:58:01   Recalls on val set < BaseDataset, pitts30k - #database: 10000; #queries: 7608 >: R@1: 86.5, R@5: 94.7, R@10: 96.6, R@20: 97.8
2022-01-20 21:58:01   Not improved: 3 / 3: best R@5 = 95.8, current R@5 = 94.7
2022-01-20 21:58:01   Performance did not improve for 3 epochs. Stop training.
2022-01-20 21:58:01   Best R@5: 95.8
2022-01-20 21:58:01   Trained for 05 epochs, in total in 6:19:41
2022-01-20 21:58:01   Extracting database features for evaluation/testing
2022-01-20 22:00:26   Extracting queries features for evaluation/testing
2022-01-20 22:02:06   Calculating recalls
2022-01-20 22:03:54   Recalls on < BaseDataset, pitts30k - #database: 10000; #queries: 6816 >: R@1: 85.1, R@5: 92.2, R@10: 94.4, R@20: 96.1
