2022-01-20 15:38:19   Arguments: Namespace(attention_lr=0.001, augment_input='None', backbone='resnet50moco-conv4', cache_refresh_rate=1000, datasets_folder='./Dataset_pitts30k', device='cuda', downscale_input=False, epochs_num=20, exp_name='default', gem_eps=1e-06, gem_p=3, infer_batch_size=16, lr=1e-05, margin=0.1, momentum=0.9, neg_samples_num=1000, negs_num_per_query=10, netvlad_clusters=64, num_workers=4, output_folder='runs/default/2022-01-20_15-38-19', patience=3, queries_per_epoch=5000, recall_values=[1, 5, 10, 20], save_attention_mask=None, seed=0, test_dataset_name=None, test_model_path=None, train_batch_size=2, train_positives_dist_threshold=10, upscale_input=False, use_adagrad=None, use_attention=None, use_gem=None, use_netvlad=True, use_sgd=None, val_positive_dist_threshold=25)
2022-01-20 15:38:19   The outputs are being saved in runs/default/2022-01-20_15-38-19
2022-01-20 15:38:19   Using 1 GPUs and 4 CPUs
2022-01-20 15:38:20   There are 96 queries without any positives within the training set. They won't be considered as they're useless for training.
2022-01-20 15:38:20   Train query set: < TripletsDataset, pitts30k - #database: 10000; #queries: 7320 >
2022-01-20 15:38:20   Val set: < BaseDataset, pitts30k - #database: 10000; #queries: 7608 >
2022-01-20 15:38:20   Test set: < BaseDataset, pitts30k - #database: 10000; #queries: 6816 >
2022-01-20 15:38:24   Output dimension of the model is 65536
2022-01-20 15:38:24   Start training epoch: 00
2022-01-20 16:44:52   Finished epoch 00 in 1:06:27, average epoch triplet loss = 0.0184
2022-01-20 16:51:12   Recalls on val set < BaseDataset, pitts30k - #database: 10000; #queries: 7608 >: R@1: 86.7, R@5: 94.7, R@10: 96.6, R@20: 98.0
2022-01-20 16:51:12   Improved: previous best R@5 = 0.0, current R@5 = 94.7
2022-01-20 16:51:12   Start training epoch: 01
2022-01-20 18:00:10   Finished epoch 01 in 1:08:58, average epoch triplet loss = 0.0106
2022-01-20 18:06:38   Recalls on val set < BaseDataset, pitts30k - #database: 10000; #queries: 7608 >: R@1: 87.8, R@5: 95.8, R@10: 97.3, R@20: 98.2
2022-01-20 18:06:39   Improved: previous best R@5 = 94.7, current R@5 = 95.8
2022-01-20 18:06:39   Start training epoch: 02
2022-01-20 19:17:18   Finished epoch 02 in 1:10:39, average epoch triplet loss = 0.0072
2022-01-20 19:23:38   Recalls on val set < BaseDataset, pitts30k - #database: 10000; #queries: 7608 >: R@1: 87.8, R@5: 95.3, R@10: 96.8, R@20: 97.9
2022-01-20 19:23:38   Not improved: 1 / 3: best R@5 = 95.8, current R@5 = 95.3
2022-01-20 19:23:38   Start training epoch: 03
2022-01-20 20:35:00   Finished epoch 03 in 1:11:22, average epoch triplet loss = 0.0065
2022-01-20 20:41:23   Recalls on val set < BaseDataset, pitts30k - #database: 10000; #queries: 7608 >: R@1: 87.2, R@5: 94.9, R@10: 96.7, R@20: 98.0
2022-01-20 20:41:24   Not improved: 2 / 3: best R@5 = 95.8, current R@5 = 94.9
2022-01-20 20:41:24   Start training epoch: 04
2022-01-20 21:51:41   Finished epoch 04 in 1:10:17, average epoch triplet loss = 0.0058
2022-01-20 21:58:01   Recalls on val set < BaseDataset, pitts30k - #database: 10000; #queries: 7608 >: R@1: 86.5, R@5: 94.7, R@10: 96.6, R@20: 97.8
2022-01-20 21:58:01   Not improved: 3 / 3: best R@5 = 95.8, current R@5 = 94.7
2022-01-20 21:58:01   Performance did not improve for 3 epochs. Stop training.
2022-01-20 21:58:01   Best R@5: 95.8
2022-01-20 21:58:01   Trained for 05 epochs, in total in 6:19:41
2022-01-20 22:03:54   Recalls on < BaseDataset, pitts30k - #database: 10000; #queries: 6816 >: R@1: 85.1, R@5: 92.2, R@10: 94.4, R@20: 96.1
