2022-01-14 06:55:49   Arguments: Namespace(backbone='resnet18', use_netvlad=True, netvlad_clusters=64, use_gem=None, gem_p=3, gem_eps=1e-06, use_sgd=None, use_adagrad=None, momentum=0.9, train_batch_size=4, infer_batch_size=16, margin=0.1, epochs_num=20, patience=3, lr=1e-06, cache_refresh_rate=1000, queries_per_epoch=5000, negs_num_per_query=10, neg_samples_num=1000, seed=0, device='cuda', num_workers=8, val_positive_dist_threshold=25, train_positives_dist_threshold=10, recall_values=[1, 5, 10, 20], datasets_folder='./Dataset_pitts30k', exp_name='default', test_dataset_name=None, test_model_path=None, output_folder='runs/default/2022-01-14_06-55-49')
2022-01-14 06:55:49   The outputs are being saved in runs/default/2022-01-14_06-55-49
2022-01-14 06:55:49   Using 1 GPUs and 12 CPUs
2022-01-14 06:55:49   There are 96 queries without any positives within the training set. They won't be considered as they're useless for training.
2022-01-14 06:55:49   Train query set: < TripletsDataset, pitts30k - #database: 10000; #queries: 7320 >
2022-01-14 06:55:49   Val set: < BaseDataset, pitts30k - #database: 10000; #queries: 7608 >
2022-01-14 06:55:49   Test set: < BaseDataset, pitts30k - #database: 10000; #queries: 6816 >
2022-01-14 06:55:54   Output dimension of the model is 16384
2022-01-14 06:55:54   Start training epoch: 00
2022-01-14 07:10:17   Finished epoch 00 in 0:14:22, average epoch triplet loss = 0.0840
2022-01-14 07:12:29   Recalls on val set < BaseDataset, pitts30k - #database: 10000; #queries: 7608 >: R@1: 57.8, R@5: 75.8, R@10: 82.6, R@20: 88.0
2022-01-14 07:12:29   Improved: previous best R@5 = 0.0, current R@5 = 75.8
2022-01-14 07:12:29   Start training epoch: 01
2022-01-14 07:26:49   Finished epoch 01 in 0:14:20, average epoch triplet loss = 0.0817
2022-01-14 07:28:55   Recalls on val set < BaseDataset, pitts30k - #database: 10000; #queries: 7608 >: R@1: 66.2, R@5: 83.1, R@10: 88.3, R@20: 92.4
2022-01-14 07:28:55   Improved: previous best R@5 = 75.8, current R@5 = 83.1
2022-01-14 07:28:55   Start training epoch: 02
2022-01-14 07:43:17   Finished epoch 02 in 0:14:22, average epoch triplet loss = 0.0807
2022-01-14 07:45:34   Recalls on val set < BaseDataset, pitts30k - #database: 10000; #queries: 7608 >: R@1: 70.8, R@5: 86.3, R@10: 90.9, R@20: 94.3
2022-01-14 07:45:34   Improved: previous best R@5 = 83.1, current R@5 = 86.3
2022-01-14 07:45:34   Start training epoch: 03
2022-01-14 07:59:54   Finished epoch 03 in 0:14:20, average epoch triplet loss = 0.0796
2022-01-14 08:01:56   Recalls on val set < BaseDataset, pitts30k - #database: 10000; #queries: 7608 >: R@1: 74.3, R@5: 88.3, R@10: 92.3, R@20: 95.1
2022-01-14 08:01:56   Improved: previous best R@5 = 86.3, current R@5 = 88.3
2022-01-14 08:01:56   Start training epoch: 04
2022-01-14 08:16:16   Finished epoch 04 in 0:14:19, average epoch triplet loss = 0.0793
2022-01-14 08:18:08   Recalls on val set < BaseDataset, pitts30k - #database: 10000; #queries: 7608 >: R@1: 76.3, R@5: 89.5, R@10: 93.1, R@20: 95.8
2022-01-14 08:18:08   Improved: previous best R@5 = 88.3, current R@5 = 89.5
2022-01-14 08:18:08   Start training epoch: 05
2022-01-14 08:32:27   Finished epoch 05 in 0:14:18, average epoch triplet loss = 0.0781
2022-01-14 08:34:36   Recalls on val set < BaseDataset, pitts30k - #database: 10000; #queries: 7608 >: R@1: 77.9, R@5: 90.3, R@10: 93.8, R@20: 96.0
2022-01-14 08:34:37   Improved: previous best R@5 = 89.5, current R@5 = 90.3
2022-01-14 08:34:37   Start training epoch: 06
2022-01-14 08:48:57   Finished epoch 06 in 0:14:20, average epoch triplet loss = 0.0776
2022-01-14 08:51:10   Recalls on val set < BaseDataset, pitts30k - #database: 10000; #queries: 7608 >: R@1: 79.1, R@5: 90.9, R@10: 94.1, R@20: 96.3
2022-01-14 08:51:10   Improved: previous best R@5 = 90.3, current R@5 = 90.9
2022-01-14 08:51:10   Start training epoch: 07
2022-01-14 09:05:31   Finished epoch 07 in 0:14:20, average epoch triplet loss = 0.0768
2022-01-14 09:07:30   Recalls on val set < BaseDataset, pitts30k - #database: 10000; #queries: 7608 >: R@1: 80.0, R@5: 91.5, R@10: 94.3, R@20: 96.5
2022-01-14 09:07:31   Improved: previous best R@5 = 90.9, current R@5 = 91.5
2022-01-14 09:07:31   Start training epoch: 08
2022-01-14 09:21:50   Finished epoch 08 in 0:14:19, average epoch triplet loss = 0.0762
2022-01-14 09:23:55   Recalls on val set < BaseDataset, pitts30k - #database: 10000; #queries: 7608 >: R@1: 80.7, R@5: 91.9, R@10: 94.6, R@20: 96.7
2022-01-14 09:23:55   Improved: previous best R@5 = 91.5, current R@5 = 91.9
2022-01-14 09:23:55   Start training epoch: 09
2022-01-14 09:38:34   Finished epoch 09 in 0:14:38, average epoch triplet loss = 0.0758
2022-01-14 09:40:34   Recalls on val set < BaseDataset, pitts30k - #database: 10000; #queries: 7608 >: R@1: 81.1, R@5: 92.1, R@10: 94.8, R@20: 96.7
2022-01-14 09:40:34   Improved: previous best R@5 = 91.9, current R@5 = 92.1
2022-01-14 09:40:34   Start training epoch: 10
2022-01-14 09:54:54   Finished epoch 10 in 0:14:19, average epoch triplet loss = 0.0743
2022-01-14 09:56:59   Recalls on val set < BaseDataset, pitts30k - #database: 10000; #queries: 7608 >: R@1: 81.7, R@5: 92.5, R@10: 95.1, R@20: 96.9
2022-01-14 09:57:00   Improved: previous best R@5 = 92.1, current R@5 = 92.5
2022-01-14 09:57:00   Start training epoch: 11
2022-01-14 10:11:21   Finished epoch 11 in 0:14:21, average epoch triplet loss = 0.0743
2022-01-14 10:13:05   Recalls on val set < BaseDataset, pitts30k - #database: 10000; #queries: 7608 >: R@1: 81.8, R@5: 92.5, R@10: 95.0, R@20: 96.8
2022-01-14 10:13:06   Improved: previous best R@5 = 92.5, current R@5 = 92.5
2022-01-14 10:13:06   Start training epoch: 12
