2022-01-20 01:27:33   Arguments: Namespace(upscale_input=False, downscale_input=False, augment_input='None', backbone='resnet18', use_netvlad=True, netvlad_clusters=64, use_gem=None, gem_p=3, gem_eps=1e-06, use_attention='cbam', attention_lr=0.1, use_sgd=None, use_adagrad=None, momentum=0.9, train_batch_size=4, infer_batch_size=16, margin=0.1, epochs_num=20, patience=3, lr=1e-05, cache_refresh_rate=1000, queries_per_epoch=5000, negs_num_per_query=10, neg_samples_num=1000, seed=0, device='cuda', num_workers=8, val_positive_dist_threshold=25, train_positives_dist_threshold=10, recall_values=[1, 5, 10, 20], datasets_folder='./Dataset_pitts30k', exp_name='default', test_dataset_name=None, test_model_path=None, save_attention_mask=None, output_folder='runs/default/2022-01-20_01-27-33')
2022-01-20 01:27:33   The outputs are being saved in runs/default/2022-01-20_01-27-33
2022-01-20 01:27:33   Using 1 GPUs and 12 CPUs
2022-01-20 01:27:33   Loading dataset Pitts30k from folder ./Dataset_pitts30k
2022-01-20 01:27:33   There are 96 queries without any positives within the training set. They won't be considered as they're useless for training.
2022-01-20 01:27:33   Train query set: < TripletsDataset, pitts30k - #database: 10000; #queries: 7320 >
2022-01-20 01:27:33   Val set: < BaseDataset, pitts30k - #database: 10000; #queries: 7608 >
2022-01-20 01:27:33   Test set: < BaseDataset, pitts30k - #database: 10000; #queries: 6816 >
2022-01-20 01:27:33   Train only conv4 of the ResNet-18 (remove conv5), freeze the previous ones
2022-01-20 01:27:39   Output dimension of the model is 16384
2022-01-20 01:27:39   Start training epoch: 00
2022-01-20 01:27:39   Cache: 0 / 5
2022-01-20 01:30:37   Epoch[00](0/5): current batch triplet loss = 0.0380, average epoch triplet loss = 0.0368
2022-01-20 01:30:37   Cache: 1 / 5
2022-01-20 01:33:38   Epoch[00](1/5): current batch triplet loss = 0.0416, average epoch triplet loss = 0.0345
2022-01-20 01:33:38   Cache: 2 / 5
2022-01-20 01:36:36   Epoch[00](2/5): current batch triplet loss = 0.0179, average epoch triplet loss = 0.0326
2022-01-20 01:36:36   Cache: 3 / 5
2022-01-20 01:39:38   Epoch[00](3/5): current batch triplet loss = 0.0361, average epoch triplet loss = 0.0313
2022-01-20 01:39:38   Cache: 4 / 5
2022-01-20 01:42:38   Epoch[00](4/5): current batch triplet loss = 0.0414, average epoch triplet loss = 0.0306
2022-01-20 01:42:38   Finished epoch 00 in 0:14:59, average epoch triplet loss = 0.0306
2022-01-20 01:42:38   Extracting database features for evaluation/testing
2022-01-20 01:43:32   Extracting queries features for evaluation/testing
2022-01-20 01:44:20   Calculating recalls
2022-01-20 01:44:42   Recalls on val set < BaseDataset, pitts30k - #database: 10000; #queries: 7608 >: R@1: 85.8, R@5: 94.6, R@10: 96.7, R@20: 97.9
2022-01-20 01:44:42   Improved: previous best R@5 = 0.0, current R@5 = 94.6
2022-01-20 01:44:42   Start training epoch: 01
2022-01-20 01:44:42   Cache: 0 / 5
2022-01-20 01:47:38   Epoch[01](0/5): current batch triplet loss = 0.0532, average epoch triplet loss = 0.0256
2022-01-20 01:47:38   Cache: 1 / 5
2022-01-20 01:50:52   Epoch[01](1/5): current batch triplet loss = 0.0239, average epoch triplet loss = 0.0253
2022-01-20 01:50:52   Cache: 2 / 5
2022-01-20 01:53:51   Epoch[01](2/5): current batch triplet loss = 0.0382, average epoch triplet loss = 0.0246
2022-01-20 01:53:51   Cache: 3 / 5
2022-01-20 01:56:53   Epoch[01](3/5): current batch triplet loss = 0.0289, average epoch triplet loss = 0.0244
2022-01-20 01:56:53   Cache: 4 / 5
2022-01-20 01:59:52   Epoch[01](4/5): current batch triplet loss = 0.0473, average epoch triplet loss = 0.0244
2022-01-20 01:59:52   Finished epoch 01 in 0:15:09, average epoch triplet loss = 0.0244
2022-01-20 01:59:52   Extracting database features for evaluation/testing
2022-01-20 02:00:52   Extracting queries features for evaluation/testing
2022-01-20 02:01:43   Calculating recalls
2022-01-20 02:02:07   Recalls on val set < BaseDataset, pitts30k - #database: 10000; #queries: 7608 >: R@1: 87.4, R@5: 95.7, R@10: 97.3, R@20: 98.4
2022-01-20 02:02:08   Improved: previous best R@5 = 94.6, current R@5 = 95.7
2022-01-20 02:02:08   Start training epoch: 02
2022-01-20 02:02:08   Cache: 0 / 5
2022-01-20 02:05:03   Epoch[02](0/5): current batch triplet loss = 0.0208, average epoch triplet loss = 0.0221
2022-01-20 02:05:03   Cache: 1 / 5
2022-01-20 02:08:02   Epoch[02](1/5): current batch triplet loss = 0.0091, average epoch triplet loss = 0.0221
2022-01-20 02:08:02   Cache: 2 / 5
2022-01-20 02:11:04   Epoch[02](2/5): current batch triplet loss = 0.0067, average epoch triplet loss = 0.0217
2022-01-20 02:11:04   Cache: 3 / 5
2022-01-20 02:14:03   Epoch[02](3/5): current batch triplet loss = 0.0093, average epoch triplet loss = 0.0213
2022-01-20 02:14:03   Cache: 4 / 5
2022-01-20 02:17:02   Epoch[02](4/5): current batch triplet loss = 0.0085, average epoch triplet loss = 0.0211
2022-01-20 02:17:02   Finished epoch 02 in 0:14:54, average epoch triplet loss = 0.0211
2022-01-20 02:17:02   Extracting database features for evaluation/testing
2022-01-20 02:17:59   Extracting queries features for evaluation/testing
2022-01-20 02:18:53   Calculating recalls
2022-01-20 02:19:18   Recalls on val set < BaseDataset, pitts30k - #database: 10000; #queries: 7608 >: R@1: 88.1, R@5: 95.8, R@10: 97.4, R@20: 98.5
2022-01-20 02:19:18   Improved: previous best R@5 = 95.7, current R@5 = 95.8
2022-01-20 02:19:18   Start training epoch: 03
2022-01-20 02:19:18   Cache: 0 / 5
2022-01-20 02:22:14   Epoch[03](0/5): current batch triplet loss = 0.0016, average epoch triplet loss = 0.0178
2022-01-20 02:22:14   Cache: 1 / 5
2022-01-20 02:25:12   Epoch[03](1/5): current batch triplet loss = 0.0215, average epoch triplet loss = 0.0191
2022-01-20 02:25:12   Cache: 2 / 5
2022-01-20 02:28:12   Epoch[03](2/5): current batch triplet loss = 0.0199, average epoch triplet loss = 0.0196
2022-01-20 02:28:12   Cache: 3 / 5
2022-01-20 02:31:11   Epoch[03](3/5): current batch triplet loss = 0.0679, average epoch triplet loss = 0.0194
2022-01-20 02:31:11   Cache: 4 / 5
2022-01-20 02:34:10   Epoch[03](4/5): current batch triplet loss = 0.0238, average epoch triplet loss = 0.0196
2022-01-20 02:34:10   Finished epoch 03 in 0:14:51, average epoch triplet loss = 0.0196
2022-01-20 02:34:10   Extracting database features for evaluation/testing
2022-01-20 02:35:06   Extracting queries features for evaluation/testing
2022-01-20 02:36:00   Calculating recalls
2022-01-20 02:36:25   Recalls on val set < BaseDataset, pitts30k - #database: 10000; #queries: 7608 >: R@1: 87.9, R@5: 95.8, R@10: 97.5, R@20: 98.4
2022-01-20 02:36:26   Improved: previous best R@5 = 95.8, current R@5 = 95.8
2022-01-20 02:36:26   Start training epoch: 04
2022-01-20 02:36:26   Cache: 0 / 5
2022-01-20 02:39:21   Epoch[04](0/5): current batch triplet loss = 0.0017, average epoch triplet loss = 0.0181
2022-01-20 02:39:21   Cache: 1 / 5
2022-01-20 02:42:20   Epoch[04](1/5): current batch triplet loss = 0.0191, average epoch triplet loss = 0.0180
2022-01-20 02:42:20   Cache: 2 / 5
2022-01-20 02:45:16   Epoch[04](2/5): current batch triplet loss = 0.0237, average epoch triplet loss = 0.0178
2022-01-20 02:45:16   Cache: 3 / 5
2022-01-20 02:48:16   Epoch[04](3/5): current batch triplet loss = 0.0176, average epoch triplet loss = 0.0181
2022-01-20 02:48:16   Cache: 4 / 5
2022-01-20 02:51:18   Epoch[04](4/5): current batch triplet loss = 0.0079, average epoch triplet loss = 0.0183
2022-01-20 02:51:18   Finished epoch 04 in 0:14:52, average epoch triplet loss = 0.0183
2022-01-20 02:51:18   Extracting database features for evaluation/testing
2022-01-20 02:52:10   Extracting queries features for evaluation/testing
2022-01-20 02:53:02   Calculating recalls
2022-01-20 02:53:24   Recalls on val set < BaseDataset, pitts30k - #database: 10000; #queries: 7608 >: R@1: 88.3, R@5: 95.9, R@10: 97.5, R@20: 98.4
2022-01-20 02:53:24   Improved: previous best R@5 = 95.8, current R@5 = 95.9
2022-01-20 02:53:24   Start training epoch: 05
2022-01-20 02:53:24   Cache: 0 / 5
2022-01-20 02:56:20   Epoch[05](0/5): current batch triplet loss = 0.0064, average epoch triplet loss = 0.0177
2022-01-20 02:56:20   Cache: 1 / 5
2022-01-20 02:59:19   Epoch[05](1/5): current batch triplet loss = 0.0250, average epoch triplet loss = 0.0170
2022-01-20 02:59:19   Cache: 2 / 5
2022-01-20 03:02:17   Epoch[05](2/5): current batch triplet loss = 0.0017, average epoch triplet loss = 0.0173
2022-01-20 03:02:17   Cache: 3 / 5
2022-01-20 03:05:16   Epoch[05](3/5): current batch triplet loss = 0.0126, average epoch triplet loss = 0.0171
2022-01-20 03:05:16   Cache: 4 / 5
2022-01-20 03:08:16   Epoch[05](4/5): current batch triplet loss = 0.0213, average epoch triplet loss = 0.0170
2022-01-20 03:08:16   Finished epoch 05 in 0:14:51, average epoch triplet loss = 0.0170
2022-01-20 03:08:16   Extracting database features for evaluation/testing
2022-01-20 03:09:11   Extracting queries features for evaluation/testing
2022-01-20 03:10:03   Calculating recalls
2022-01-20 03:10:25   Recalls on val set < BaseDataset, pitts30k - #database: 10000; #queries: 7608 >: R@1: 88.2, R@5: 95.9, R@10: 97.4, R@20: 98.6
2022-01-20 03:10:25   Not improved: 1 / 3: best R@5 = 95.9, current R@5 = 95.9
2022-01-20 03:10:25   Start training epoch: 06
2022-01-20 03:10:25   Cache: 0 / 5
2022-01-20 03:13:21   Epoch[06](0/5): current batch triplet loss = 0.0376, average epoch triplet loss = 0.0182
2022-01-20 03:13:21   Cache: 1 / 5
2022-01-20 03:16:20   Epoch[06](1/5): current batch triplet loss = 0.0036, average epoch triplet loss = 0.0175
2022-01-20 03:16:20   Cache: 2 / 5
2022-01-20 03:19:30   Epoch[06](2/5): current batch triplet loss = 0.0031, average epoch triplet loss = 0.0169
2022-01-20 03:19:30   Cache: 3 / 5
2022-01-20 03:22:33   Epoch[06](3/5): current batch triplet loss = 0.0205, average epoch triplet loss = 0.0170
2022-01-20 03:22:33   Cache: 4 / 5
2022-01-20 03:25:36   Epoch[06](4/5): current batch triplet loss = 0.0049, average epoch triplet loss = 0.0169
2022-01-20 03:25:36   Finished epoch 06 in 0:15:11, average epoch triplet loss = 0.0169
2022-01-20 03:25:36   Extracting database features for evaluation/testing
2022-01-20 03:26:35   Extracting queries features for evaluation/testing
2022-01-20 03:27:27   Calculating recalls
2022-01-20 03:27:52   Recalls on val set < BaseDataset, pitts30k - #database: 10000; #queries: 7608 >: R@1: 88.4, R@5: 96.0, R@10: 97.4, R@20: 98.6
2022-01-20 03:27:52   Improved: previous best R@5 = 95.9, current R@5 = 96.0
2022-01-20 03:27:52   Start training epoch: 07
2022-01-20 03:27:52   Cache: 0 / 5
2022-01-20 03:30:49   Epoch[07](0/5): current batch triplet loss = 0.0102, average epoch triplet loss = 0.0165
2022-01-20 03:30:49   Cache: 1 / 5
2022-01-20 03:33:48   Epoch[07](1/5): current batch triplet loss = 0.0045, average epoch triplet loss = 0.0160
2022-01-20 03:33:48   Cache: 2 / 5
2022-01-20 03:36:47   Epoch[07](2/5): current batch triplet loss = 0.0356, average epoch triplet loss = 0.0158
2022-01-20 03:36:47   Cache: 3 / 5
2022-01-20 03:39:47   Epoch[07](3/5): current batch triplet loss = 0.0092, average epoch triplet loss = 0.0159
2022-01-20 03:39:47   Cache: 4 / 5
2022-01-20 03:42:45   Epoch[07](4/5): current batch triplet loss = 0.0081, average epoch triplet loss = 0.0156
2022-01-20 03:42:45   Finished epoch 07 in 0:14:53, average epoch triplet loss = 0.0156
2022-01-20 03:42:45   Extracting database features for evaluation/testing
2022-01-20 03:43:40   Extracting queries features for evaluation/testing
2022-01-20 03:44:32   Calculating recalls
2022-01-20 03:44:54   Recalls on val set < BaseDataset, pitts30k - #database: 10000; #queries: 7608 >: R@1: 88.4, R@5: 96.0, R@10: 97.5, R@20: 98.5
2022-01-20 03:44:54   Improved: previous best R@5 = 96.0, current R@5 = 96.0
2022-01-20 03:44:54   Start training epoch: 08
2022-01-20 03:44:54   Cache: 0 / 5
2022-01-20 03:47:50   Epoch[08](0/5): current batch triplet loss = 0.0054, average epoch triplet loss = 0.0153
2022-01-20 03:47:50   Cache: 1 / 5
2022-01-20 03:51:01   Epoch[08](1/5): current batch triplet loss = 0.0218, average epoch triplet loss = 0.0156
2022-01-20 03:51:01   Cache: 2 / 5
2022-01-20 03:54:00   Epoch[08](2/5): current batch triplet loss = 0.0067, average epoch triplet loss = 0.0156
2022-01-20 03:54:00   Cache: 3 / 5
2022-01-20 03:57:03   Epoch[08](3/5): current batch triplet loss = 0.0052, average epoch triplet loss = 0.0156
2022-01-20 03:57:03   Cache: 4 / 5
2022-01-20 04:00:03   Epoch[08](4/5): current batch triplet loss = 0.0096, average epoch triplet loss = 0.0155
2022-01-20 04:00:03   Finished epoch 08 in 0:15:08, average epoch triplet loss = 0.0155
2022-01-20 04:00:03   Extracting database features for evaluation/testing
2022-01-20 04:00:57   Extracting queries features for evaluation/testing
2022-01-20 04:01:49   Calculating recalls
2022-01-20 04:02:13   Recalls on val set < BaseDataset, pitts30k - #database: 10000; #queries: 7608 >: R@1: 88.5, R@5: 95.8, R@10: 97.4, R@20: 98.6
2022-01-20 04:02:14   Not improved: 1 / 3: best R@5 = 96.0, current R@5 = 95.8
2022-01-20 04:02:14   Start training epoch: 09
2022-01-20 04:02:14   Cache: 0 / 5
2022-01-20 04:05:10   Epoch[09](0/5): current batch triplet loss = 0.0163, average epoch triplet loss = 0.0149
2022-01-20 04:05:10   Cache: 1 / 5
2022-01-20 04:08:06   Epoch[09](1/5): current batch triplet loss = 0.0026, average epoch triplet loss = 0.0145
2022-01-20 04:08:06   Cache: 2 / 5
2022-01-20 04:11:09   Epoch[09](2/5): current batch triplet loss = 0.0065, average epoch triplet loss = 0.0146
2022-01-20 04:11:09   Cache: 3 / 5
2022-01-20 04:14:16   Epoch[09](3/5): current batch triplet loss = 0.0207, average epoch triplet loss = 0.0147
2022-01-20 04:14:16   Cache: 4 / 5
2022-01-20 04:17:15   Epoch[09](4/5): current batch triplet loss = 0.0132, average epoch triplet loss = 0.0147
2022-01-20 04:17:15   Finished epoch 09 in 0:15:01, average epoch triplet loss = 0.0147
2022-01-20 04:17:15   Extracting database features for evaluation/testing
2022-01-20 04:18:11   Extracting queries features for evaluation/testing
2022-01-20 04:19:05   Calculating recalls
2022-01-20 04:19:29   Recalls on val set < BaseDataset, pitts30k - #database: 10000; #queries: 7608 >: R@1: 88.5, R@5: 96.0, R@10: 97.5, R@20: 98.5
2022-01-20 04:19:29   Not improved: 2 / 3: best R@5 = 96.0, current R@5 = 96.0
2022-01-20 04:19:29   Start training epoch: 10
2022-01-20 04:19:29   Cache: 0 / 5
2022-01-20 04:22:29   Epoch[10](0/5): current batch triplet loss = 0.0013, average epoch triplet loss = 0.0129
2022-01-20 04:22:29   Cache: 1 / 5
2022-01-20 04:25:32   Epoch[10](1/5): current batch triplet loss = 0.0355, average epoch triplet loss = 0.0131
2022-01-20 04:25:32   Cache: 2 / 5
2022-01-20 04:28:36   Epoch[10](2/5): current batch triplet loss = 0.0621, average epoch triplet loss = 0.0136
2022-01-20 04:28:36   Cache: 3 / 5
2022-01-20 04:31:39   Epoch[10](3/5): current batch triplet loss = 0.0080, average epoch triplet loss = 0.0136
2022-01-20 04:31:39   Cache: 4 / 5
2022-01-20 04:34:38   Epoch[10](4/5): current batch triplet loss = 0.0120, average epoch triplet loss = 0.0138
2022-01-20 04:34:38   Finished epoch 10 in 0:15:09, average epoch triplet loss = 0.0138
2022-01-20 04:34:38   Extracting database features for evaluation/testing
2022-01-20 04:35:38   Extracting queries features for evaluation/testing
2022-01-20 04:36:29   Calculating recalls
2022-01-20 04:36:53   Recalls on val set < BaseDataset, pitts30k - #database: 10000; #queries: 7608 >: R@1: 88.3, R@5: 95.7, R@10: 97.4, R@20: 98.4
2022-01-20 04:36:53   Not improved: 3 / 3: best R@5 = 96.0, current R@5 = 95.7
2022-01-20 04:36:53   Performance did not improve for 3 epochs. Stop training.
2022-01-20 04:36:53   Best R@5: 96.0
2022-01-20 04:36:53   Trained for 11 epochs, in total in 3:09:20
2022-01-20 04:36:53   Extracting database features for evaluation/testing
2022-01-20 04:37:47   Extracting queries features for evaluation/testing
2022-01-20 04:38:36   Calculating recalls
2022-01-20 04:38:58   Recalls on < BaseDataset, pitts30k - #database: 10000; #queries: 6816 >: R@1: 86.9, R@5: 93.4, R@10: 95.1, R@20: 96.4
