2022-01-20 01:27:33   Arguments: Namespace(upscale_input=False, downscale_input=False, augment_input='None', backbone='resnet18', use_netvlad=True, netvlad_clusters=64, use_gem=None, gem_p=3, gem_eps=1e-06, use_attention='cbam', attention_lr=0.1, use_sgd=None, use_adagrad=None, momentum=0.9, train_batch_size=4, infer_batch_size=16, margin=0.1, epochs_num=20, patience=3, lr=1e-05, cache_refresh_rate=1000, queries_per_epoch=5000, negs_num_per_query=10, neg_samples_num=1000, seed=0, device='cuda', num_workers=8, val_positive_dist_threshold=25, train_positives_dist_threshold=10, recall_values=[1, 5, 10, 20], datasets_folder='./Dataset_pitts30k', exp_name='default', test_dataset_name=None, test_model_path=None, save_attention_mask=None, output_folder='runs/default/2022-01-20_01-27-33')
2022-01-20 01:27:33   The outputs are being saved in runs/default/2022-01-20_01-27-33
2022-01-20 01:27:33   Using 1 GPUs and 12 CPUs
2022-01-20 01:27:33   There are 96 queries without any positives within the training set. They won't be considered as they're useless for training.
2022-01-20 01:27:33   Train query set: < TripletsDataset, pitts30k - #database: 10000; #queries: 7320 >
2022-01-20 01:27:33   Val set: < BaseDataset, pitts30k - #database: 10000; #queries: 7608 >
2022-01-20 01:27:33   Test set: < BaseDataset, pitts30k - #database: 10000; #queries: 6816 >
2022-01-20 01:27:39   Output dimension of the model is 16384
2022-01-20 01:27:39   Start training epoch: 00
2022-01-20 01:42:38   Finished epoch 00 in 0:14:59, average epoch triplet loss = 0.0306
2022-01-20 01:44:42   Recalls on val set < BaseDataset, pitts30k - #database: 10000; #queries: 7608 >: R@1: 85.8, R@5: 94.6, R@10: 96.7, R@20: 97.9
2022-01-20 01:44:42   Improved: previous best R@5 = 0.0, current R@5 = 94.6
2022-01-20 01:44:42   Start training epoch: 01
2022-01-20 01:59:52   Finished epoch 01 in 0:15:09, average epoch triplet loss = 0.0244
2022-01-20 02:02:07   Recalls on val set < BaseDataset, pitts30k - #database: 10000; #queries: 7608 >: R@1: 87.4, R@5: 95.7, R@10: 97.3, R@20: 98.4
2022-01-20 02:02:08   Improved: previous best R@5 = 94.6, current R@5 = 95.7
2022-01-20 02:02:08   Start training epoch: 02
2022-01-20 02:17:02   Finished epoch 02 in 0:14:54, average epoch triplet loss = 0.0211
2022-01-20 02:19:18   Recalls on val set < BaseDataset, pitts30k - #database: 10000; #queries: 7608 >: R@1: 88.1, R@5: 95.8, R@10: 97.4, R@20: 98.5
2022-01-20 02:19:18   Improved: previous best R@5 = 95.7, current R@5 = 95.8
2022-01-20 02:19:18   Start training epoch: 03
2022-01-20 02:34:10   Finished epoch 03 in 0:14:51, average epoch triplet loss = 0.0196
2022-01-20 02:36:25   Recalls on val set < BaseDataset, pitts30k - #database: 10000; #queries: 7608 >: R@1: 87.9, R@5: 95.8, R@10: 97.5, R@20: 98.4
2022-01-20 02:36:26   Improved: previous best R@5 = 95.8, current R@5 = 95.8
2022-01-20 02:36:26   Start training epoch: 04
2022-01-20 02:51:18   Finished epoch 04 in 0:14:52, average epoch triplet loss = 0.0183
2022-01-20 02:53:24   Recalls on val set < BaseDataset, pitts30k - #database: 10000; #queries: 7608 >: R@1: 88.3, R@5: 95.9, R@10: 97.5, R@20: 98.4
2022-01-20 02:53:24   Improved: previous best R@5 = 95.8, current R@5 = 95.9
2022-01-20 02:53:24   Start training epoch: 05
2022-01-20 03:08:16   Finished epoch 05 in 0:14:51, average epoch triplet loss = 0.0170
2022-01-20 03:10:25   Recalls on val set < BaseDataset, pitts30k - #database: 10000; #queries: 7608 >: R@1: 88.2, R@5: 95.9, R@10: 97.4, R@20: 98.6
2022-01-20 03:10:25   Not improved: 1 / 3: best R@5 = 95.9, current R@5 = 95.9
2022-01-20 03:10:25   Start training epoch: 06
2022-01-20 03:25:36   Finished epoch 06 in 0:15:11, average epoch triplet loss = 0.0169
2022-01-20 03:27:52   Recalls on val set < BaseDataset, pitts30k - #database: 10000; #queries: 7608 >: R@1: 88.4, R@5: 96.0, R@10: 97.4, R@20: 98.6
2022-01-20 03:27:52   Improved: previous best R@5 = 95.9, current R@5 = 96.0
2022-01-20 03:27:52   Start training epoch: 07
2022-01-20 03:42:45   Finished epoch 07 in 0:14:53, average epoch triplet loss = 0.0156
2022-01-20 03:44:54   Recalls on val set < BaseDataset, pitts30k - #database: 10000; #queries: 7608 >: R@1: 88.4, R@5: 96.0, R@10: 97.5, R@20: 98.5
2022-01-20 03:44:54   Improved: previous best R@5 = 96.0, current R@5 = 96.0
2022-01-20 03:44:54   Start training epoch: 08
2022-01-20 04:00:03   Finished epoch 08 in 0:15:08, average epoch triplet loss = 0.0155
2022-01-20 04:02:13   Recalls on val set < BaseDataset, pitts30k - #database: 10000; #queries: 7608 >: R@1: 88.5, R@5: 95.8, R@10: 97.4, R@20: 98.6
2022-01-20 04:02:14   Not improved: 1 / 3: best R@5 = 96.0, current R@5 = 95.8
2022-01-20 04:02:14   Start training epoch: 09
2022-01-20 04:17:15   Finished epoch 09 in 0:15:01, average epoch triplet loss = 0.0147
2022-01-20 04:19:29   Recalls on val set < BaseDataset, pitts30k - #database: 10000; #queries: 7608 >: R@1: 88.5, R@5: 96.0, R@10: 97.5, R@20: 98.5
2022-01-20 04:19:29   Not improved: 2 / 3: best R@5 = 96.0, current R@5 = 96.0
2022-01-20 04:19:29   Start training epoch: 10
2022-01-20 04:34:38   Finished epoch 10 in 0:15:09, average epoch triplet loss = 0.0138
2022-01-20 04:36:53   Recalls on val set < BaseDataset, pitts30k - #database: 10000; #queries: 7608 >: R@1: 88.3, R@5: 95.7, R@10: 97.4, R@20: 98.4
2022-01-20 04:36:53   Not improved: 3 / 3: best R@5 = 96.0, current R@5 = 95.7
2022-01-20 04:36:53   Performance did not improve for 3 epochs. Stop training.
2022-01-20 04:36:53   Best R@5: 96.0
2022-01-20 04:36:53   Trained for 11 epochs, in total in 3:09:20
2022-01-20 04:38:58   Recalls on < BaseDataset, pitts30k - #database: 10000; #queries: 6816 >: R@1: 86.9, R@5: 93.4, R@10: 95.1, R@20: 96.4
