2022-01-19 18:02:19   Arguments: Namespace(upscale_input=False, downscale_input=False, augment_input='None', backbone='resnet18', use_netvlad=True, netvlad_clusters=64, use_gem=None, gem_p=3, gem_eps=1e-06, use_attention='cbam', attention_lr=0.0001, use_sgd=None, use_adagrad=None, momentum=0.9, train_batch_size=4, infer_batch_size=16, margin=0.1, epochs_num=20, patience=3, lr=1e-05, cache_refresh_rate=1000, queries_per_epoch=5000, negs_num_per_query=10, neg_samples_num=1000, seed=0, device='cuda', num_workers=8, val_positive_dist_threshold=25, train_positives_dist_threshold=10, recall_values=[1, 5, 10, 20], datasets_folder='./Dataset_pitts30k', exp_name='default', test_dataset_name=None, test_model_path=None, save_attention_mask=None, output_folder='runs/default/2022-01-19_18-02-19')
2022-01-19 18:02:19   The outputs are being saved in runs/default/2022-01-19_18-02-19
2022-01-19 18:02:19   Using 1 GPUs and 12 CPUs
2022-01-19 18:02:19   Loading dataset Pitts30k from folder ./Dataset_pitts30k
2022-01-19 18:02:19   There are 96 queries without any positives within the training set. They won't be considered as they're useless for training.
2022-01-19 18:02:19   Train query set: < TripletsDataset, pitts30k - #database: 10000; #queries: 7320 >
2022-01-19 18:02:19   Val set: < BaseDataset, pitts30k - #database: 10000; #queries: 7608 >
2022-01-19 18:02:19   Test set: < BaseDataset, pitts30k - #database: 10000; #queries: 6816 >
2022-01-19 18:02:20   Train only conv4 of the ResNet-18 (remove conv5), freeze the previous ones
2022-01-19 18:02:24   Output dimension of the model is 16384
2022-01-19 18:02:24   Start training epoch: 00
2022-01-19 18:02:24   Cache: 0 / 5
2022-01-19 18:05:46   Epoch[00](0/5): current batch triplet loss = 0.0375, average epoch triplet loss = 0.0368
2022-01-19 18:05:46   Cache: 1 / 5
2022-01-19 18:10:30   Epoch[00](1/5): current batch triplet loss = 0.0414, average epoch triplet loss = 0.0337
2022-01-19 18:10:30   Cache: 2 / 5
2022-01-19 18:13:54   Epoch[00](2/5): current batch triplet loss = 0.0116, average epoch triplet loss = 0.0314
2022-01-19 18:13:54   Cache: 3 / 5
2022-01-19 18:17:19   Epoch[00](3/5): current batch triplet loss = 0.0354, average epoch triplet loss = 0.0300
2022-01-19 18:17:19   Cache: 4 / 5
2022-01-19 18:20:43   Epoch[00](4/5): current batch triplet loss = 0.0548, average epoch triplet loss = 0.0293
2022-01-19 18:20:43   Finished epoch 00 in 0:18:19, average epoch triplet loss = 0.0293
2022-01-19 18:20:43   Extracting database features for evaluation/testing
2022-01-19 18:22:07   Extracting queries features for evaluation/testing
2022-01-19 18:23:08   Calculating recalls
2022-01-19 18:23:33   Recalls on val set < BaseDataset, pitts30k - #database: 10000; #queries: 7608 >: R@1: 86.1, R@5: 94.9, R@10: 96.8, R@20: 98.1
2022-01-19 18:23:33   Improved: previous best R@5 = 0.0, current R@5 = 94.9
2022-01-19 18:23:33   Start training epoch: 01
2022-01-19 18:23:33   Cache: 0 / 5
2022-01-19 18:26:55   Epoch[01](0/5): current batch triplet loss = 0.0478, average epoch triplet loss = 0.0243
2022-01-19 18:26:55   Cache: 1 / 5
2022-01-19 18:30:30   Epoch[01](1/5): current batch triplet loss = 0.0268, average epoch triplet loss = 0.0240
2022-01-19 18:30:30   Cache: 2 / 5
2022-01-19 18:33:52   Epoch[01](2/5): current batch triplet loss = 0.0295, average epoch triplet loss = 0.0235
2022-01-19 18:33:52   Cache: 3 / 5
2022-01-19 18:37:16   Epoch[01](3/5): current batch triplet loss = 0.0262, average epoch triplet loss = 0.0234
2022-01-19 18:37:16   Cache: 4 / 5
2022-01-19 18:40:40   Epoch[01](4/5): current batch triplet loss = 0.0520, average epoch triplet loss = 0.0234
2022-01-19 18:40:40   Finished epoch 01 in 0:17:06, average epoch triplet loss = 0.0234
2022-01-19 18:40:40   Extracting database features for evaluation/testing
2022-01-19 18:42:14   Extracting queries features for evaluation/testing
2022-01-19 18:43:11   Calculating recalls
2022-01-19 18:43:33   Recalls on val set < BaseDataset, pitts30k - #database: 10000; #queries: 7608 >: R@1: 87.9, R@5: 95.8, R@10: 97.3, R@20: 98.3
2022-01-19 18:43:33   Improved: previous best R@5 = 94.9, current R@5 = 95.8
2022-01-19 18:43:33   Start training epoch: 02
2022-01-19 18:43:33   Cache: 0 / 5
2022-01-19 18:47:02   Epoch[02](0/5): current batch triplet loss = 0.0149, average epoch triplet loss = 0.0212
2022-01-19 18:47:02   Cache: 1 / 5
2022-01-19 18:50:37   Epoch[02](1/5): current batch triplet loss = 0.0082, average epoch triplet loss = 0.0214
2022-01-19 18:50:37   Cache: 2 / 5
2022-01-19 18:54:01   Epoch[02](2/5): current batch triplet loss = 0.0097, average epoch triplet loss = 0.0210
2022-01-19 18:54:01   Cache: 3 / 5
2022-01-19 18:57:26   Epoch[02](3/5): current batch triplet loss = 0.0122, average epoch triplet loss = 0.0207
2022-01-19 18:57:26   Cache: 4 / 5
2022-01-19 19:00:55   Epoch[02](4/5): current batch triplet loss = 0.0071, average epoch triplet loss = 0.0205
2022-01-19 19:00:55   Finished epoch 02 in 0:17:21, average epoch triplet loss = 0.0205
2022-01-19 19:00:55   Extracting database features for evaluation/testing
2022-01-19 19:02:27   Extracting queries features for evaluation/testing
2022-01-19 19:03:36   Calculating recalls
2022-01-19 19:03:58   Recalls on val set < BaseDataset, pitts30k - #database: 10000; #queries: 7608 >: R@1: 88.0, R@5: 95.9, R@10: 97.5, R@20: 98.4
2022-01-19 19:03:58   Improved: previous best R@5 = 95.8, current R@5 = 95.9
2022-01-19 19:03:58   Start training epoch: 03
2022-01-19 19:03:58   Cache: 0 / 5
2022-01-19 19:07:27   Epoch[03](0/5): current batch triplet loss = 0.0040, average epoch triplet loss = 0.0179
2022-01-19 19:07:27   Cache: 1 / 5
2022-01-19 19:10:51   Epoch[03](1/5): current batch triplet loss = 0.0195, average epoch triplet loss = 0.0187
2022-01-19 19:10:51   Cache: 2 / 5
2022-01-19 19:14:21   Epoch[03](2/5): current batch triplet loss = 0.0161, average epoch triplet loss = 0.0192
2022-01-19 19:14:21   Cache: 3 / 5
2022-01-19 19:17:52   Epoch[03](3/5): current batch triplet loss = 0.0733, average epoch triplet loss = 0.0190
2022-01-19 19:17:52   Cache: 4 / 5
2022-01-19 19:21:04   Epoch[03](4/5): current batch triplet loss = 0.0210, average epoch triplet loss = 0.0192
2022-01-19 19:21:04   Finished epoch 03 in 0:17:05, average epoch triplet loss = 0.0192
2022-01-19 19:21:04   Extracting database features for evaluation/testing
2022-01-19 19:22:24   Extracting queries features for evaluation/testing
2022-01-19 19:23:16   Calculating recalls
2022-01-19 19:23:38   Recalls on val set < BaseDataset, pitts30k - #database: 10000; #queries: 7608 >: R@1: 88.1, R@5: 95.9, R@10: 97.5, R@20: 98.4
2022-01-19 19:23:39   Improved: previous best R@5 = 95.9, current R@5 = 95.9
2022-01-19 19:23:39   Start training epoch: 04
2022-01-19 19:23:39   Cache: 0 / 5
2022-01-19 19:26:46   Epoch[04](0/5): current batch triplet loss = 0.0017, average epoch triplet loss = 0.0180
2022-01-19 19:26:46   Cache: 1 / 5
2022-01-19 19:30:07   Epoch[04](1/5): current batch triplet loss = 0.0250, average epoch triplet loss = 0.0178
2022-01-19 19:30:07   Cache: 2 / 5
2022-01-19 19:33:21   Epoch[04](2/5): current batch triplet loss = 0.0165, average epoch triplet loss = 0.0176
2022-01-19 19:33:21   Cache: 3 / 5
2022-01-19 19:36:35   Epoch[04](3/5): current batch triplet loss = 0.0183, average epoch triplet loss = 0.0180
2022-01-19 19:36:35   Cache: 4 / 5
2022-01-19 19:39:48   Epoch[04](4/5): current batch triplet loss = 0.0067, average epoch triplet loss = 0.0180
2022-01-19 19:39:48   Finished epoch 04 in 0:16:09, average epoch triplet loss = 0.0180
2022-01-19 19:39:48   Extracting database features for evaluation/testing
2022-01-19 19:41:15   Extracting queries features for evaluation/testing
2022-01-19 19:42:09   Calculating recalls
2022-01-19 19:42:35   Recalls on val set < BaseDataset, pitts30k - #database: 10000; #queries: 7608 >: R@1: 88.4, R@5: 96.0, R@10: 97.7, R@20: 98.5
2022-01-19 19:42:35   Improved: previous best R@5 = 95.9, current R@5 = 96.0
2022-01-19 19:42:35   Start training epoch: 05
2022-01-19 19:42:35   Cache: 0 / 5
2022-01-19 19:45:43   Epoch[05](0/5): current batch triplet loss = 0.0095, average epoch triplet loss = 0.0175
2022-01-19 19:45:43   Cache: 1 / 5
2022-01-19 19:48:52   Epoch[05](1/5): current batch triplet loss = 0.0183, average epoch triplet loss = 0.0167
2022-01-19 19:48:52   Cache: 2 / 5
2022-01-19 19:52:06   Epoch[05](2/5): current batch triplet loss = 0.0017, average epoch triplet loss = 0.0170
2022-01-19 19:52:06   Cache: 3 / 5
2022-01-19 19:55:19   Epoch[05](3/5): current batch triplet loss = 0.0099, average epoch triplet loss = 0.0169
2022-01-19 19:55:19   Cache: 4 / 5
2022-01-19 19:58:33   Epoch[05](4/5): current batch triplet loss = 0.0224, average epoch triplet loss = 0.0168
2022-01-19 19:58:33   Finished epoch 05 in 0:15:57, average epoch triplet loss = 0.0168
2022-01-19 19:58:33   Extracting database features for evaluation/testing
2022-01-19 19:59:51   Extracting queries features for evaluation/testing
2022-01-19 20:00:39   Calculating recalls
2022-01-19 20:01:04   Recalls on val set < BaseDataset, pitts30k - #database: 10000; #queries: 7608 >: R@1: 88.5, R@5: 96.1, R@10: 97.6, R@20: 98.5
2022-01-19 20:01:04   Improved: previous best R@5 = 96.0, current R@5 = 96.1
2022-01-19 20:01:04   Start training epoch: 06
2022-01-19 20:01:04   Cache: 0 / 5
2022-01-19 20:04:15   Epoch[06](0/5): current batch triplet loss = 0.0349, average epoch triplet loss = 0.0182
2022-01-19 20:04:15   Cache: 1 / 5
2022-01-19 20:07:27   Epoch[06](1/5): current batch triplet loss = 0.0054, average epoch triplet loss = 0.0172
2022-01-19 20:07:27   Cache: 2 / 5
2022-01-19 20:11:05   Epoch[06](2/5): current batch triplet loss = 0.0031, average epoch triplet loss = 0.0167
2022-01-19 20:11:05   Cache: 3 / 5
2022-01-19 20:14:16   Epoch[06](3/5): current batch triplet loss = 0.0211, average epoch triplet loss = 0.0169
2022-01-19 20:14:16   Cache: 4 / 5
2022-01-19 20:17:55   Epoch[06](4/5): current batch triplet loss = 0.0048, average epoch triplet loss = 0.0169
2022-01-19 20:17:55   Finished epoch 06 in 0:16:50, average epoch triplet loss = 0.0169
2022-01-19 20:17:55   Extracting database features for evaluation/testing
2022-01-19 20:19:11   Extracting queries features for evaluation/testing
2022-01-19 20:20:03   Calculating recalls
2022-01-19 20:20:27   Recalls on val set < BaseDataset, pitts30k - #database: 10000; #queries: 7608 >: R@1: 88.7, R@5: 96.0, R@10: 97.6, R@20: 98.5
2022-01-19 20:20:28   Not improved: 1 / 3: best R@5 = 96.1, current R@5 = 96.0
2022-01-19 20:20:28   Start training epoch: 07
2022-01-19 20:20:28   Cache: 0 / 5
2022-01-19 20:23:34   Epoch[07](0/5): current batch triplet loss = 0.0082, average epoch triplet loss = 0.0165
2022-01-19 20:23:34   Cache: 1 / 5
2022-01-19 20:26:44   Epoch[07](1/5): current batch triplet loss = 0.0049, average epoch triplet loss = 0.0158
2022-01-19 20:26:44   Cache: 2 / 5
2022-01-19 20:30:01   Epoch[07](2/5): current batch triplet loss = 0.0342, average epoch triplet loss = 0.0158
2022-01-19 20:30:01   Cache: 3 / 5
2022-01-19 20:33:13   Epoch[07](3/5): current batch triplet loss = 0.0113, average epoch triplet loss = 0.0159
2022-01-19 20:33:13   Cache: 4 / 5
2022-01-19 20:36:31   Epoch[07](4/5): current batch triplet loss = 0.0107, average epoch triplet loss = 0.0156
2022-01-19 20:36:31   Finished epoch 07 in 0:16:02, average epoch triplet loss = 0.0156
2022-01-19 20:36:31   Extracting database features for evaluation/testing
2022-01-19 20:37:55   Extracting queries features for evaluation/testing
2022-01-19 20:38:49   Calculating recalls
2022-01-19 20:39:13   Recalls on val set < BaseDataset, pitts30k - #database: 10000; #queries: 7608 >: R@1: 88.7, R@5: 96.1, R@10: 97.6, R@20: 98.5
2022-01-19 20:39:13   Not improved: 2 / 3: best R@5 = 96.1, current R@5 = 96.1
2022-01-19 20:39:13   Start training epoch: 08
2022-01-19 20:39:13   Cache: 0 / 5
2022-01-19 20:42:25   Epoch[08](0/5): current batch triplet loss = 0.0043, average epoch triplet loss = 0.0150
2022-01-19 20:42:25   Cache: 1 / 5
2022-01-19 20:45:38   Epoch[08](1/5): current batch triplet loss = 0.0212, average epoch triplet loss = 0.0153
2022-01-19 20:45:38   Cache: 2 / 5
2022-01-19 20:48:52   Epoch[08](2/5): current batch triplet loss = 0.0065, average epoch triplet loss = 0.0155
2022-01-19 20:48:52   Cache: 3 / 5
2022-01-19 20:52:11   Epoch[08](3/5): current batch triplet loss = 0.0046, average epoch triplet loss = 0.0155
2022-01-19 20:52:11   Cache: 4 / 5
2022-01-19 20:55:23   Epoch[08](4/5): current batch triplet loss = 0.0075, average epoch triplet loss = 0.0154
2022-01-19 20:55:23   Finished epoch 08 in 0:16:10, average epoch triplet loss = 0.0154
2022-01-19 20:55:23   Extracting database features for evaluation/testing
2022-01-19 20:56:49   Extracting queries features for evaluation/testing
2022-01-19 20:57:46   Calculating recalls
2022-01-19 20:58:08   Recalls on val set < BaseDataset, pitts30k - #database: 10000; #queries: 7608 >: R@1: 88.4, R@5: 96.1, R@10: 97.5, R@20: 98.5
2022-01-19 20:58:09   Not improved: 3 / 3: best R@5 = 96.1, current R@5 = 96.1
2022-01-19 20:58:09   Performance did not improve for 3 epochs. Stop training.
2022-01-19 20:58:09   Best R@5: 96.1
2022-01-19 20:58:09   Trained for 09 epochs, in total in 2:55:49
2022-01-19 20:58:09   Extracting database features for evaluation/testing
2022-01-19 20:59:18   Extracting queries features for evaluation/testing
2022-01-19 20:59:48   Calculating recalls
2022-01-19 21:00:08   Recalls on < BaseDataset, pitts30k - #database: 10000; #queries: 6816 >: R@1: 86.4, R@5: 93.1, R@10: 95.0, R@20: 96.6
