2022-01-14 01:29:50   Arguments: Namespace(backbone='resnet18', use_netvlad=True, netvlad_clusters=64, use_gem=None, gem_p=3, gem_eps=1e-06, use_sgd=None, use_adagrad=None, momentum=0.9, train_batch_size=4, infer_batch_size=16, margin=0.1, epochs_num=20, patience=3, lr=0.001, cache_refresh_rate=1000, queries_per_epoch=5000, negs_num_per_query=10, neg_samples_num=1000, seed=0, device='cuda', num_workers=8, val_positive_dist_threshold=25, train_positives_dist_threshold=10, recall_values=[1, 5, 10, 20], datasets_folder='./Dataset_pitts30k', exp_name='default', test_dataset_name=None, test_model_path=None, output_folder='runs/default/2022-01-14_01-29-50')
2022-01-14 01:29:50   The outputs are being saved in runs/default/2022-01-14_01-29-50
2022-01-14 01:29:50   Using 1 GPUs and 12 CPUs
2022-01-14 01:29:50   Loading dataset Pitts30k from folder ./Dataset_pitts30k
2022-01-14 01:29:51   There are 96 queries without any positives within the training set. They won't be considered as they're useless for training.
2022-01-14 01:29:51   Train query set: < TripletsDataset, pitts30k - #database: 10000; #queries: 7320 >
2022-01-14 01:29:51   Val set: < BaseDataset, pitts30k - #database: 10000; #queries: 7608 >
2022-01-14 01:29:51   Test set: < BaseDataset, pitts30k - #database: 10000; #queries: 6816 >
2022-01-14 01:29:51   Train only conv4 of the ResNet-18 (remove conv5), freeze the previous ones
2022-01-14 01:29:57   Output dimension of the model is 16384
2022-01-14 01:29:57   Start training epoch: 00
2022-01-14 01:29:57   Cache: 0 / 5
2022-01-14 01:32:50   Epoch[00](0/5): current batch triplet loss = 0.0412, average epoch triplet loss = 0.0348
2022-01-14 01:32:50   Cache: 1 / 5
2022-01-14 01:35:42   Epoch[00](1/5): current batch triplet loss = 0.0164, average epoch triplet loss = 0.0293
2022-01-14 01:35:42   Cache: 2 / 5
2022-01-14 01:38:34   Epoch[00](2/5): current batch triplet loss = 0.0077, average epoch triplet loss = 0.0250
2022-01-14 01:38:34   Cache: 3 / 5
2022-01-14 01:41:25   Epoch[00](3/5): current batch triplet loss = 0.0328, average epoch triplet loss = 0.0228
2022-01-14 01:41:25   Cache: 4 / 5
2022-01-14 01:44:16   Epoch[00](4/5): current batch triplet loss = 0.0218, average epoch triplet loss = 0.0210
2022-01-14 01:44:16   Finished epoch 00 in 0:14:19, average epoch triplet loss = 0.0210
2022-01-14 01:44:16   Extracting database features for evaluation/testing
2022-01-14 01:44:51   Extracting queries features for evaluation/testing
2022-01-14 01:45:29   Calculating recalls
2022-01-14 01:45:52   Recalls on val set < BaseDataset, pitts30k - #database: 10000; #queries: 7608 >: R@1: 77.6, R@5: 90.3, R@10: 93.6, R@20: 96.0
2022-01-14 01:45:52   Improved: previous best R@5 = 0.0, current R@5 = 90.3
2022-01-14 01:45:52   Start training epoch: 01
2022-01-14 01:45:52   Cache: 0 / 5
2022-01-14 01:48:44   Epoch[01](0/5): current batch triplet loss = 0.0163, average epoch triplet loss = 0.0125
2022-01-14 01:48:44   Cache: 1 / 5
2022-01-14 01:51:35   Epoch[01](1/5): current batch triplet loss = 0.0148, average epoch triplet loss = 0.0129
2022-01-14 01:51:35   Cache: 2 / 5
2022-01-14 01:54:26   Epoch[01](2/5): current batch triplet loss = 0.0104, average epoch triplet loss = 0.0122
2022-01-14 01:54:26   Cache: 3 / 5
2022-01-14 01:57:18   Epoch[01](3/5): current batch triplet loss = 0.0067, average epoch triplet loss = 0.0120
2022-01-14 01:57:18   Cache: 4 / 5
2022-01-14 02:00:09   Epoch[01](4/5): current batch triplet loss = 0.0073, average epoch triplet loss = 0.0117
2022-01-14 02:00:09   Finished epoch 01 in 0:14:16, average epoch triplet loss = 0.0117
2022-01-14 02:00:09   Extracting database features for evaluation/testing
2022-01-14 02:00:44   Extracting queries features for evaluation/testing
2022-01-14 02:01:15   Calculating recalls
2022-01-14 02:01:40   Recalls on val set < BaseDataset, pitts30k - #database: 10000; #queries: 7608 >: R@1: 81.3, R@5: 92.8, R@10: 95.2, R@20: 96.8
2022-01-14 02:01:40   Improved: previous best R@5 = 90.3, current R@5 = 92.8
2022-01-14 02:01:40   Start training epoch: 02
2022-01-14 02:01:40   Cache: 0 / 5
2022-01-14 02:04:32   Epoch[02](0/5): current batch triplet loss = 0.0074, average epoch triplet loss = 0.0094
2022-01-14 02:04:32   Cache: 1 / 5
2022-01-14 02:07:23   Epoch[02](1/5): current batch triplet loss = 0.0050, average epoch triplet loss = 0.0089
2022-01-14 02:07:23   Cache: 2 / 5
2022-01-14 02:10:14   Epoch[02](2/5): current batch triplet loss = 0.0010, average epoch triplet loss = 0.0088
2022-01-14 02:10:14   Cache: 3 / 5
2022-01-14 02:13:05   Epoch[02](3/5): current batch triplet loss = 0.0174, average epoch triplet loss = 0.0088
2022-01-14 02:13:05   Cache: 4 / 5
2022-01-14 02:15:57   Epoch[02](4/5): current batch triplet loss = 0.0026, average epoch triplet loss = 0.0086
2022-01-14 02:15:57   Finished epoch 02 in 0:14:16, average epoch triplet loss = 0.0086
2022-01-14 02:15:57   Extracting database features for evaluation/testing
2022-01-14 02:16:32   Extracting queries features for evaluation/testing
2022-01-14 02:16:59   Calculating recalls
2022-01-14 02:17:20   Recalls on val set < BaseDataset, pitts30k - #database: 10000; #queries: 7608 >: R@1: 82.3, R@5: 92.7, R@10: 95.2, R@20: 97.0
2022-01-14 02:17:20   Not improved: 1 / 3: best R@5 = 92.8, current R@5 = 92.7
2022-01-14 02:17:20   Start training epoch: 03
2022-01-14 02:17:20   Cache: 0 / 5
2022-01-14 02:20:11   Epoch[03](0/5): current batch triplet loss = 0.0000, average epoch triplet loss = 0.0069
2022-01-14 02:20:11   Cache: 1 / 5
2022-01-14 02:23:03   Epoch[03](1/5): current batch triplet loss = 0.0035, average epoch triplet loss = 0.0074
2022-01-14 02:23:03   Cache: 2 / 5
2022-01-14 02:25:55   Epoch[03](2/5): current batch triplet loss = 0.0025, average epoch triplet loss = 0.0078
2022-01-14 02:25:55   Cache: 3 / 5
2022-01-14 02:28:47   Epoch[03](3/5): current batch triplet loss = 0.0163, average epoch triplet loss = 0.0077
2022-01-14 02:28:47   Cache: 4 / 5
2022-01-14 02:31:38   Epoch[03](4/5): current batch triplet loss = 0.0043, average epoch triplet loss = 0.0077
2022-01-14 02:31:38   Finished epoch 03 in 0:14:18, average epoch triplet loss = 0.0077
2022-01-14 02:31:38   Extracting database features for evaluation/testing
2022-01-14 02:32:13   Extracting queries features for evaluation/testing
2022-01-14 02:32:40   Calculating recalls
2022-01-14 02:33:03   Recalls on val set < BaseDataset, pitts30k - #database: 10000; #queries: 7608 >: R@1: 82.6, R@5: 92.8, R@10: 95.5, R@20: 97.1
2022-01-14 02:33:04   Improved: previous best R@5 = 92.8, current R@5 = 92.8
2022-01-14 02:33:04   Start training epoch: 04
2022-01-14 02:33:04   Cache: 0 / 5
2022-01-14 02:35:55   Epoch[04](0/5): current batch triplet loss = 0.0000, average epoch triplet loss = 0.0062
2022-01-14 02:35:55   Cache: 1 / 5
2022-01-14 02:38:47   Epoch[04](1/5): current batch triplet loss = 0.0007, average epoch triplet loss = 0.0064
2022-01-14 02:38:47   Cache: 2 / 5
2022-01-14 02:41:39   Epoch[04](2/5): current batch triplet loss = 0.0050, average epoch triplet loss = 0.0066
2022-01-14 02:41:39   Cache: 3 / 5
2022-01-14 02:44:30   Epoch[04](3/5): current batch triplet loss = 0.0054, average epoch triplet loss = 0.0068
2022-01-14 02:44:30   Cache: 4 / 5
2022-01-14 02:47:21   Epoch[04](4/5): current batch triplet loss = 0.0000, average epoch triplet loss = 0.0069
2022-01-14 02:47:21   Finished epoch 04 in 0:14:17, average epoch triplet loss = 0.0069
2022-01-14 02:47:21   Extracting database features for evaluation/testing
2022-01-14 02:47:57   Extracting queries features for evaluation/testing
2022-01-14 02:48:23   Calculating recalls
2022-01-14 02:48:48   Recalls on val set < BaseDataset, pitts30k - #database: 10000; #queries: 7608 >: R@1: 82.7, R@5: 92.8, R@10: 95.1, R@20: 97.1
2022-01-14 02:48:48   Not improved: 1 / 3: best R@5 = 92.8, current R@5 = 92.8
2022-01-14 02:48:48   Start training epoch: 05
2022-01-14 02:48:48   Cache: 0 / 5
2022-01-14 02:51:40   Epoch[05](0/5): current batch triplet loss = 0.0060, average epoch triplet loss = 0.0065
2022-01-14 02:51:40   Cache: 1 / 5
2022-01-14 02:54:31   Epoch[05](1/5): current batch triplet loss = 0.0078, average epoch triplet loss = 0.0066
2022-01-14 02:54:31   Cache: 2 / 5
2022-01-14 02:57:22   Epoch[05](2/5): current batch triplet loss = 0.0002, average epoch triplet loss = 0.0066
2022-01-14 02:57:22   Cache: 3 / 5
2022-01-14 03:00:14   Epoch[05](3/5): current batch triplet loss = 0.0000, average epoch triplet loss = 0.0064
2022-01-14 03:00:14   Cache: 4 / 5
2022-01-14 03:03:06   Epoch[05](4/5): current batch triplet loss = 0.0124, average epoch triplet loss = 0.0063
2022-01-14 03:03:06   Finished epoch 05 in 0:14:17, average epoch triplet loss = 0.0063
2022-01-14 03:03:06   Extracting database features for evaluation/testing
2022-01-14 03:03:41   Extracting queries features for evaluation/testing
2022-01-14 03:04:08   Calculating recalls
2022-01-14 03:04:29   Recalls on val set < BaseDataset, pitts30k - #database: 10000; #queries: 7608 >: R@1: 81.5, R@5: 92.2, R@10: 95.2, R@20: 97.2
2022-01-14 03:04:29   Not improved: 2 / 3: best R@5 = 92.8, current R@5 = 92.2
2022-01-14 03:04:29   Start training epoch: 06
2022-01-14 03:04:29   Cache: 0 / 5
2022-01-14 03:07:20   Epoch[06](0/5): current batch triplet loss = 0.0067, average epoch triplet loss = 0.0067
2022-01-14 03:07:20   Cache: 1 / 5
2022-01-14 03:10:12   Epoch[06](1/5): current batch triplet loss = 0.0008, average epoch triplet loss = 0.0065
2022-01-14 03:10:12   Cache: 2 / 5
2022-01-14 03:13:03   Epoch[06](2/5): current batch triplet loss = 0.0025, average epoch triplet loss = 0.0064
2022-01-14 03:13:03   Cache: 3 / 5
2022-01-14 03:15:55   Epoch[06](3/5): current batch triplet loss = 0.0042, average epoch triplet loss = 0.0063
2022-01-14 03:15:55   Cache: 4 / 5
2022-01-14 03:18:46   Epoch[06](4/5): current batch triplet loss = 0.0025, average epoch triplet loss = 0.0062
2022-01-14 03:18:46   Finished epoch 06 in 0:14:17, average epoch triplet loss = 0.0062
2022-01-14 03:18:46   Extracting database features for evaluation/testing
2022-01-14 03:19:21   Extracting queries features for evaluation/testing
2022-01-14 03:19:48   Calculating recalls
2022-01-14 03:20:10   Recalls on val set < BaseDataset, pitts30k - #database: 10000; #queries: 7608 >: R@1: 82.4, R@5: 93.1, R@10: 95.7, R@20: 97.3
2022-01-14 03:20:10   Improved: previous best R@5 = 92.8, current R@5 = 93.1
2022-01-14 03:20:10   Start training epoch: 07
2022-01-14 03:20:10   Cache: 0 / 5
2022-01-14 03:23:01   Epoch[07](0/5): current batch triplet loss = 0.0040, average epoch triplet loss = 0.0063
2022-01-14 03:23:01   Cache: 1 / 5
2022-01-14 03:25:53   Epoch[07](1/5): current batch triplet loss = 0.0015, average epoch triplet loss = 0.0058
2022-01-14 03:25:53   Cache: 2 / 5
2022-01-14 03:28:45   Epoch[07](2/5): current batch triplet loss = 0.0070, average epoch triplet loss = 0.0059
2022-01-14 03:28:45   Cache: 3 / 5
2022-01-14 03:31:36   Epoch[07](3/5): current batch triplet loss = 0.0074, average epoch triplet loss = 0.0056
2022-01-14 03:31:36   Cache: 4 / 5
2022-01-14 03:34:28   Epoch[07](4/5): current batch triplet loss = 0.0008, average epoch triplet loss = 0.0053
2022-01-14 03:34:28   Finished epoch 07 in 0:14:17, average epoch triplet loss = 0.0053
2022-01-14 03:34:28   Extracting database features for evaluation/testing
2022-01-14 03:35:03   Extracting queries features for evaluation/testing
2022-01-14 03:35:30   Calculating recalls
2022-01-14 03:35:51   Recalls on val set < BaseDataset, pitts30k - #database: 10000; #queries: 7608 >: R@1: 81.9, R@5: 92.4, R@10: 95.1, R@20: 97.1
2022-01-14 03:35:51   Not improved: 1 / 3: best R@5 = 93.1, current R@5 = 92.4
2022-01-14 03:35:51   Start training epoch: 08
2022-01-14 03:35:51   Cache: 0 / 5
2022-01-14 03:38:43   Epoch[08](0/5): current batch triplet loss = 0.0000, average epoch triplet loss = 0.0057
2022-01-14 03:38:43   Cache: 1 / 5
2022-01-14 03:41:35   Epoch[08](1/5): current batch triplet loss = 0.0025, average epoch triplet loss = 0.0059
2022-01-14 03:41:35   Cache: 2 / 5
2022-01-14 03:44:27   Epoch[08](2/5): current batch triplet loss = 0.0046, average epoch triplet loss = 0.0060
2022-01-14 03:44:27   Cache: 3 / 5
2022-01-14 03:47:18   Epoch[08](3/5): current batch triplet loss = 0.0031, average epoch triplet loss = 0.0059
2022-01-14 03:47:18   Cache: 4 / 5
2022-01-14 03:50:09   Epoch[08](4/5): current batch triplet loss = 0.0046, average epoch triplet loss = 0.0058
2022-01-14 03:50:09   Finished epoch 08 in 0:14:18, average epoch triplet loss = 0.0058
2022-01-14 03:50:09   Extracting database features for evaluation/testing
2022-01-14 03:50:44   Extracting queries features for evaluation/testing
2022-01-14 03:51:11   Calculating recalls
2022-01-14 03:51:33   Recalls on val set < BaseDataset, pitts30k - #database: 10000; #queries: 7608 >: R@1: 81.4, R@5: 92.5, R@10: 95.4, R@20: 97.1
2022-01-14 03:51:33   Not improved: 2 / 3: best R@5 = 93.1, current R@5 = 92.5
2022-01-14 03:51:33   Start training epoch: 09
2022-01-14 03:51:33   Cache: 0 / 5
2022-01-14 03:54:25   Epoch[09](0/5): current batch triplet loss = 0.0032, average epoch triplet loss = 0.0054
2022-01-14 03:54:25   Cache: 1 / 5
2022-01-14 03:57:17   Epoch[09](1/5): current batch triplet loss = 0.0025, average epoch triplet loss = 0.0055
2022-01-14 03:57:17   Cache: 2 / 5
2022-01-14 04:00:08   Epoch[09](2/5): current batch triplet loss = 0.0027, average epoch triplet loss = 0.0055
2022-01-14 04:00:08   Cache: 3 / 5
2022-01-14 04:03:00   Epoch[09](3/5): current batch triplet loss = 0.0129, average epoch triplet loss = 0.0056
2022-01-14 04:03:00   Cache: 4 / 5
2022-01-14 04:05:51   Epoch[09](4/5): current batch triplet loss = 0.0081, average epoch triplet loss = 0.0055
2022-01-14 04:05:51   Finished epoch 09 in 0:14:18, average epoch triplet loss = 0.0055
2022-01-14 04:05:51   Extracting database features for evaluation/testing
2022-01-14 04:06:26   Extracting queries features for evaluation/testing
2022-01-14 04:06:53   Calculating recalls
2022-01-14 04:07:15   Recalls on val set < BaseDataset, pitts30k - #database: 10000; #queries: 7608 >: R@1: 82.3, R@5: 93.0, R@10: 95.5, R@20: 97.2
2022-01-14 04:07:15   Not improved: 3 / 3: best R@5 = 93.1, current R@5 = 93.0
2022-01-14 04:07:15   Performance did not improve for 3 epochs. Stop training.
2022-01-14 04:07:15   Best R@5: 93.1
2022-01-14 04:07:15   Trained for 10 epochs, in total in 2:37:24
2022-01-14 04:07:15   Extracting database features for evaluation/testing
2022-01-14 04:07:50   Extracting queries features for evaluation/testing
2022-01-14 04:08:14   Calculating recalls
2022-01-14 04:08:34   Recalls on < BaseDataset, pitts30k - #database: 10000; #queries: 6816 >: R@1: 78.1, R@5: 89.0, R@10: 92.2, R@20: 94.4
