2022-01-14 01:29:50   Arguments: Namespace(backbone='resnet18', use_netvlad=True, netvlad_clusters=64, use_gem=None, gem_p=3, gem_eps=1e-06, use_sgd=None, use_adagrad=None, momentum=0.9, train_batch_size=4, infer_batch_size=16, margin=0.1, epochs_num=20, patience=3, lr=0.001, cache_refresh_rate=1000, queries_per_epoch=5000, negs_num_per_query=10, neg_samples_num=1000, seed=0, device='cuda', num_workers=8, val_positive_dist_threshold=25, train_positives_dist_threshold=10, recall_values=[1, 5, 10, 20], datasets_folder='./Dataset_pitts30k', exp_name='default', test_dataset_name=None, test_model_path=None, output_folder='runs/default/2022-01-14_01-29-50')
2022-01-14 01:29:50   The outputs are being saved in runs/default/2022-01-14_01-29-50
2022-01-14 01:29:50   Using 1 GPUs and 12 CPUs
2022-01-14 01:29:51   There are 96 queries without any positives within the training set. They won't be considered as they're useless for training.
2022-01-14 01:29:51   Train query set: < TripletsDataset, pitts30k - #database: 10000; #queries: 7320 >
2022-01-14 01:29:51   Val set: < BaseDataset, pitts30k - #database: 10000; #queries: 7608 >
2022-01-14 01:29:51   Test set: < BaseDataset, pitts30k - #database: 10000; #queries: 6816 >
2022-01-14 01:29:57   Output dimension of the model is 16384
2022-01-14 01:29:57   Start training epoch: 00
2022-01-14 01:44:16   Finished epoch 00 in 0:14:19, average epoch triplet loss = 0.0210
2022-01-14 01:45:52   Recalls on val set < BaseDataset, pitts30k - #database: 10000; #queries: 7608 >: R@1: 77.6, R@5: 90.3, R@10: 93.6, R@20: 96.0
2022-01-14 01:45:52   Improved: previous best R@5 = 0.0, current R@5 = 90.3
2022-01-14 01:45:52   Start training epoch: 01
2022-01-14 02:00:09   Finished epoch 01 in 0:14:16, average epoch triplet loss = 0.0117
2022-01-14 02:01:40   Recalls on val set < BaseDataset, pitts30k - #database: 10000; #queries: 7608 >: R@1: 81.3, R@5: 92.8, R@10: 95.2, R@20: 96.8
2022-01-14 02:01:40   Improved: previous best R@5 = 90.3, current R@5 = 92.8
2022-01-14 02:01:40   Start training epoch: 02
2022-01-14 02:15:57   Finished epoch 02 in 0:14:16, average epoch triplet loss = 0.0086
2022-01-14 02:17:20   Recalls on val set < BaseDataset, pitts30k - #database: 10000; #queries: 7608 >: R@1: 82.3, R@5: 92.7, R@10: 95.2, R@20: 97.0
2022-01-14 02:17:20   Not improved: 1 / 3: best R@5 = 92.8, current R@5 = 92.7
2022-01-14 02:17:20   Start training epoch: 03
2022-01-14 02:31:38   Finished epoch 03 in 0:14:18, average epoch triplet loss = 0.0077
2022-01-14 02:33:03   Recalls on val set < BaseDataset, pitts30k - #database: 10000; #queries: 7608 >: R@1: 82.6, R@5: 92.8, R@10: 95.5, R@20: 97.1
2022-01-14 02:33:04   Improved: previous best R@5 = 92.8, current R@5 = 92.8
2022-01-14 02:33:04   Start training epoch: 04
2022-01-14 02:47:21   Finished epoch 04 in 0:14:17, average epoch triplet loss = 0.0069
2022-01-14 02:48:48   Recalls on val set < BaseDataset, pitts30k - #database: 10000; #queries: 7608 >: R@1: 82.7, R@5: 92.8, R@10: 95.1, R@20: 97.1
2022-01-14 02:48:48   Not improved: 1 / 3: best R@5 = 92.8, current R@5 = 92.8
2022-01-14 02:48:48   Start training epoch: 05
2022-01-14 03:03:06   Finished epoch 05 in 0:14:17, average epoch triplet loss = 0.0063
2022-01-14 03:04:29   Recalls on val set < BaseDataset, pitts30k - #database: 10000; #queries: 7608 >: R@1: 81.5, R@5: 92.2, R@10: 95.2, R@20: 97.2
2022-01-14 03:04:29   Not improved: 2 / 3: best R@5 = 92.8, current R@5 = 92.2
2022-01-14 03:04:29   Start training epoch: 06
2022-01-14 03:18:46   Finished epoch 06 in 0:14:17, average epoch triplet loss = 0.0062
2022-01-14 03:20:10   Recalls on val set < BaseDataset, pitts30k - #database: 10000; #queries: 7608 >: R@1: 82.4, R@5: 93.1, R@10: 95.7, R@20: 97.3
2022-01-14 03:20:10   Improved: previous best R@5 = 92.8, current R@5 = 93.1
2022-01-14 03:20:10   Start training epoch: 07
2022-01-14 03:34:28   Finished epoch 07 in 0:14:17, average epoch triplet loss = 0.0053
2022-01-14 03:35:51   Recalls on val set < BaseDataset, pitts30k - #database: 10000; #queries: 7608 >: R@1: 81.9, R@5: 92.4, R@10: 95.1, R@20: 97.1
2022-01-14 03:35:51   Not improved: 1 / 3: best R@5 = 93.1, current R@5 = 92.4
2022-01-14 03:35:51   Start training epoch: 08
2022-01-14 03:50:09   Finished epoch 08 in 0:14:18, average epoch triplet loss = 0.0058
2022-01-14 03:51:33   Recalls on val set < BaseDataset, pitts30k - #database: 10000; #queries: 7608 >: R@1: 81.4, R@5: 92.5, R@10: 95.4, R@20: 97.1
2022-01-14 03:51:33   Not improved: 2 / 3: best R@5 = 93.1, current R@5 = 92.5
2022-01-14 03:51:33   Start training epoch: 09
2022-01-14 04:05:51   Finished epoch 09 in 0:14:18, average epoch triplet loss = 0.0055
2022-01-14 04:07:15   Recalls on val set < BaseDataset, pitts30k - #database: 10000; #queries: 7608 >: R@1: 82.3, R@5: 93.0, R@10: 95.5, R@20: 97.2
2022-01-14 04:07:15   Not improved: 3 / 3: best R@5 = 93.1, current R@5 = 93.0
2022-01-14 04:07:15   Performance did not improve for 3 epochs. Stop training.
2022-01-14 04:07:15   Best R@5: 93.1
2022-01-14 04:07:15   Trained for 10 epochs, in total in 2:37:24
2022-01-14 04:08:34   Recalls on < BaseDataset, pitts30k - #database: 10000; #queries: 6816 >: R@1: 78.1, R@5: 89.0, R@10: 92.2, R@20: 94.4
