2022-01-21 11:44:24   Arguments: Namespace(upscale_input=False, downscale_input=False, augment_input='None', backbone='resnet18', use_netvlad=True, netvlad_clusters=64, use_gem=None, gem_p=3, gem_eps=1e-06, use_attention='cbam', attention_lr=0.01, use_sgd=None, use_adagrad=None, momentum=0.9, train_batch_size=4, infer_batch_size=16, margin=0.1, epochs_num=20, patience=3, lr=1e-05, cache_refresh_rate=1000, queries_per_epoch=5000, negs_num_per_query=10, neg_samples_num=1000, seed=0, device='cuda', num_workers=8, val_positive_dist_threshold=25, train_positives_dist_threshold=10, recall_values=[1, 5, 10, 20], datasets_folder='./Dataset_pitts30k', exp_name='default', test_dataset_name=None, test_model_path=None, save_attention_mask=None, output_folder='runs/default/2022-01-21_11-44-24')
2022-01-21 11:44:24   The outputs are being saved in runs/default/2022-01-21_11-44-24
2022-01-21 11:44:24   Using 1 GPUs and 12 CPUs
2022-01-21 11:44:24   There are 96 queries without any positives within the training set. They won't be considered as they're useless for training.
2022-01-21 11:44:24   Train query set: < TripletsDataset, pitts30k - #database: 10000; #queries: 7320 >
2022-01-21 11:44:24   Val set: < BaseDataset, pitts30k - #database: 10000; #queries: 7608 >
2022-01-21 11:44:25   Test set: < BaseDataset, pitts30k - #database: 10000; #queries: 6816 >
2022-01-21 11:44:28   Output dimension of the model is 16384
2022-01-21 11:44:28   Start training epoch: 00
2022-01-21 11:59:34   Finished epoch 00 in 0:15:05, average epoch triplet loss = 0.0288
2022-01-21 12:01:23   Recalls on val set < BaseDataset, pitts30k - #database: 10000; #queries: 7608 >: R@1: 86.2, R@5: 94.9, R@10: 96.8, R@20: 98.1
2022-01-21 12:01:23   Improved: previous best R@5 = 0.0, current R@5 = 94.9
2022-01-21 12:01:23   Start training epoch: 01
2022-01-21 12:16:20   Finished epoch 01 in 0:14:56, average epoch triplet loss = 0.0226
2022-01-21 12:18:04   Recalls on val set < BaseDataset, pitts30k - #database: 10000; #queries: 7608 >: R@1: 88.1, R@5: 95.9, R@10: 97.4, R@20: 98.3
2022-01-21 12:18:04   Improved: previous best R@5 = 94.9, current R@5 = 95.9
2022-01-21 12:18:04   Start training epoch: 02
2022-01-21 12:33:06   Finished epoch 02 in 0:15:01, average epoch triplet loss = 0.0193
2022-01-21 12:34:54   Recalls on val set < BaseDataset, pitts30k - #database: 10000; #queries: 7608 >: R@1: 88.7, R@5: 96.1, R@10: 97.5, R@20: 98.5
2022-01-21 12:34:54   Improved: previous best R@5 = 95.9, current R@5 = 96.1
2022-01-21 12:34:54   Start training epoch: 03
2022-01-21 12:49:59   Finished epoch 03 in 0:15:04, average epoch triplet loss = 0.0183
2022-01-21 12:51:31   Recalls on val set < BaseDataset, pitts30k - #database: 10000; #queries: 7608 >: R@1: 88.4, R@5: 96.0, R@10: 97.5, R@20: 98.4
2022-01-21 12:51:32   Not improved: 1 / 3: best R@5 = 96.1, current R@5 = 96.0
2022-01-21 12:51:32   Start training epoch: 04
2022-01-21 13:06:30   Finished epoch 04 in 0:14:57, average epoch triplet loss = 0.0170
2022-01-21 13:08:05   Recalls on val set < BaseDataset, pitts30k - #database: 10000; #queries: 7608 >: R@1: 88.8, R@5: 96.1, R@10: 97.6, R@20: 98.3
2022-01-21 13:08:06   Improved: previous best R@5 = 96.1, current R@5 = 96.1
2022-01-21 13:08:06   Start training epoch: 05
2022-01-21 13:23:18   Finished epoch 05 in 0:15:12, average epoch triplet loss = 0.0159
2022-01-21 13:25:11   Recalls on val set < BaseDataset, pitts30k - #database: 10000; #queries: 7608 >: R@1: 88.8, R@5: 96.2, R@10: 97.6, R@20: 98.4
2022-01-21 13:25:12   Improved: previous best R@5 = 96.1, current R@5 = 96.2
2022-01-21 13:25:12   Start training epoch: 06
2022-01-21 13:40:18   Finished epoch 06 in 0:15:06, average epoch triplet loss = 0.0158
2022-01-21 13:42:03   Recalls on val set < BaseDataset, pitts30k - #database: 10000; #queries: 7608 >: R@1: 88.8, R@5: 96.1, R@10: 97.5, R@20: 98.3
2022-01-21 13:42:03   Not improved: 1 / 3: best R@5 = 96.2, current R@5 = 96.1
2022-01-21 13:42:03   Start training epoch: 07
2022-01-21 13:57:11   Finished epoch 07 in 0:15:08, average epoch triplet loss = 0.0146
2022-01-21 13:58:54   Recalls on val set < BaseDataset, pitts30k - #database: 10000; #queries: 7608 >: R@1: 88.7, R@5: 96.2, R@10: 97.6, R@20: 98.4
2022-01-21 13:58:55   Not improved: 2 / 3: best R@5 = 96.2, current R@5 = 96.2
2022-01-21 13:58:55   Start training epoch: 08
2022-01-21 14:14:07   Finished epoch 08 in 0:15:12, average epoch triplet loss = 0.0145
2022-01-21 14:15:52   Recalls on val set < BaseDataset, pitts30k - #database: 10000; #queries: 7608 >: R@1: 89.0, R@5: 96.2, R@10: 97.5, R@20: 98.3
2022-01-21 14:15:52   Improved: previous best R@5 = 96.2, current R@5 = 96.2
2022-01-21 14:15:52   Start training epoch: 09
2022-01-21 14:31:29   Finished epoch 09 in 0:15:37, average epoch triplet loss = 0.0136
2022-01-21 14:33:10   Recalls on val set < BaseDataset, pitts30k - #database: 10000; #queries: 7608 >: R@1: 88.9, R@5: 96.2, R@10: 97.5, R@20: 98.3
2022-01-21 14:33:10   Improved: previous best R@5 = 96.2, current R@5 = 96.2
2022-01-21 14:33:10   Start training epoch: 10
2022-01-21 14:47:47   Finished epoch 10 in 0:14:36, average epoch triplet loss = 0.0126
2022-01-21 14:49:31   Recalls on val set < BaseDataset, pitts30k - #database: 10000; #queries: 7608 >: R@1: 88.8, R@5: 95.9, R@10: 97.5, R@20: 98.2
2022-01-21 14:49:31   Not improved: 1 / 3: best R@5 = 96.2, current R@5 = 95.9
2022-01-21 14:49:31   Start training epoch: 11
2022-01-21 15:04:50   Finished epoch 11 in 0:15:18, average epoch triplet loss = 0.0123
2022-01-21 15:06:27   Recalls on val set < BaseDataset, pitts30k - #database: 10000; #queries: 7608 >: R@1: 88.7, R@5: 96.0, R@10: 97.5, R@20: 98.2
2022-01-21 15:06:27   Not improved: 2 / 3: best R@5 = 96.2, current R@5 = 96.0
2022-01-21 15:06:27   Start training epoch: 12
2022-01-21 15:21:56   Finished epoch 12 in 0:15:29, average epoch triplet loss = 0.0118
2022-01-21 15:23:53   Recalls on val set < BaseDataset, pitts30k - #database: 10000; #queries: 7608 >: R@1: 88.5, R@5: 95.9, R@10: 97.5, R@20: 98.3
2022-01-21 15:23:54   Not improved: 3 / 3: best R@5 = 96.2, current R@5 = 95.9
2022-01-21 15:23:54   Performance did not improve for 3 epochs. Stop training.
2022-01-21 15:23:54   Best R@5: 96.2
2022-01-21 15:23:54   Trained for 13 epochs, in total in 3:39:29
2022-01-21 15:25:31   Recalls on < BaseDataset, pitts30k - #database: 10000; #queries: 6816 >: R@1: 86.5, R@5: 92.8, R@10: 94.7, R@20: 96.2
