2022-01-13 01:41:49   Arguments: Namespace(use_netvlad=None, netvlad_clusters=64, use_gem=True, gem_p=3, gem_eps=1e-06, use_sgd=None, use_adagrad=None, momentum=0.9, train_batch_size=4, infer_batch_size=16, margin=0.1, epochs_num=10, patience=3, lr=1e-05, cache_refresh_rate=1000, queries_per_epoch=5000, negs_num_per_query=10, neg_samples_num=1000, seed=0, device='cuda', num_workers=8, val_positive_dist_threshold=25, train_positives_dist_threshold=15, recall_values=[1, 5, 10, 20], datasets_folder='./Dataset_pitts30k', exp_name='default', test_dataset_name=None, test_model_path=None, output_folder='runs/default/2022-01-13_01-41-49')
2022-01-13 01:41:49   The outputs are being saved in runs/default/2022-01-13_01-41-49
2022-01-13 01:41:49   Using 1 GPUs and 12 CPUs
2022-01-13 01:41:49   There are 48 queries without any positives within the training set. They won't be considered as they're useless for training.
2022-01-13 01:41:49   Train query set: < TripletsDataset, pitts30k - #database: 10000; #queries: 7368 >
2022-01-13 01:41:49   Val set: < BaseDataset, pitts30k - #database: 10000; #queries: 7608 >
2022-01-13 01:41:49   Test set: < BaseDataset, pitts30k - #database: 10000; #queries: 6816 >
2022-01-13 01:41:54   Output dimension of the model is 256
2022-01-13 01:41:54   Start training epoch: 00
2022-01-13 01:47:58   Finished epoch 00 in 0:06:03, average epoch triplet loss = 0.0681
2022-01-13 01:48:42   Recalls on val set < BaseDataset, pitts30k - #database: 10000; #queries: 7608 >: R@1: 54.2, R@5: 75.6, R@10: 83.2, R@20: 89.3
2022-01-13 01:48:42   Improved: previous best R@5 = 0.0, current R@5 = 75.6
2022-01-13 01:48:42   Start training epoch: 01
2022-01-13 01:54:44   Finished epoch 01 in 0:06:01, average epoch triplet loss = 0.0583
2022-01-13 01:55:29   Recalls on val set < BaseDataset, pitts30k - #database: 10000; #queries: 7608 >: R@1: 58.4, R@5: 78.1, R@10: 84.7, R@20: 90.2
2022-01-13 01:55:29   Improved: previous best R@5 = 75.6, current R@5 = 78.1
2022-01-13 01:55:29   Start training epoch: 02
2022-01-13 02:01:31   Finished epoch 02 in 0:06:01, average epoch triplet loss = 0.0520
2022-01-13 02:02:16   Recalls on val set < BaseDataset, pitts30k - #database: 10000; #queries: 7608 >: R@1: 59.4, R@5: 79.7, R@10: 85.7, R@20: 91.0
2022-01-13 02:02:16   Improved: previous best R@5 = 78.1, current R@5 = 79.7
2022-01-13 02:02:16   Start training epoch: 03
2022-01-13 02:08:18   Finished epoch 03 in 0:06:01, average epoch triplet loss = 0.0487
2022-01-13 02:09:04   Recalls on val set < BaseDataset, pitts30k - #database: 10000; #queries: 7608 >: R@1: 60.0, R@5: 79.7, R@10: 85.9, R@20: 90.8
2022-01-13 02:09:04   Improved: previous best R@5 = 79.7, current R@5 = 79.7
2022-01-13 02:09:04   Start training epoch: 04
2022-01-13 02:15:04   Finished epoch 04 in 0:05:59, average epoch triplet loss = 0.0452
2022-01-13 02:15:49   Recalls on val set < BaseDataset, pitts30k - #database: 10000; #queries: 7608 >: R@1: 59.2, R@5: 78.7, R@10: 85.6, R@20: 90.9
2022-01-13 02:15:49   Not improved: 1 / 3: best R@5 = 79.7, current R@5 = 78.7
2022-01-13 02:15:49   Start training epoch: 05
2022-01-13 02:21:49   Finished epoch 05 in 0:05:59, average epoch triplet loss = 0.0427
2022-01-13 02:22:34   Recalls on val set < BaseDataset, pitts30k - #database: 10000; #queries: 7608 >: R@1: 60.4, R@5: 79.5, R@10: 86.1, R@20: 91.0
2022-01-13 02:22:34   Not improved: 2 / 3: best R@5 = 79.7, current R@5 = 79.5
2022-01-13 02:22:34   Start training epoch: 06
2022-01-13 02:28:35   Finished epoch 06 in 0:06:00, average epoch triplet loss = 0.0412
2022-01-13 02:29:21   Recalls on val set < BaseDataset, pitts30k - #database: 10000; #queries: 7608 >: R@1: 59.9, R@5: 79.5, R@10: 85.6, R@20: 90.6
2022-01-13 02:29:21   Not improved: 3 / 3: best R@5 = 79.7, current R@5 = 79.5
2022-01-13 02:29:21   Performance did not improve for 3 epochs. Stop training.
2022-01-13 02:29:21   Best R@5: 79.7
2022-01-13 02:29:21   Trained for 07 epochs, in total in 0:47:32
2022-01-13 02:30:05   Recalls on < BaseDataset, pitts30k - #database: 10000; #queries: 6816 >: R@1: 59.1, R@5: 79.5, R@10: 85.5, R@20: 90.5
