2022-01-12 23:55:54   Arguments: Namespace(use_netvlad=True, netvlad_clusters=32, use_gem=None, gem_p=3, gem_eps=1e-06, use_sgd=None, use_adagrad=None, momentum=0.9, train_batch_size=4, infer_batch_size=16, margin=0.1, epochs_num=10, patience=3, lr=1e-06, cache_refresh_rate=1000, queries_per_epoch=5000, negs_num_per_query=10, neg_samples_num=1000, seed=0, device='cuda', num_workers=8, val_positive_dist_threshold=25, train_positives_dist_threshold=10, recall_values=[1, 5, 10, 20], datasets_folder='./Dataset_pitts30k', exp_name='default', test_dataset_name=None, test_model_path=None, output_folder='runs/default/2022-01-12_23-55-54')
2022-01-12 23:55:54   The outputs are being saved in runs/default/2022-01-12_23-55-54
2022-01-12 23:55:54   Using 1 GPUs and 12 CPUs
2022-01-12 23:55:54   Loading dataset Pitts30k from folder ./Dataset_pitts30k
2022-01-12 23:55:54   There are 96 queries without any positives within the training set. They won't be considered as they're useless for training.
2022-01-12 23:55:54   Train query set: < TripletsDataset, pitts30k - #database: 10000; #queries: 7320 >
2022-01-12 23:55:54   Val set: < BaseDataset, pitts30k - #database: 10000; #queries: 7608 >
2022-01-12 23:55:54   Test set: < BaseDataset, pitts30k - #database: 10000; #queries: 6816 >
2022-01-12 23:55:54   Train only conv4 of the ResNet-18 (remove conv5), freeze the previous ones
2022-01-12 23:55:57   Output dimension of the model is 8192
2022-01-12 23:55:57   Start training epoch: 00
2022-01-12 23:55:57   Cache: 0 / 5
2022-01-12 23:58:13   Epoch[00](0/5): current batch triplet loss = 0.0971, average epoch triplet loss = 0.0980
2022-01-12 23:58:13   Cache: 1 / 5
2022-01-13 00:00:11   Epoch[00](1/5): current batch triplet loss = 0.1017, average epoch triplet loss = 0.0981
2022-01-13 00:00:11   Cache: 2 / 5
2022-01-13 00:02:03   Epoch[00](2/5): current batch triplet loss = 0.0988, average epoch triplet loss = 0.0980
2022-01-13 00:02:03   Cache: 3 / 5
2022-01-13 00:03:56   Epoch[00](3/5): current batch triplet loss = 0.1005, average epoch triplet loss = 0.0979
2022-01-13 00:03:56   Cache: 4 / 5
2022-01-13 00:05:47   Epoch[00](4/5): current batch triplet loss = 0.0988, average epoch triplet loss = 0.0979
2022-01-13 00:05:47   Finished epoch 00 in 0:09:50, average epoch triplet loss = 0.0979
2022-01-13 00:05:47   Extracting database features for evaluation/testing
2022-01-13 00:06:18   Extracting queries features for evaluation/testing
2022-01-13 00:06:42   Calculating recalls
2022-01-13 00:06:53   Recalls on val set < BaseDataset, pitts30k - #database: 10000; #queries: 7608 >: R@1: 32.7, R@5: 52.9, R@10: 62.0, R@20: 71.8
2022-01-13 00:06:53   Improved: previous best R@5 = 0.0, current R@5 = 52.9
2022-01-13 00:06:53   Start training epoch: 01
2022-01-13 00:06:53   Cache: 0 / 5
2022-01-13 00:08:45   Epoch[01](0/5): current batch triplet loss = 0.0982, average epoch triplet loss = 0.0976
2022-01-13 00:08:45   Cache: 1 / 5
2022-01-13 00:10:36   Epoch[01](1/5): current batch triplet loss = 0.0973, average epoch triplet loss = 0.0976
2022-01-13 00:10:36   Cache: 2 / 5
2022-01-13 00:12:28   Epoch[01](2/5): current batch triplet loss = 0.0990, average epoch triplet loss = 0.0976
2022-01-13 00:12:28   Cache: 3 / 5
2022-01-13 00:14:20   Epoch[01](3/5): current batch triplet loss = 0.0935, average epoch triplet loss = 0.0976
2022-01-13 00:14:20   Cache: 4 / 5
2022-01-13 00:16:12   Epoch[01](4/5): current batch triplet loss = 0.0987, average epoch triplet loss = 0.0976
2022-01-13 00:16:12   Finished epoch 01 in 0:09:18, average epoch triplet loss = 0.0976
2022-01-13 00:16:12   Extracting database features for evaluation/testing
2022-01-13 00:16:42   Extracting queries features for evaluation/testing
2022-01-13 00:17:06   Calculating recalls
2022-01-13 00:17:17   Recalls on val set < BaseDataset, pitts30k - #database: 10000; #queries: 7608 >: R@1: 40.3, R@5: 61.7, R@10: 70.9, R@20: 79.7
2022-01-13 00:17:17   Improved: previous best R@5 = 52.9, current R@5 = 61.7
2022-01-13 00:17:17   Start training epoch: 02
2022-01-13 00:17:17   Cache: 0 / 5
2022-01-13 00:19:09   Epoch[02](0/5): current batch triplet loss = 0.0985, average epoch triplet loss = 0.0975
2022-01-13 00:19:09   Cache: 1 / 5
2022-01-13 00:21:01   Epoch[02](1/5): current batch triplet loss = 0.0972, average epoch triplet loss = 0.0976
2022-01-13 00:21:01   Cache: 2 / 5
2022-01-13 00:22:53   Epoch[02](2/5): current batch triplet loss = 0.0911, average epoch triplet loss = 0.0976
2022-01-13 00:22:53   Cache: 3 / 5
2022-01-13 00:24:45   Epoch[02](3/5): current batch triplet loss = 0.0970, average epoch triplet loss = 0.0975
2022-01-13 00:24:45   Cache: 4 / 5
2022-01-13 00:26:38   Epoch[02](4/5): current batch triplet loss = 0.0978, average epoch triplet loss = 0.0975
2022-01-13 00:26:38   Finished epoch 02 in 0:09:20, average epoch triplet loss = 0.0975
2022-01-13 00:26:38   Extracting database features for evaluation/testing
2022-01-13 00:27:09   Extracting queries features for evaluation/testing
2022-01-13 00:27:32   Calculating recalls
2022-01-13 00:27:43   Recalls on val set < BaseDataset, pitts30k - #database: 10000; #queries: 7608 >: R@1: 45.6, R@5: 67.7, R@10: 76.3, R@20: 84.2
2022-01-13 00:27:43   Improved: previous best R@5 = 61.7, current R@5 = 67.7
2022-01-13 00:27:43   Start training epoch: 03
2022-01-13 00:27:43   Cache: 0 / 5
2022-01-13 00:29:35   Epoch[03](0/5): current batch triplet loss = 0.0985, average epoch triplet loss = 0.0972
2022-01-13 00:29:35   Cache: 1 / 5
2022-01-13 00:31:27   Epoch[03](1/5): current batch triplet loss = 0.0969, average epoch triplet loss = 0.0973
2022-01-13 00:31:27   Cache: 2 / 5
2022-01-13 00:33:19   Epoch[03](2/5): current batch triplet loss = 0.0932, average epoch triplet loss = 0.0974
2022-01-13 00:33:19   Cache: 3 / 5
2022-01-13 00:35:11   Epoch[03](3/5): current batch triplet loss = 0.0995, average epoch triplet loss = 0.0974
2022-01-13 00:35:11   Cache: 4 / 5
2022-01-13 00:37:03   Epoch[03](4/5): current batch triplet loss = 0.0997, average epoch triplet loss = 0.0974
2022-01-13 00:37:03   Finished epoch 03 in 0:09:19, average epoch triplet loss = 0.0974
2022-01-13 00:37:03   Extracting database features for evaluation/testing
2022-01-13 00:37:33   Extracting queries features for evaluation/testing
2022-01-13 00:37:57   Calculating recalls
2022-01-13 00:38:08   Recalls on val set < BaseDataset, pitts30k - #database: 10000; #queries: 7608 >: R@1: 49.1, R@5: 71.6, R@10: 79.6, R@20: 86.8
2022-01-13 00:38:08   Improved: previous best R@5 = 67.7, current R@5 = 71.6
2022-01-13 00:38:08   Start training epoch: 04
2022-01-13 00:38:08   Cache: 0 / 5
2022-01-13 00:40:00   Epoch[04](0/5): current batch triplet loss = 0.0959, average epoch triplet loss = 0.0976
2022-01-13 00:40:00   Cache: 1 / 5
2022-01-13 00:41:52   Epoch[04](1/5): current batch triplet loss = 0.0984, average epoch triplet loss = 0.0974
2022-01-13 00:41:52   Cache: 2 / 5
2022-01-13 00:43:44   Epoch[04](2/5): current batch triplet loss = 0.0983, average epoch triplet loss = 0.0974
2022-01-13 00:43:44   Cache: 3 / 5
2022-01-13 00:45:36   Epoch[04](3/5): current batch triplet loss = 0.0982, average epoch triplet loss = 0.0974
2022-01-13 00:45:36   Cache: 4 / 5
2022-01-13 00:47:29   Epoch[04](4/5): current batch triplet loss = 0.0990, average epoch triplet loss = 0.0974
2022-01-13 00:47:29   Finished epoch 04 in 0:09:20, average epoch triplet loss = 0.0974
2022-01-13 00:47:29   Extracting database features for evaluation/testing
2022-01-13 00:47:59   Extracting queries features for evaluation/testing
2022-01-13 00:48:23   Calculating recalls
2022-01-13 00:48:34   Recalls on val set < BaseDataset, pitts30k - #database: 10000; #queries: 7608 >: R@1: 52.3, R@5: 74.1, R@10: 81.5, R@20: 88.0
2022-01-13 00:48:35   Improved: previous best R@5 = 71.6, current R@5 = 74.1
2022-01-13 00:48:35   Start training epoch: 05
2022-01-13 00:48:35   Cache: 0 / 5
2022-01-13 00:50:27   Epoch[05](0/5): current batch triplet loss = 0.0964, average epoch triplet loss = 0.0974
2022-01-13 00:50:27   Cache: 1 / 5
2022-01-13 00:52:19   Epoch[05](1/5): current batch triplet loss = 0.0948, average epoch triplet loss = 0.0973
2022-01-13 00:52:19   Cache: 2 / 5
2022-01-13 00:54:10   Epoch[05](2/5): current batch triplet loss = 0.0963, average epoch triplet loss = 0.0973
2022-01-13 00:54:10   Cache: 3 / 5
2022-01-13 00:56:03   Epoch[05](3/5): current batch triplet loss = 0.0919, average epoch triplet loss = 0.0973
2022-01-13 00:56:03   Cache: 4 / 5
2022-01-13 00:57:55   Epoch[05](4/5): current batch triplet loss = 0.0984, average epoch triplet loss = 0.0973
2022-01-13 00:57:55   Finished epoch 05 in 0:09:19, average epoch triplet loss = 0.0973
2022-01-13 00:57:55   Extracting database features for evaluation/testing
2022-01-13 00:58:26   Extracting queries features for evaluation/testing
2022-01-13 00:58:49   Calculating recalls
2022-01-13 00:59:00   Recalls on val set < BaseDataset, pitts30k - #database: 10000; #queries: 7608 >: R@1: 53.8, R@5: 75.5, R@10: 82.8, R@20: 88.8
2022-01-13 00:59:00   Improved: previous best R@5 = 74.1, current R@5 = 75.5
2022-01-13 00:59:00   Start training epoch: 06
2022-01-13 00:59:00   Cache: 0 / 5
2022-01-13 01:00:53   Epoch[06](0/5): current batch triplet loss = 0.0992, average epoch triplet loss = 0.0972
2022-01-13 01:00:53   Cache: 1 / 5
2022-01-13 01:02:45   Epoch[06](1/5): current batch triplet loss = 0.0939, average epoch triplet loss = 0.0973
2022-01-13 01:02:45   Cache: 2 / 5
2022-01-13 01:04:36   Epoch[06](2/5): current batch triplet loss = 0.0926, average epoch triplet loss = 0.0972
2022-01-13 01:04:36   Cache: 3 / 5
2022-01-13 01:06:28   Epoch[06](3/5): current batch triplet loss = 0.0972, average epoch triplet loss = 0.0972
2022-01-13 01:06:28   Cache: 4 / 5
2022-01-13 01:08:20   Epoch[06](4/5): current batch triplet loss = 0.0966, average epoch triplet loss = 0.0972
2022-01-13 01:08:20   Finished epoch 06 in 0:09:20, average epoch triplet loss = 0.0972
2022-01-13 01:08:20   Extracting database features for evaluation/testing
2022-01-13 01:08:50   Extracting queries features for evaluation/testing
2022-01-13 01:09:14   Calculating recalls
2022-01-13 01:09:25   Recalls on val set < BaseDataset, pitts30k - #database: 10000; #queries: 7608 >: R@1: 55.3, R@5: 77.1, R@10: 83.8, R@20: 89.7
2022-01-13 01:09:25   Improved: previous best R@5 = 75.5, current R@5 = 77.1
2022-01-13 01:09:25   Start training epoch: 07
2022-01-13 01:09:25   Cache: 0 / 5
2022-01-13 01:11:18   Epoch[07](0/5): current batch triplet loss = 0.0966, average epoch triplet loss = 0.0972
2022-01-13 01:11:18   Cache: 1 / 5
2022-01-13 01:13:10   Epoch[07](1/5): current batch triplet loss = 0.0898, average epoch triplet loss = 0.0970
2022-01-13 01:13:10   Cache: 2 / 5
2022-01-13 01:15:02   Epoch[07](2/5): current batch triplet loss = 0.0995, average epoch triplet loss = 0.0970
2022-01-13 01:15:02   Cache: 3 / 5
2022-01-13 01:16:55   Epoch[07](3/5): current batch triplet loss = 0.0982, average epoch triplet loss = 0.0971
2022-01-13 01:16:55   Cache: 4 / 5
2022-01-13 01:18:47   Epoch[07](4/5): current batch triplet loss = 0.0897, average epoch triplet loss = 0.0971
2022-01-13 01:18:47   Finished epoch 07 in 0:09:21, average epoch triplet loss = 0.0971
2022-01-13 01:18:47   Extracting database features for evaluation/testing
2022-01-13 01:19:17   Extracting queries features for evaluation/testing
2022-01-13 01:19:40   Calculating recalls
2022-01-13 01:19:51   Recalls on val set < BaseDataset, pitts30k - #database: 10000; #queries: 7608 >: R@1: 56.3, R@5: 77.5, R@10: 84.3, R@20: 90.1
2022-01-13 01:19:51   Improved: previous best R@5 = 77.1, current R@5 = 77.5
2022-01-13 01:19:51   Start training epoch: 08
2022-01-13 01:19:51   Cache: 0 / 5
2022-01-13 01:21:43   Epoch[08](0/5): current batch triplet loss = 0.0999, average epoch triplet loss = 0.0972
2022-01-13 01:21:43   Cache: 1 / 5
2022-01-13 01:23:35   Epoch[08](1/5): current batch triplet loss = 0.0987, average epoch triplet loss = 0.0971
2022-01-13 01:23:35   Cache: 2 / 5
2022-01-13 01:25:27   Epoch[08](2/5): current batch triplet loss = 0.0968, average epoch triplet loss = 0.0971
2022-01-13 01:25:27   Cache: 3 / 5
2022-01-13 01:27:19   Epoch[08](3/5): current batch triplet loss = 0.0977, average epoch triplet loss = 0.0970
2022-01-13 01:27:19   Cache: 4 / 5
2022-01-13 01:29:11   Epoch[08](4/5): current batch triplet loss = 0.0965, average epoch triplet loss = 0.0970
2022-01-13 01:29:11   Finished epoch 08 in 0:09:19, average epoch triplet loss = 0.0970
2022-01-13 01:29:11   Extracting database features for evaluation/testing
2022-01-13 01:29:42   Extracting queries features for evaluation/testing
2022-01-13 01:30:06   Calculating recalls
2022-01-13 01:30:17   Recalls on val set < BaseDataset, pitts30k - #database: 10000; #queries: 7608 >: R@1: 57.1, R@5: 78.4, R@10: 84.9, R@20: 90.4
2022-01-13 01:30:17   Improved: previous best R@5 = 77.5, current R@5 = 78.4
2022-01-13 01:30:17   Start training epoch: 09
2022-01-13 01:30:17   Cache: 0 / 5
2022-01-13 01:32:09   Epoch[09](0/5): current batch triplet loss = 0.0978, average epoch triplet loss = 0.0971
2022-01-13 01:32:09   Cache: 1 / 5
2022-01-13 01:34:01   Epoch[09](1/5): current batch triplet loss = 0.0969, average epoch triplet loss = 0.0970
2022-01-13 01:34:01   Cache: 2 / 5
2022-01-13 01:35:53   Epoch[09](2/5): current batch triplet loss = 0.0978, average epoch triplet loss = 0.0970
2022-01-13 01:35:53   Cache: 3 / 5
2022-01-13 01:37:46   Epoch[09](3/5): current batch triplet loss = 0.0972, average epoch triplet loss = 0.0970
2022-01-13 01:37:46   Cache: 4 / 5
2022-01-13 01:39:38   Epoch[09](4/5): current batch triplet loss = 0.0976, average epoch triplet loss = 0.0970
2022-01-13 01:39:38   Finished epoch 09 in 0:09:20, average epoch triplet loss = 0.0970
2022-01-13 01:39:38   Extracting database features for evaluation/testing
2022-01-13 01:40:09   Extracting queries features for evaluation/testing
2022-01-13 01:40:32   Calculating recalls
2022-01-13 01:40:43   Recalls on val set < BaseDataset, pitts30k - #database: 10000; #queries: 7608 >: R@1: 58.0, R@5: 78.8, R@10: 85.4, R@20: 90.8
2022-01-13 01:40:44   Improved: previous best R@5 = 78.4, current R@5 = 78.8
2022-01-13 01:40:44   Best R@5: 78.8
2022-01-13 01:40:44   Trained for 10 epochs, in total in 1:44:50
2022-01-13 01:40:44   Extracting database features for evaluation/testing
2022-01-13 01:41:15   Extracting queries features for evaluation/testing
2022-01-13 01:41:36   Calculating recalls
2022-01-13 01:41:46   Recalls on < BaseDataset, pitts30k - #database: 10000; #queries: 6816 >: R@1: 56.8, R@5: 77.5, R@10: 84.7, R@20: 89.5
