2022-01-12 23:55:54   Arguments: Namespace(use_netvlad=True, netvlad_clusters=32, use_gem=None, gem_p=3, gem_eps=1e-06, use_sgd=None, use_adagrad=None, momentum=0.9, train_batch_size=4, infer_batch_size=16, margin=0.1, epochs_num=10, patience=3, lr=1e-06, cache_refresh_rate=1000, queries_per_epoch=5000, negs_num_per_query=10, neg_samples_num=1000, seed=0, device='cuda', num_workers=8, val_positive_dist_threshold=25, train_positives_dist_threshold=10, recall_values=[1, 5, 10, 20], datasets_folder='./Dataset_pitts30k', exp_name='default', test_dataset_name=None, test_model_path=None, output_folder='runs/default/2022-01-12_23-55-54')
2022-01-12 23:55:54   The outputs are being saved in runs/default/2022-01-12_23-55-54
2022-01-12 23:55:54   Using 1 GPUs and 12 CPUs
2022-01-12 23:55:54   There are 96 queries without any positives within the training set. They won't be considered as they're useless for training.
2022-01-12 23:55:54   Train query set: < TripletsDataset, pitts30k - #database: 10000; #queries: 7320 >
2022-01-12 23:55:54   Val set: < BaseDataset, pitts30k - #database: 10000; #queries: 7608 >
2022-01-12 23:55:54   Test set: < BaseDataset, pitts30k - #database: 10000; #queries: 6816 >
2022-01-12 23:55:57   Output dimension of the model is 8192
2022-01-12 23:55:57   Start training epoch: 00
2022-01-13 00:05:47   Finished epoch 00 in 0:09:50, average epoch triplet loss = 0.0979
2022-01-13 00:06:53   Recalls on val set < BaseDataset, pitts30k - #database: 10000; #queries: 7608 >: R@1: 32.7, R@5: 52.9, R@10: 62.0, R@20: 71.8
2022-01-13 00:06:53   Improved: previous best R@5 = 0.0, current R@5 = 52.9
2022-01-13 00:06:53   Start training epoch: 01
2022-01-13 00:16:12   Finished epoch 01 in 0:09:18, average epoch triplet loss = 0.0976
2022-01-13 00:17:17   Recalls on val set < BaseDataset, pitts30k - #database: 10000; #queries: 7608 >: R@1: 40.3, R@5: 61.7, R@10: 70.9, R@20: 79.7
2022-01-13 00:17:17   Improved: previous best R@5 = 52.9, current R@5 = 61.7
2022-01-13 00:17:17   Start training epoch: 02
2022-01-13 00:26:38   Finished epoch 02 in 0:09:20, average epoch triplet loss = 0.0975
2022-01-13 00:27:43   Recalls on val set < BaseDataset, pitts30k - #database: 10000; #queries: 7608 >: R@1: 45.6, R@5: 67.7, R@10: 76.3, R@20: 84.2
2022-01-13 00:27:43   Improved: previous best R@5 = 61.7, current R@5 = 67.7
2022-01-13 00:27:43   Start training epoch: 03
2022-01-13 00:37:03   Finished epoch 03 in 0:09:19, average epoch triplet loss = 0.0974
2022-01-13 00:38:08   Recalls on val set < BaseDataset, pitts30k - #database: 10000; #queries: 7608 >: R@1: 49.1, R@5: 71.6, R@10: 79.6, R@20: 86.8
2022-01-13 00:38:08   Improved: previous best R@5 = 67.7, current R@5 = 71.6
2022-01-13 00:38:08   Start training epoch: 04
2022-01-13 00:47:29   Finished epoch 04 in 0:09:20, average epoch triplet loss = 0.0974
2022-01-13 00:48:34   Recalls on val set < BaseDataset, pitts30k - #database: 10000; #queries: 7608 >: R@1: 52.3, R@5: 74.1, R@10: 81.5, R@20: 88.0
2022-01-13 00:48:35   Improved: previous best R@5 = 71.6, current R@5 = 74.1
2022-01-13 00:48:35   Start training epoch: 05
2022-01-13 00:57:55   Finished epoch 05 in 0:09:19, average epoch triplet loss = 0.0973
2022-01-13 00:59:00   Recalls on val set < BaseDataset, pitts30k - #database: 10000; #queries: 7608 >: R@1: 53.8, R@5: 75.5, R@10: 82.8, R@20: 88.8
2022-01-13 00:59:00   Improved: previous best R@5 = 74.1, current R@5 = 75.5
2022-01-13 00:59:00   Start training epoch: 06
2022-01-13 01:08:20   Finished epoch 06 in 0:09:20, average epoch triplet loss = 0.0972
2022-01-13 01:09:25   Recalls on val set < BaseDataset, pitts30k - #database: 10000; #queries: 7608 >: R@1: 55.3, R@5: 77.1, R@10: 83.8, R@20: 89.7
2022-01-13 01:09:25   Improved: previous best R@5 = 75.5, current R@5 = 77.1
2022-01-13 01:09:25   Start training epoch: 07
2022-01-13 01:18:47   Finished epoch 07 in 0:09:21, average epoch triplet loss = 0.0971
2022-01-13 01:19:51   Recalls on val set < BaseDataset, pitts30k - #database: 10000; #queries: 7608 >: R@1: 56.3, R@5: 77.5, R@10: 84.3, R@20: 90.1
2022-01-13 01:19:51   Improved: previous best R@5 = 77.1, current R@5 = 77.5
2022-01-13 01:19:51   Start training epoch: 08
2022-01-13 01:29:11   Finished epoch 08 in 0:09:19, average epoch triplet loss = 0.0970
2022-01-13 01:30:17   Recalls on val set < BaseDataset, pitts30k - #database: 10000; #queries: 7608 >: R@1: 57.1, R@5: 78.4, R@10: 84.9, R@20: 90.4
2022-01-13 01:30:17   Improved: previous best R@5 = 77.5, current R@5 = 78.4
2022-01-13 01:30:17   Start training epoch: 09
2022-01-13 01:39:38   Finished epoch 09 in 0:09:20, average epoch triplet loss = 0.0970
2022-01-13 01:40:43   Recalls on val set < BaseDataset, pitts30k - #database: 10000; #queries: 7608 >: R@1: 58.0, R@5: 78.8, R@10: 85.4, R@20: 90.8
2022-01-13 01:40:44   Improved: previous best R@5 = 78.4, current R@5 = 78.8
2022-01-13 01:40:44   Best R@5: 78.8
2022-01-13 01:40:44   Trained for 10 epochs, in total in 1:44:50
2022-01-13 01:41:46   Recalls on < BaseDataset, pitts30k - #database: 10000; #queries: 6816 >: R@1: 56.8, R@5: 77.5, R@10: 84.7, R@20: 89.5
