2022-01-14 04:09:30   Arguments: Namespace(backbone='resnet18', use_netvlad=True, netvlad_clusters=64, use_gem=None, gem_p=3, gem_eps=1e-06, use_sgd=None, use_adagrad=None, momentum=0.9, train_batch_size=4, infer_batch_size=16, margin=0.1, epochs_num=20, patience=3, lr=0.0001, cache_refresh_rate=1000, queries_per_epoch=5000, negs_num_per_query=10, neg_samples_num=1000, seed=0, device='cuda', num_workers=8, val_positive_dist_threshold=25, train_positives_dist_threshold=10, recall_values=[1, 5, 10, 20], datasets_folder='./Dataset_pitts30k', exp_name='default', test_dataset_name=None, test_model_path=None, output_folder='runs/default/2022-01-14_04-09-30')
2022-01-14 04:09:30   The outputs are being saved in runs/default/2022-01-14_04-09-30
2022-01-14 04:09:30   Using 1 GPUs and 12 CPUs
2022-01-14 04:09:30   Loading dataset Pitts30k from folder ./Dataset_pitts30k
2022-01-14 04:09:30   There are 96 queries without any positives within the training set. They won't be considered as they're useless for training.
2022-01-14 04:09:30   Train query set: < TripletsDataset, pitts30k - #database: 10000; #queries: 7320 >
2022-01-14 04:09:31   Val set: < BaseDataset, pitts30k - #database: 10000; #queries: 7608 >
2022-01-14 04:09:31   Test set: < BaseDataset, pitts30k - #database: 10000; #queries: 6816 >
2022-01-14 04:09:31   Train only conv4 of the ResNet-18 (remove conv5), freeze the previous ones
2022-01-14 04:09:37   Output dimension of the model is 16384
2022-01-14 04:09:37   Start training epoch: 00
2022-01-14 04:09:37   Cache: 0 / 5
2022-01-14 04:12:26   Epoch[00](0/5): current batch triplet loss = 0.0418, average epoch triplet loss = 0.0589
2022-01-14 04:12:26   Cache: 1 / 5
2022-01-14 04:15:21   Epoch[00](1/5): current batch triplet loss = 0.0407, average epoch triplet loss = 0.0515
2022-01-14 04:15:21   Cache: 2 / 5
2022-01-14 04:18:13   Epoch[00](2/5): current batch triplet loss = 0.0221, average epoch triplet loss = 0.0445
2022-01-14 04:18:13   Cache: 3 / 5
2022-01-14 04:21:04   Epoch[00](3/5): current batch triplet loss = 0.0364, average epoch triplet loss = 0.0399
2022-01-14 04:21:04   Cache: 4 / 5
2022-01-14 04:23:55   Epoch[00](4/5): current batch triplet loss = 0.0334, average epoch triplet loss = 0.0362
2022-01-14 04:23:55   Finished epoch 00 in 0:14:18, average epoch triplet loss = 0.0362
2022-01-14 04:23:55   Extracting database features for evaluation/testing
2022-01-14 04:24:47   Extracting queries features for evaluation/testing
2022-01-14 04:25:29   Calculating recalls
2022-01-14 04:25:55   Recalls on val set < BaseDataset, pitts30k - #database: 10000; #queries: 7608 >: R@1: 80.6, R@5: 91.0, R@10: 93.8, R@20: 96.1
2022-01-14 04:25:55   Improved: previous best R@5 = 0.0, current R@5 = 91.0
2022-01-14 04:25:55   Start training epoch: 01
2022-01-14 04:25:55   Cache: 0 / 5
2022-01-14 04:28:47   Epoch[01](0/5): current batch triplet loss = 0.0403, average epoch triplet loss = 0.0179
2022-01-14 04:28:47   Cache: 1 / 5
2022-01-14 04:31:39   Epoch[01](1/5): current batch triplet loss = 0.0083, average epoch triplet loss = 0.0172
2022-01-14 04:31:39   Cache: 2 / 5
2022-01-14 04:34:30   Epoch[01](2/5): current batch triplet loss = 0.0199, average epoch triplet loss = 0.0156
2022-01-14 04:34:30   Cache: 3 / 5
2022-01-14 04:37:22   Epoch[01](3/5): current batch triplet loss = 0.0158, average epoch triplet loss = 0.0149
2022-01-14 04:37:22   Cache: 4 / 5
2022-01-14 04:40:14   Epoch[01](4/5): current batch triplet loss = 0.0178, average epoch triplet loss = 0.0142
2022-01-14 04:40:14   Finished epoch 01 in 0:14:18, average epoch triplet loss = 0.0142
2022-01-14 04:40:14   Extracting database features for evaluation/testing
2022-01-14 04:41:05   Extracting queries features for evaluation/testing
2022-01-14 04:41:56   Calculating recalls
2022-01-14 04:42:18   Recalls on val set < BaseDataset, pitts30k - #database: 10000; #queries: 7608 >: R@1: 83.5, R@5: 93.2, R@10: 95.4, R@20: 97.1
2022-01-14 04:42:19   Improved: previous best R@5 = 91.0, current R@5 = 93.2
2022-01-14 04:42:19   Start training epoch: 02
2022-01-14 04:42:19   Cache: 0 / 5
2022-01-14 04:45:10   Epoch[02](0/5): current batch triplet loss = 0.0074, average epoch triplet loss = 0.0102
2022-01-14 04:45:10   Cache: 1 / 5
2022-01-14 04:48:02   Epoch[02](1/5): current batch triplet loss = 0.0067, average epoch triplet loss = 0.0101
2022-01-14 04:48:02   Cache: 2 / 5
2022-01-14 04:50:54   Epoch[02](2/5): current batch triplet loss = 0.0000, average epoch triplet loss = 0.0096
2022-01-14 04:50:54   Cache: 3 / 5
2022-01-14 04:53:46   Epoch[02](3/5): current batch triplet loss = 0.0123, average epoch triplet loss = 0.0092
2022-01-14 04:53:46   Cache: 4 / 5
2022-01-14 04:56:38   Epoch[02](4/5): current batch triplet loss = 0.0025, average epoch triplet loss = 0.0088
2022-01-14 04:56:38   Finished epoch 02 in 0:14:19, average epoch triplet loss = 0.0088
2022-01-14 04:56:38   Extracting database features for evaluation/testing
2022-01-14 04:57:28   Extracting queries features for evaluation/testing
2022-01-14 04:58:19   Calculating recalls
2022-01-14 04:58:43   Recalls on val set < BaseDataset, pitts30k - #database: 10000; #queries: 7608 >: R@1: 82.8, R@5: 92.0, R@10: 94.5, R@20: 96.4
2022-01-14 04:58:43   Not improved: 1 / 3: best R@5 = 93.2, current R@5 = 92.0
2022-01-14 04:58:43   Start training epoch: 03
2022-01-14 04:58:43   Cache: 0 / 5
2022-01-14 05:01:35   Epoch[03](0/5): current batch triplet loss = 0.0004, average epoch triplet loss = 0.0071
2022-01-14 05:01:35   Cache: 1 / 5
2022-01-14 05:04:26   Epoch[03](1/5): current batch triplet loss = 0.0069, average epoch triplet loss = 0.0070
2022-01-14 05:04:26   Cache: 2 / 5
2022-01-14 05:07:18   Epoch[03](2/5): current batch triplet loss = 0.0025, average epoch triplet loss = 0.0070
2022-01-14 05:07:18   Cache: 3 / 5
2022-01-14 05:10:10   Epoch[03](3/5): current batch triplet loss = 0.0082, average epoch triplet loss = 0.0070
2022-01-14 05:10:10   Cache: 4 / 5
2022-01-14 05:13:02   Epoch[03](4/5): current batch triplet loss = 0.0090, average epoch triplet loss = 0.0071
2022-01-14 05:13:02   Finished epoch 03 in 0:14:18, average epoch triplet loss = 0.0071
2022-01-14 05:13:02   Extracting database features for evaluation/testing
2022-01-14 05:13:51   Extracting queries features for evaluation/testing
2022-01-14 05:14:43   Calculating recalls
2022-01-14 05:15:08   Recalls on val set < BaseDataset, pitts30k - #database: 10000; #queries: 7608 >: R@1: 82.4, R@5: 92.5, R@10: 94.6, R@20: 96.5
2022-01-14 05:15:08   Not improved: 2 / 3: best R@5 = 93.2, current R@5 = 92.5
2022-01-14 05:15:08   Start training epoch: 04
2022-01-14 05:15:08   Cache: 0 / 5
2022-01-14 05:17:59   Epoch[04](0/5): current batch triplet loss = 0.0002, average epoch triplet loss = 0.0067
2022-01-14 05:17:59   Cache: 1 / 5
2022-01-14 05:20:51   Epoch[04](1/5): current batch triplet loss = 0.0000, average epoch triplet loss = 0.0061
2022-01-14 05:20:51   Cache: 2 / 5
2022-01-14 05:23:44   Epoch[04](2/5): current batch triplet loss = 0.0073, average epoch triplet loss = 0.0061
2022-01-14 05:23:44   Cache: 3 / 5
2022-01-14 05:26:36   Epoch[04](3/5): current batch triplet loss = 0.0111, average epoch triplet loss = 0.0061
2022-01-14 05:26:36   Cache: 4 / 5
2022-01-14 05:29:27   Epoch[04](4/5): current batch triplet loss = 0.0000, average epoch triplet loss = 0.0062
2022-01-14 05:29:27   Finished epoch 04 in 0:14:19, average epoch triplet loss = 0.0062
2022-01-14 05:29:27   Extracting database features for evaluation/testing
2022-01-14 05:30:17   Extracting queries features for evaluation/testing
2022-01-14 05:31:07   Calculating recalls
2022-01-14 05:31:32   Recalls on val set < BaseDataset, pitts30k - #database: 10000; #queries: 7608 >: R@1: 82.3, R@5: 92.2, R@10: 94.4, R@20: 96.5
2022-01-14 05:31:33   Not improved: 3 / 3: best R@5 = 93.2, current R@5 = 92.2
2022-01-14 05:31:33   Performance did not improve for 3 epochs. Stop training.
2022-01-14 05:31:33   Best R@5: 93.2
2022-01-14 05:31:33   Trained for 05 epochs, in total in 1:22:02
2022-01-14 05:31:33   Extracting database features for evaluation/testing
2022-01-14 05:32:23   Extracting queries features for evaluation/testing
2022-01-14 05:33:04   Calculating recalls
2022-01-14 05:33:24   Recalls on < BaseDataset, pitts30k - #database: 10000; #queries: 6816 >: R@1: 80.2, R@5: 90.1, R@10: 92.9, R@20: 95.0
