2022-01-19 18:02:19   Arguments: Namespace(upscale_input=False, downscale_input=False, augment_input='None', backbone='resnet18', use_netvlad=True, netvlad_clusters=64, use_gem=None, gem_p=3, gem_eps=1e-06, use_attention='cbam', attention_lr=0.0001, use_sgd=None, use_adagrad=None, momentum=0.9, train_batch_size=4, infer_batch_size=16, margin=0.1, epochs_num=20, patience=3, lr=1e-05, cache_refresh_rate=1000, queries_per_epoch=5000, negs_num_per_query=10, neg_samples_num=1000, seed=0, device='cuda', num_workers=8, val_positive_dist_threshold=25, train_positives_dist_threshold=10, recall_values=[1, 5, 10, 20], datasets_folder='./Dataset_pitts30k', exp_name='default', test_dataset_name=None, test_model_path=None, save_attention_mask=None, output_folder='runs/default/2022-01-19_18-02-19')
2022-01-19 18:02:19   The outputs are being saved in runs/default/2022-01-19_18-02-19
2022-01-19 18:02:19   Using 1 GPUs and 12 CPUs
2022-01-19 18:02:19   There are 96 queries without any positives within the training set. They won't be considered as they're useless for training.
2022-01-19 18:02:19   Train query set: < TripletsDataset, pitts30k - #database: 10000; #queries: 7320 >
2022-01-19 18:02:19   Val set: < BaseDataset, pitts30k - #database: 10000; #queries: 7608 >
2022-01-19 18:02:19   Test set: < BaseDataset, pitts30k - #database: 10000; #queries: 6816 >
2022-01-19 18:02:24   Output dimension of the model is 16384
2022-01-19 18:02:24   Start training epoch: 00
2022-01-19 18:20:43   Finished epoch 00 in 0:18:19, average epoch triplet loss = 0.0293
2022-01-19 18:23:33   Recalls on val set < BaseDataset, pitts30k - #database: 10000; #queries: 7608 >: R@1: 86.1, R@5: 94.9, R@10: 96.8, R@20: 98.1
2022-01-19 18:23:33   Improved: previous best R@5 = 0.0, current R@5 = 94.9
2022-01-19 18:23:33   Start training epoch: 01
2022-01-19 18:40:40   Finished epoch 01 in 0:17:06, average epoch triplet loss = 0.0234
2022-01-19 18:43:33   Recalls on val set < BaseDataset, pitts30k - #database: 10000; #queries: 7608 >: R@1: 87.9, R@5: 95.8, R@10: 97.3, R@20: 98.3
2022-01-19 18:43:33   Improved: previous best R@5 = 94.9, current R@5 = 95.8
2022-01-19 18:43:33   Start training epoch: 02
2022-01-19 19:00:55   Finished epoch 02 in 0:17:21, average epoch triplet loss = 0.0205
2022-01-19 19:03:58   Recalls on val set < BaseDataset, pitts30k - #database: 10000; #queries: 7608 >: R@1: 88.0, R@5: 95.9, R@10: 97.5, R@20: 98.4
2022-01-19 19:03:58   Improved: previous best R@5 = 95.8, current R@5 = 95.9
2022-01-19 19:03:58   Start training epoch: 03
2022-01-19 19:21:04   Finished epoch 03 in 0:17:05, average epoch triplet loss = 0.0192
2022-01-19 19:23:38   Recalls on val set < BaseDataset, pitts30k - #database: 10000; #queries: 7608 >: R@1: 88.1, R@5: 95.9, R@10: 97.5, R@20: 98.4
2022-01-19 19:23:39   Improved: previous best R@5 = 95.9, current R@5 = 95.9
2022-01-19 19:23:39   Start training epoch: 04
2022-01-19 19:39:48   Finished epoch 04 in 0:16:09, average epoch triplet loss = 0.0180
2022-01-19 19:42:35   Recalls on val set < BaseDataset, pitts30k - #database: 10000; #queries: 7608 >: R@1: 88.4, R@5: 96.0, R@10: 97.7, R@20: 98.5
2022-01-19 19:42:35   Improved: previous best R@5 = 95.9, current R@5 = 96.0
2022-01-19 19:42:35   Start training epoch: 05
2022-01-19 19:58:33   Finished epoch 05 in 0:15:57, average epoch triplet loss = 0.0168
2022-01-19 20:01:04   Recalls on val set < BaseDataset, pitts30k - #database: 10000; #queries: 7608 >: R@1: 88.5, R@5: 96.1, R@10: 97.6, R@20: 98.5
2022-01-19 20:01:04   Improved: previous best R@5 = 96.0, current R@5 = 96.1
2022-01-19 20:01:04   Start training epoch: 06
2022-01-19 20:17:55   Finished epoch 06 in 0:16:50, average epoch triplet loss = 0.0169
2022-01-19 20:20:27   Recalls on val set < BaseDataset, pitts30k - #database: 10000; #queries: 7608 >: R@1: 88.7, R@5: 96.0, R@10: 97.6, R@20: 98.5
2022-01-19 20:20:28   Not improved: 1 / 3: best R@5 = 96.1, current R@5 = 96.0
2022-01-19 20:20:28   Start training epoch: 07
2022-01-19 20:36:31   Finished epoch 07 in 0:16:02, average epoch triplet loss = 0.0156
2022-01-19 20:39:13   Recalls on val set < BaseDataset, pitts30k - #database: 10000; #queries: 7608 >: R@1: 88.7, R@5: 96.1, R@10: 97.6, R@20: 98.5
2022-01-19 20:39:13   Not improved: 2 / 3: best R@5 = 96.1, current R@5 = 96.1
2022-01-19 20:39:13   Start training epoch: 08
2022-01-19 20:55:23   Finished epoch 08 in 0:16:10, average epoch triplet loss = 0.0154
2022-01-19 20:58:08   Recalls on val set < BaseDataset, pitts30k - #database: 10000; #queries: 7608 >: R@1: 88.4, R@5: 96.1, R@10: 97.5, R@20: 98.5
2022-01-19 20:58:09   Not improved: 3 / 3: best R@5 = 96.1, current R@5 = 96.1
2022-01-19 20:58:09   Performance did not improve for 3 epochs. Stop training.
2022-01-19 20:58:09   Best R@5: 96.1
2022-01-19 20:58:09   Trained for 09 epochs, in total in 2:55:49
2022-01-19 21:00:08   Recalls on < BaseDataset, pitts30k - #database: 10000; #queries: 6816 >: R@1: 86.4, R@5: 93.1, R@10: 95.0, R@20: 96.6
