2022-01-20 04:39:02   Arguments: Namespace(upscale_input=False, downscale_input=False, augment_input='None', backbone='resnet18', use_netvlad=True, netvlad_clusters=64, use_gem=None, gem_p=3, gem_eps=1e-06, use_attention='cbam', attention_lr=0.01, use_sgd=None, use_adagrad=None, momentum=0.9, train_batch_size=4, infer_batch_size=16, margin=0.1, epochs_num=20, patience=3, lr=1e-05, cache_refresh_rate=1000, queries_per_epoch=5000, negs_num_per_query=10, neg_samples_num=1000, seed=0, device='cuda', num_workers=8, val_positive_dist_threshold=25, train_positives_dist_threshold=10, recall_values=[1, 5, 10, 20], datasets_folder='./Dataset_pitts30k', exp_name='default', test_dataset_name=None, test_model_path=None, save_attention_mask=None, output_folder='runs/default/2022-01-20_04-39-02')
2022-01-20 04:39:02   The outputs are being saved in runs/default/2022-01-20_04-39-02
2022-01-20 04:39:02   Using 1 GPUs and 12 CPUs
2022-01-20 04:39:02   Loading dataset Pitts30k from folder ./Dataset_pitts30k
2022-01-20 04:39:03   There are 96 queries without any positives within the training set. They won't be considered as they're useless for training.
2022-01-20 04:39:03   Train query set: < TripletsDataset, pitts30k - #database: 10000; #queries: 7320 >
2022-01-20 04:39:03   Val set: < BaseDataset, pitts30k - #database: 10000; #queries: 7608 >
2022-01-20 04:39:03   Test set: < BaseDataset, pitts30k - #database: 10000; #queries: 6816 >
2022-01-20 04:39:03   Train only conv4 of the ResNet-18 (remove conv5), freeze the previous ones
2022-01-20 04:39:08   Output dimension of the model is 16384
2022-01-20 04:39:08   Start training epoch: 00
2022-01-20 04:39:08   Cache: 0 / 5
2022-01-20 04:42:03   Epoch[00](0/5): current batch triplet loss = 0.0301, average epoch triplet loss = 0.0328
2022-01-20 04:42:03   Cache: 1 / 5
2022-01-20 04:45:01   Epoch[00](1/5): current batch triplet loss = 0.0396, average epoch triplet loss = 0.0312
2022-01-20 04:45:01   Cache: 2 / 5
2022-01-20 04:47:57   Epoch[00](2/5): current batch triplet loss = 0.0132, average epoch triplet loss = 0.0297
2022-01-20 04:47:57   Cache: 3 / 5
2022-01-20 04:50:53   Epoch[00](3/5): current batch triplet loss = 0.0352, average epoch triplet loss = 0.0292
2022-01-20 04:50:53   Cache: 4 / 5
2022-01-20 04:53:48   Epoch[00](4/5): current batch triplet loss = 0.0554, average epoch triplet loss = 0.0288
2022-01-20 04:53:48   Finished epoch 00 in 0:14:39, average epoch triplet loss = 0.0288
2022-01-20 04:53:48   Extracting database features for evaluation/testing
2022-01-20 04:54:24   Extracting queries features for evaluation/testing
2022-01-20 04:55:13   Calculating recalls
2022-01-20 04:55:40   Recalls on val set < BaseDataset, pitts30k - #database: 10000; #queries: 7608 >: R@1: 85.4, R@5: 94.7, R@10: 96.7, R@20: 98.0
2022-01-20 04:55:40   Improved: previous best R@5 = 0.0, current R@5 = 94.7
2022-01-20 04:55:40   Start training epoch: 01
2022-01-20 04:55:40   Cache: 0 / 5
2022-01-20 04:58:36   Epoch[01](0/5): current batch triplet loss = 0.0475, average epoch triplet loss = 0.0249
2022-01-20 04:58:36   Cache: 1 / 5
2022-01-20 05:01:33   Epoch[01](1/5): current batch triplet loss = 0.0275, average epoch triplet loss = 0.0246
2022-01-20 05:01:33   Cache: 2 / 5
2022-01-20 05:04:29   Epoch[01](2/5): current batch triplet loss = 0.0328, average epoch triplet loss = 0.0240
2022-01-20 05:04:29   Cache: 3 / 5
2022-01-20 05:07:24   Epoch[01](3/5): current batch triplet loss = 0.0292, average epoch triplet loss = 0.0239
2022-01-20 05:07:24   Cache: 4 / 5
2022-01-20 05:10:19   Epoch[01](4/5): current batch triplet loss = 0.0521, average epoch triplet loss = 0.0238
2022-01-20 05:10:19   Finished epoch 01 in 0:14:38, average epoch triplet loss = 0.0238
2022-01-20 05:10:19   Extracting database features for evaluation/testing
2022-01-20 05:10:56   Extracting queries features for evaluation/testing
2022-01-20 05:11:42   Calculating recalls
2022-01-20 05:12:09   Recalls on val set < BaseDataset, pitts30k - #database: 10000; #queries: 7608 >: R@1: 87.8, R@5: 95.7, R@10: 97.3, R@20: 98.4
2022-01-20 05:12:10   Improved: previous best R@5 = 94.7, current R@5 = 95.7
2022-01-20 05:12:10   Start training epoch: 02
2022-01-20 05:12:10   Cache: 0 / 5
2022-01-20 05:15:05   Epoch[02](0/5): current batch triplet loss = 0.0163, average epoch triplet loss = 0.0217
2022-01-20 05:15:05   Cache: 1 / 5
2022-01-20 05:18:01   Epoch[02](1/5): current batch triplet loss = 0.0087, average epoch triplet loss = 0.0217
2022-01-20 05:18:01   Cache: 2 / 5
2022-01-20 05:20:57   Epoch[02](2/5): current batch triplet loss = 0.0090, average epoch triplet loss = 0.0214
2022-01-20 05:20:57   Cache: 3 / 5
2022-01-20 05:23:53   Epoch[02](3/5): current batch triplet loss = 0.0114, average epoch triplet loss = 0.0210
2022-01-20 05:23:53   Cache: 4 / 5
2022-01-20 05:26:48   Epoch[02](4/5): current batch triplet loss = 0.0061, average epoch triplet loss = 0.0207
2022-01-20 05:26:48   Finished epoch 02 in 0:14:38, average epoch triplet loss = 0.0207
2022-01-20 05:26:48   Extracting database features for evaluation/testing
2022-01-20 05:27:25   Extracting queries features for evaluation/testing
2022-01-20 05:28:07   Calculating recalls
2022-01-20 05:28:40   Recalls on val set < BaseDataset, pitts30k - #database: 10000; #queries: 7608 >: R@1: 88.2, R@5: 96.0, R@10: 97.5, R@20: 98.5
2022-01-20 05:28:41   Improved: previous best R@5 = 95.7, current R@5 = 96.0
2022-01-20 05:28:41   Start training epoch: 03
2022-01-20 05:28:41   Cache: 0 / 5
2022-01-20 05:31:37   Epoch[03](0/5): current batch triplet loss = 0.0046, average epoch triplet loss = 0.0178
2022-01-20 05:31:37   Cache: 1 / 5
2022-01-20 05:34:32   Epoch[03](1/5): current batch triplet loss = 0.0221, average epoch triplet loss = 0.0188
2022-01-20 05:34:32   Cache: 2 / 5
2022-01-20 05:37:28   Epoch[03](2/5): current batch triplet loss = 0.0151, average epoch triplet loss = 0.0194
2022-01-20 05:37:28   Cache: 3 / 5
2022-01-20 05:40:23   Epoch[03](3/5): current batch triplet loss = 0.0719, average epoch triplet loss = 0.0192
2022-01-20 05:40:23   Cache: 4 / 5
2022-01-20 05:43:19   Epoch[03](4/5): current batch triplet loss = 0.0213, average epoch triplet loss = 0.0193
2022-01-20 05:43:19   Finished epoch 03 in 0:14:38, average epoch triplet loss = 0.0193
2022-01-20 05:43:19   Extracting database features for evaluation/testing
2022-01-20 05:43:56   Extracting queries features for evaluation/testing
2022-01-20 05:44:34   Calculating recalls
2022-01-20 05:45:00   Recalls on val set < BaseDataset, pitts30k - #database: 10000; #queries: 7608 >: R@1: 88.2, R@5: 96.0, R@10: 97.5, R@20: 98.4
2022-01-20 05:45:00   Improved: previous best R@5 = 96.0, current R@5 = 96.0
2022-01-20 05:45:00   Start training epoch: 04
2022-01-20 05:45:00   Cache: 0 / 5
2022-01-20 05:47:57   Epoch[04](0/5): current batch triplet loss = 0.0017, average epoch triplet loss = 0.0181
2022-01-20 05:47:57   Cache: 1 / 5
2022-01-20 05:50:53   Epoch[04](1/5): current batch triplet loss = 0.0147, average epoch triplet loss = 0.0180
2022-01-20 05:50:53   Cache: 2 / 5
2022-01-20 05:53:49   Epoch[04](2/5): current batch triplet loss = 0.0216, average epoch triplet loss = 0.0178
2022-01-20 05:53:49   Cache: 3 / 5
2022-01-20 05:56:45   Epoch[04](3/5): current batch triplet loss = 0.0202, average epoch triplet loss = 0.0182
2022-01-20 05:56:45   Cache: 4 / 5
2022-01-20 05:59:41   Epoch[04](4/5): current batch triplet loss = 0.0064, average epoch triplet loss = 0.0184
2022-01-20 05:59:41   Finished epoch 04 in 0:14:40, average epoch triplet loss = 0.0184
2022-01-20 05:59:41   Extracting database features for evaluation/testing
2022-01-20 06:00:17   Extracting queries features for evaluation/testing
2022-01-20 06:00:53   Calculating recalls
2022-01-20 06:01:15   Recalls on val set < BaseDataset, pitts30k - #database: 10000; #queries: 7608 >: R@1: 88.4, R@5: 96.0, R@10: 97.6, R@20: 98.4
2022-01-20 06:01:15   Not improved: 1 / 3: best R@5 = 96.0, current R@5 = 96.0
2022-01-20 06:01:15   Start training epoch: 05
2022-01-20 06:01:15   Cache: 0 / 5
2022-01-20 06:04:11   Epoch[05](0/5): current batch triplet loss = 0.0087, average epoch triplet loss = 0.0178
2022-01-20 06:04:11   Cache: 1 / 5
2022-01-20 06:07:07   Epoch[05](1/5): current batch triplet loss = 0.0188, average epoch triplet loss = 0.0170
2022-01-20 06:07:07   Cache: 2 / 5
2022-01-20 06:10:04   Epoch[05](2/5): current batch triplet loss = 0.0019, average epoch triplet loss = 0.0174
2022-01-20 06:10:04   Cache: 3 / 5
2022-01-20 06:13:01   Epoch[05](3/5): current batch triplet loss = 0.0110, average epoch triplet loss = 0.0172
2022-01-20 06:13:01   Cache: 4 / 5
2022-01-20 06:15:57   Epoch[05](4/5): current batch triplet loss = 0.0219, average epoch triplet loss = 0.0171
2022-01-20 06:15:57   Finished epoch 05 in 0:14:42, average epoch triplet loss = 0.0171
2022-01-20 06:15:57   Extracting database features for evaluation/testing
2022-01-20 06:16:34   Extracting queries features for evaluation/testing
2022-01-20 06:17:15   Calculating recalls
2022-01-20 06:17:44   Recalls on val set < BaseDataset, pitts30k - #database: 10000; #queries: 7608 >: R@1: 88.5, R@5: 96.0, R@10: 97.5, R@20: 98.4
2022-01-20 06:17:44   Improved: previous best R@5 = 96.0, current R@5 = 96.0
2022-01-20 06:17:44   Start training epoch: 06
2022-01-20 06:17:44   Cache: 0 / 5
2022-01-20 06:20:40   Epoch[06](0/5): current batch triplet loss = 0.0365, average epoch triplet loss = 0.0185
2022-01-20 06:20:40   Cache: 1 / 5
2022-01-20 06:23:36   Epoch[06](1/5): current batch triplet loss = 0.0064, average epoch triplet loss = 0.0175
2022-01-20 06:23:36   Cache: 2 / 5
2022-01-20 06:26:33   Epoch[06](2/5): current batch triplet loss = 0.0032, average epoch triplet loss = 0.0170
2022-01-20 06:26:33   Cache: 3 / 5
2022-01-20 06:29:29   Epoch[06](3/5): current batch triplet loss = 0.0200, average epoch triplet loss = 0.0172
2022-01-20 06:29:29   Cache: 4 / 5
2022-01-20 06:32:25   Epoch[06](4/5): current batch triplet loss = 0.0044, average epoch triplet loss = 0.0172
2022-01-20 06:32:25   Finished epoch 06 in 0:14:41, average epoch triplet loss = 0.0172
2022-01-20 06:32:25   Extracting database features for evaluation/testing
2022-01-20 06:33:02   Extracting queries features for evaluation/testing
2022-01-20 06:33:40   Calculating recalls
2022-01-20 06:34:09   Recalls on val set < BaseDataset, pitts30k - #database: 10000; #queries: 7608 >: R@1: 88.6, R@5: 96.0, R@10: 97.6, R@20: 98.4
2022-01-20 06:34:09   Not improved: 1 / 3: best R@5 = 96.0, current R@5 = 96.0
2022-01-20 06:34:09   Start training epoch: 07
2022-01-20 06:34:09   Cache: 0 / 5
2022-01-20 06:37:04   Epoch[07](0/5): current batch triplet loss = 0.0084, average epoch triplet loss = 0.0166
2022-01-20 06:37:04   Cache: 1 / 5
2022-01-20 06:40:00   Epoch[07](1/5): current batch triplet loss = 0.0050, average epoch triplet loss = 0.0160
2022-01-20 06:40:00   Cache: 2 / 5
2022-01-20 06:42:55   Epoch[07](2/5): current batch triplet loss = 0.0483, average epoch triplet loss = 0.0159
2022-01-20 06:42:55   Cache: 3 / 5
2022-01-20 06:45:52   Epoch[07](3/5): current batch triplet loss = 0.0099, average epoch triplet loss = 0.0161
2022-01-20 06:45:52   Cache: 4 / 5
2022-01-20 06:48:51   Epoch[07](4/5): current batch triplet loss = 0.0106, average epoch triplet loss = 0.0157
2022-01-20 06:48:51   Finished epoch 07 in 0:14:42, average epoch triplet loss = 0.0157
2022-01-20 06:48:51   Extracting database features for evaluation/testing
2022-01-20 06:49:28   Extracting queries features for evaluation/testing
2022-01-20 06:50:16   Calculating recalls
2022-01-20 06:50:38   Recalls on val set < BaseDataset, pitts30k - #database: 10000; #queries: 7608 >: R@1: 88.7, R@5: 96.2, R@10: 97.6, R@20: 98.4
2022-01-20 06:50:38   Improved: previous best R@5 = 96.0, current R@5 = 96.2
2022-01-20 06:50:38   Start training epoch: 08
2022-01-20 06:50:38   Cache: 0 / 5
2022-01-20 06:53:34   Epoch[08](0/5): current batch triplet loss = 0.0040, average epoch triplet loss = 0.0155
2022-01-20 06:53:34   Cache: 1 / 5
2022-01-20 06:56:30   Epoch[08](1/5): current batch triplet loss = 0.0239, average epoch triplet loss = 0.0156
2022-01-20 06:56:30   Cache: 2 / 5
2022-01-20 06:59:26   Epoch[08](2/5): current batch triplet loss = 0.0067, average epoch triplet loss = 0.0158
2022-01-20 06:59:26   Cache: 3 / 5
2022-01-20 07:02:22   Epoch[08](3/5): current batch triplet loss = 0.0051, average epoch triplet loss = 0.0158
2022-01-20 07:02:22   Cache: 4 / 5
2022-01-20 07:05:18   Epoch[08](4/5): current batch triplet loss = 0.0068, average epoch triplet loss = 0.0157
2022-01-20 07:05:18   Finished epoch 08 in 0:14:39, average epoch triplet loss = 0.0157
2022-01-20 07:05:18   Extracting database features for evaluation/testing
2022-01-20 07:05:57   Extracting queries features for evaluation/testing
2022-01-20 07:06:49   Calculating recalls
2022-01-20 07:07:19   Recalls on val set < BaseDataset, pitts30k - #database: 10000; #queries: 7608 >: R@1: 88.4, R@5: 96.4, R@10: 97.6, R@20: 98.5
2022-01-20 07:07:19   Improved: previous best R@5 = 96.2, current R@5 = 96.4
2022-01-20 07:07:19   Start training epoch: 09
2022-01-20 07:07:19   Cache: 0 / 5
2022-01-20 07:10:15   Epoch[09](0/5): current batch triplet loss = 0.0170, average epoch triplet loss = 0.0152
2022-01-20 07:10:15   Cache: 1 / 5
2022-01-20 07:13:11   Epoch[09](1/5): current batch triplet loss = 0.0027, average epoch triplet loss = 0.0148
2022-01-20 07:13:11   Cache: 2 / 5
2022-01-20 07:16:07   Epoch[09](2/5): current batch triplet loss = 0.0048, average epoch triplet loss = 0.0149
2022-01-20 07:16:07   Cache: 3 / 5
2022-01-20 07:19:04   Epoch[09](3/5): current batch triplet loss = 0.0227, average epoch triplet loss = 0.0149
2022-01-20 07:19:04   Cache: 4 / 5
2022-01-20 07:22:00   Epoch[09](4/5): current batch triplet loss = 0.0114, average epoch triplet loss = 0.0149
2022-01-20 07:22:00   Finished epoch 09 in 0:14:41, average epoch triplet loss = 0.0149
2022-01-20 07:22:00   Extracting database features for evaluation/testing
2022-01-20 07:22:37   Extracting queries features for evaluation/testing
2022-01-20 07:23:25   Calculating recalls
2022-01-20 07:23:56   Recalls on val set < BaseDataset, pitts30k - #database: 10000; #queries: 7608 >: R@1: 88.7, R@5: 96.1, R@10: 97.5, R@20: 98.4
2022-01-20 07:23:56   Not improved: 1 / 3: best R@5 = 96.4, current R@5 = 96.1
2022-01-20 07:23:56   Start training epoch: 10
2022-01-20 07:23:56   Cache: 0 / 5
2022-01-20 07:26:52   Epoch[10](0/5): current batch triplet loss = 0.0019, average epoch triplet loss = 0.0134
2022-01-20 07:26:52   Cache: 1 / 5
2022-01-20 07:29:49   Epoch[10](1/5): current batch triplet loss = 0.0367, average epoch triplet loss = 0.0134
2022-01-20 07:29:49   Cache: 2 / 5
2022-01-20 07:32:45   Epoch[10](2/5): current batch triplet loss = 0.0532, average epoch triplet loss = 0.0139
2022-01-20 07:32:45   Cache: 3 / 5
2022-01-20 07:35:41   Epoch[10](3/5): current batch triplet loss = 0.0082, average epoch triplet loss = 0.0138
2022-01-20 07:35:41   Cache: 4 / 5
2022-01-20 07:38:36   Epoch[10](4/5): current batch triplet loss = 0.0161, average epoch triplet loss = 0.0140
2022-01-20 07:38:36   Finished epoch 10 in 0:14:39, average epoch triplet loss = 0.0140
2022-01-20 07:38:36   Extracting database features for evaluation/testing
2022-01-20 07:39:16   Extracting queries features for evaluation/testing
2022-01-20 07:40:01   Calculating recalls
2022-01-20 07:40:37   Recalls on val set < BaseDataset, pitts30k - #database: 10000; #queries: 7608 >: R@1: 88.5, R@5: 96.2, R@10: 97.5, R@20: 98.4
2022-01-20 07:40:38   Not improved: 2 / 3: best R@5 = 96.4, current R@5 = 96.2
2022-01-20 07:40:38   Start training epoch: 11
2022-01-20 07:40:38   Cache: 0 / 5
2022-01-20 07:43:33   Epoch[11](0/5): current batch triplet loss = 0.0183, average epoch triplet loss = 0.0132
2022-01-20 07:43:33   Cache: 1 / 5
2022-01-20 07:46:29   Epoch[11](1/5): current batch triplet loss = 0.0125, average epoch triplet loss = 0.0132
2022-01-20 07:46:29   Cache: 2 / 5
2022-01-20 07:49:25   Epoch[11](2/5): current batch triplet loss = 0.0213, average epoch triplet loss = 0.0135
2022-01-20 07:49:25   Cache: 3 / 5
2022-01-20 07:52:22   Epoch[11](3/5): current batch triplet loss = 0.0052, average epoch triplet loss = 0.0135
2022-01-20 07:52:22   Cache: 4 / 5
2022-01-20 07:55:18   Epoch[11](4/5): current batch triplet loss = 0.0107, average epoch triplet loss = 0.0135
2022-01-20 07:55:18   Finished epoch 11 in 0:14:40, average epoch triplet loss = 0.0135
2022-01-20 07:55:18   Extracting database features for evaluation/testing
2022-01-20 07:55:56   Extracting queries features for evaluation/testing
2022-01-20 07:56:39   Calculating recalls
2022-01-20 07:57:09   Recalls on val set < BaseDataset, pitts30k - #database: 10000; #queries: 7608 >: R@1: 88.6, R@5: 96.1, R@10: 97.5, R@20: 98.4
2022-01-20 07:57:09   Not improved: 3 / 3: best R@5 = 96.4, current R@5 = 96.1
2022-01-20 07:57:09   Performance did not improve for 3 epochs. Stop training.
2022-01-20 07:57:09   Best R@5: 96.4
2022-01-20 07:57:09   Trained for 12 epochs, in total in 3:18:06
2022-01-20 07:57:09   Extracting database features for evaluation/testing
2022-01-20 07:57:45   Extracting queries features for evaluation/testing
2022-01-20 07:58:17   Calculating recalls
2022-01-20 07:58:36   Recalls on < BaseDataset, pitts30k - #database: 10000; #queries: 6816 >: R@1: 86.6, R@5: 93.3, R@10: 94.9, R@20: 96.5
