2022-01-20 14:37:18   Arguments: Namespace(upscale_input=False, downscale_input=False, augment_input='None', backbone='resnet18', use_netvlad=True, netvlad_clusters=64, use_gem=None, gem_p=3, gem_eps=1e-06, use_attention='cbam', attention_lr=0.01, use_sgd=None, use_adagrad=None, momentum=0.9, train_batch_size=4, infer_batch_size=16, margin=0.1, epochs_num=20, patience=3, lr=1e-05, cache_refresh_rate=1000, queries_per_epoch=5000, negs_num_per_query=10, neg_samples_num=1000, seed=0, device='cuda', num_workers=10, val_positive_dist_threshold=25, train_positives_dist_threshold=10, recall_values=[1, 5, 10, 20], datasets_folder='./Dataset_pitts30k', exp_name='default', test_dataset_name=None, test_model_path=None, save_attention_mask=None, output_folder='runs/default/2022-01-20_14-37-18')
2022-01-20 14:37:18   The outputs are being saved in runs/default/2022-01-20_14-37-18
2022-01-20 14:37:18   Using 1 GPUs and 12 CPUs
2022-01-20 14:37:18   Loading dataset Pitts30k from folder ./Dataset_pitts30k
2022-01-20 14:37:18   There are 96 queries without any positives within the training set. They won't be considered as they're useless for training.
2022-01-20 14:37:18   Train query set: < TripletsDataset, pitts30k - #database: 10000; #queries: 7320 >
2022-01-20 14:37:18   Val set: < BaseDataset, pitts30k - #database: 10000; #queries: 7608 >
2022-01-20 14:37:18   Test set: < BaseDataset, pitts30k - #database: 10000; #queries: 6816 >
2022-01-20 14:37:18   Train only conv4 of the ResNet-18 (remove conv5), freeze the previous ones
2022-01-20 14:37:24   Output dimension of the model is 16384
2022-01-20 14:37:24   Start training epoch: 00
2022-01-20 14:37:24   Cache: 0 / 5
2022-01-20 14:40:23   Epoch[00](0/5): current batch triplet loss = 0.0332, average epoch triplet loss = 0.0359
2022-01-20 14:40:23   Cache: 1 / 5
2022-01-20 14:43:34   Epoch[00](1/5): current batch triplet loss = 0.0430, average epoch triplet loss = 0.0331
2022-01-20 14:43:34   Cache: 2 / 5
2022-01-20 14:46:40   Epoch[00](2/5): current batch triplet loss = 0.0117, average epoch triplet loss = 0.0308
2022-01-20 14:46:40   Cache: 3 / 5
2022-01-20 14:49:53   Epoch[00](3/5): current batch triplet loss = 0.0336, average epoch triplet loss = 0.0295
2022-01-20 14:49:53   Cache: 4 / 5
2022-01-20 14:52:58   Epoch[00](4/5): current batch triplet loss = 0.0528, average epoch triplet loss = 0.0288
2022-01-20 14:52:58   Finished epoch 00 in 0:15:33, average epoch triplet loss = 0.0288
2022-01-20 14:52:58   Extracting database features for evaluation/testing
2022-01-20 14:54:03   Extracting queries features for evaluation/testing
2022-01-20 14:54:59   Calculating recalls
2022-01-20 14:55:23   Recalls on val set < BaseDataset, pitts30k - #database: 10000; #queries: 7608 >: R@1: 86.2, R@5: 94.9, R@10: 96.8, R@20: 98.1
2022-01-20 14:55:23   Improved: previous best R@5 = 0.0, current R@5 = 94.9
2022-01-20 14:55:23   Start training epoch: 01
2022-01-20 14:55:23   Cache: 0 / 5
2022-01-20 14:58:30   Epoch[01](0/5): current batch triplet loss = 0.0481, average epoch triplet loss = 0.0237
2022-01-20 14:58:30   Cache: 1 / 5
2022-01-20 15:01:41   Epoch[01](1/5): current batch triplet loss = 0.0248, average epoch triplet loss = 0.0235
2022-01-20 15:01:41   Cache: 2 / 5
2022-01-20 15:04:49   Epoch[01](2/5): current batch triplet loss = 0.0260, average epoch triplet loss = 0.0228
2022-01-20 15:04:49   Cache: 3 / 5
2022-01-20 15:07:59   Epoch[01](3/5): current batch triplet loss = 0.0228, average epoch triplet loss = 0.0227
2022-01-20 15:07:59   Cache: 4 / 5
2022-01-20 15:11:13   Epoch[01](4/5): current batch triplet loss = 0.0402, average epoch triplet loss = 0.0226
2022-01-20 15:11:13   Finished epoch 01 in 0:15:50, average epoch triplet loss = 0.0226
2022-01-20 15:11:13   Extracting database features for evaluation/testing
2022-01-20 15:12:11   Extracting queries features for evaluation/testing
2022-01-20 15:12:57   Calculating recalls
2022-01-20 15:13:19   Recalls on val set < BaseDataset, pitts30k - #database: 10000; #queries: 7608 >: R@1: 88.1, R@5: 95.9, R@10: 97.4, R@20: 98.3
2022-01-20 15:13:19   Improved: previous best R@5 = 94.9, current R@5 = 95.9
2022-01-20 15:13:19   Start training epoch: 02
2022-01-20 15:13:19   Cache: 0 / 5
2022-01-20 15:16:27   Epoch[02](0/5): current batch triplet loss = 0.0141, average epoch triplet loss = 0.0202
2022-01-20 15:16:27   Cache: 1 / 5
2022-01-20 15:19:40   Epoch[02](1/5): current batch triplet loss = 0.0080, average epoch triplet loss = 0.0203
2022-01-20 15:19:40   Cache: 2 / 5
2022-01-20 15:22:50   Epoch[02](2/5): current batch triplet loss = 0.0070, average epoch triplet loss = 0.0199
2022-01-20 15:22:50   Cache: 3 / 5
2022-01-20 15:26:02   Epoch[02](3/5): current batch triplet loss = 0.0122, average epoch triplet loss = 0.0195
2022-01-20 15:26:02   Cache: 4 / 5
2022-01-20 15:29:12   Epoch[02](4/5): current batch triplet loss = 0.0050, average epoch triplet loss = 0.0193
2022-01-20 15:29:12   Finished epoch 02 in 0:15:52, average epoch triplet loss = 0.0193
2022-01-20 15:29:12   Extracting database features for evaluation/testing
2022-01-20 15:30:17   Extracting queries features for evaluation/testing
2022-01-20 15:31:05   Calculating recalls
2022-01-20 15:31:29   Recalls on val set < BaseDataset, pitts30k - #database: 10000; #queries: 7608 >: R@1: 88.7, R@5: 96.1, R@10: 97.5, R@20: 98.5
2022-01-20 15:31:29   Improved: previous best R@5 = 95.9, current R@5 = 96.1
2022-01-20 15:31:29   Start training epoch: 03
2022-01-20 15:31:29   Cache: 0 / 5
2022-01-20 15:34:32   Epoch[03](0/5): current batch triplet loss = 0.0030, average epoch triplet loss = 0.0168
2022-01-20 15:34:32   Cache: 1 / 5
2022-01-20 15:37:39   Epoch[03](1/5): current batch triplet loss = 0.0119, average epoch triplet loss = 0.0179
2022-01-20 15:37:39   Cache: 2 / 5
2022-01-20 15:40:42   Epoch[03](2/5): current batch triplet loss = 0.0116, average epoch triplet loss = 0.0184
2022-01-20 15:40:42   Cache: 3 / 5
2022-01-20 15:43:47   Epoch[03](3/5): current batch triplet loss = 0.0732, average epoch triplet loss = 0.0182
2022-01-20 15:43:47   Cache: 4 / 5
2022-01-20 15:46:51   Epoch[03](4/5): current batch triplet loss = 0.0203, average epoch triplet loss = 0.0183
2022-01-20 15:46:51   Finished epoch 03 in 0:15:21, average epoch triplet loss = 0.0183
2022-01-20 15:46:51   Extracting database features for evaluation/testing
2022-01-20 15:47:50   Extracting queries features for evaluation/testing
2022-01-20 15:48:35   Calculating recalls
2022-01-20 15:48:59   Recalls on val set < BaseDataset, pitts30k - #database: 10000; #queries: 7608 >: R@1: 88.4, R@5: 96.0, R@10: 97.5, R@20: 98.4
2022-01-20 15:48:59   Not improved: 1 / 3: best R@5 = 96.1, current R@5 = 96.0
2022-01-20 15:48:59   Start training epoch: 04
2022-01-20 15:48:59   Cache: 0 / 5
2022-01-20 15:52:05   Epoch[04](0/5): current batch triplet loss = 0.0017, average epoch triplet loss = 0.0172
2022-01-20 15:52:05   Cache: 1 / 5
2022-01-20 15:55:13   Epoch[04](1/5): current batch triplet loss = 0.0195, average epoch triplet loss = 0.0168
2022-01-20 15:55:13   Cache: 2 / 5
2022-01-20 15:58:19   Epoch[04](2/5): current batch triplet loss = 0.0191, average epoch triplet loss = 0.0166
2022-01-20 15:58:19   Cache: 3 / 5
2022-01-20 16:01:24   Epoch[04](3/5): current batch triplet loss = 0.0197, average epoch triplet loss = 0.0170
2022-01-20 16:01:24   Cache: 4 / 5
2022-01-20 16:04:27   Epoch[04](4/5): current batch triplet loss = 0.0072, average epoch triplet loss = 0.0170
2022-01-20 16:04:27   Finished epoch 04 in 0:15:28, average epoch triplet loss = 0.0170
2022-01-20 16:04:27   Extracting database features for evaluation/testing
2022-01-20 16:05:40   Extracting queries features for evaluation/testing
2022-01-20 16:06:26   Calculating recalls
2022-01-20 16:06:50   Recalls on val set < BaseDataset, pitts30k - #database: 10000; #queries: 7608 >: R@1: 88.8, R@5: 96.1, R@10: 97.6, R@20: 98.3
2022-01-20 16:06:51   Improved: previous best R@5 = 96.1, current R@5 = 96.1
2022-01-20 16:06:51   Start training epoch: 05
2022-01-20 16:06:51   Cache: 0 / 5
2022-01-20 16:09:53   Epoch[05](0/5): current batch triplet loss = 0.0083, average epoch triplet loss = 0.0167
2022-01-20 16:09:53   Cache: 1 / 5
2022-01-20 16:12:59   Epoch[05](1/5): current batch triplet loss = 0.0212, average epoch triplet loss = 0.0160
2022-01-20 16:12:59   Cache: 2 / 5
2022-01-20 16:16:02   Epoch[05](2/5): current batch triplet loss = 0.0026, average epoch triplet loss = 0.0161
2022-01-20 16:16:02   Cache: 3 / 5
2022-01-20 16:19:09   Epoch[05](3/5): current batch triplet loss = 0.0062, average epoch triplet loss = 0.0160
2022-01-20 16:19:09   Cache: 4 / 5
2022-01-20 16:22:14   Epoch[05](4/5): current batch triplet loss = 0.0186, average epoch triplet loss = 0.0159
2022-01-20 16:22:14   Finished epoch 05 in 0:15:22, average epoch triplet loss = 0.0159
2022-01-20 16:22:14   Extracting database features for evaluation/testing
2022-01-20 16:23:10   Extracting queries features for evaluation/testing
2022-01-20 16:23:54   Calculating recalls
2022-01-20 16:24:17   Recalls on val set < BaseDataset, pitts30k - #database: 10000; #queries: 7608 >: R@1: 88.8, R@5: 96.2, R@10: 97.6, R@20: 98.4
2022-01-20 16:24:17   Improved: previous best R@5 = 96.1, current R@5 = 96.2
2022-01-20 16:24:17   Start training epoch: 06
2022-01-20 16:24:17   Cache: 0 / 5
