2022-01-13 02:30:08   Arguments: Namespace(use_netvlad=None, netvlad_clusters=64, use_gem=True, gem_p=3, gem_eps=1e-06, use_sgd=None, use_adagrad=None, momentum=0.9, train_batch_size=4, infer_batch_size=16, margin=0.1, epochs_num=10, patience=3, lr=1e-05, cache_refresh_rate=1000, queries_per_epoch=5000, negs_num_per_query=10, neg_samples_num=1000, seed=0, device='cuda', num_workers=8, val_positive_dist_threshold=25, train_positives_dist_threshold=5, recall_values=[1, 5, 10, 20], datasets_folder='./Dataset_pitts30k', exp_name='default', test_dataset_name=None, test_model_path=None, output_folder='runs/default/2022-01-13_02-30-08')
2022-01-13 02:30:08   The outputs are being saved in runs/default/2022-01-13_02-30-08
2022-01-13 02:30:08   Using 1 GPUs and 12 CPUs
2022-01-13 02:30:08   Loading dataset Pitts30k from folder ./Dataset_pitts30k
2022-01-13 02:30:08   There are 2544 queries without any positives within the training set. They won't be considered as they're useless for training.
2022-01-13 02:30:08   Train query set: < TripletsDataset, pitts30k - #database: 10000; #queries: 4872 >
2022-01-13 02:30:08   Val set: < BaseDataset, pitts30k - #database: 10000; #queries: 7608 >
2022-01-13 02:30:08   Test set: < BaseDataset, pitts30k - #database: 10000; #queries: 6816 >
2022-01-13 02:30:09   Train only conv4 of the ResNet-18 (remove conv5), freeze the previous ones
2022-01-13 02:30:11   Output dimension of the model is 256
2022-01-13 02:30:11   Start training epoch: 00
2022-01-13 02:30:11   Cache: 0 / 5
2022-01-13 02:31:23   Epoch[00](0/5): current batch triplet loss = 0.0697, average epoch triplet loss = 0.0793
2022-01-13 02:31:23   Cache: 1 / 5
2022-01-13 02:32:34   Epoch[00](1/5): current batch triplet loss = 0.0716, average epoch triplet loss = 0.0775
2022-01-13 02:32:34   Cache: 2 / 5
2022-01-13 02:33:46   Epoch[00](2/5): current batch triplet loss = 0.0585, average epoch triplet loss = 0.0751
2022-01-13 02:33:46   Cache: 3 / 5
2022-01-13 02:34:57   Epoch[00](3/5): current batch triplet loss = 0.0785, average epoch triplet loss = 0.0735
2022-01-13 02:34:57   Cache: 4 / 5
2022-01-13 02:36:09   Epoch[00](4/5): current batch triplet loss = 0.0501, average epoch triplet loss = 0.0725
2022-01-13 02:36:09   Finished epoch 00 in 0:05:57, average epoch triplet loss = 0.0725
2022-01-13 02:36:09   Extracting database features for evaluation/testing
2022-01-13 02:36:34   Extracting queries features for evaluation/testing
2022-01-13 02:36:53   Calculating recalls
2022-01-13 02:36:54   Recalls on val set < BaseDataset, pitts30k - #database: 10000; #queries: 7608 >: R@1: 57.1, R@5: 78.7, R@10: 85.3, R@20: 90.9
2022-01-13 02:36:54   Improved: previous best R@5 = 0.0, current R@5 = 78.7
2022-01-13 02:36:54   Start training epoch: 01
2022-01-13 02:36:54   Cache: 0 / 5
2022-01-13 02:38:06   Epoch[01](0/5): current batch triplet loss = 0.0940, average epoch triplet loss = 0.0651
2022-01-13 02:38:06   Cache: 1 / 5
2022-01-13 02:39:18   Epoch[01](1/5): current batch triplet loss = 0.0543, average epoch triplet loss = 0.0641
2022-01-13 02:39:18   Cache: 2 / 5
2022-01-13 02:40:30   Epoch[01](2/5): current batch triplet loss = 0.0728, average epoch triplet loss = 0.0635
2022-01-13 02:40:30   Cache: 3 / 5
2022-01-13 02:41:43   Epoch[01](3/5): current batch triplet loss = 0.0586, average epoch triplet loss = 0.0629
2022-01-13 02:41:43   Cache: 4 / 5
2022-01-13 02:42:55   Epoch[01](4/5): current batch triplet loss = 0.0337, average epoch triplet loss = 0.0625
2022-01-13 02:42:55   Finished epoch 01 in 0:06:00, average epoch triplet loss = 0.0625
2022-01-13 02:42:55   Extracting database features for evaluation/testing
2022-01-13 02:43:20   Extracting queries features for evaluation/testing
2022-01-13 02:43:39   Calculating recalls
2022-01-13 02:43:40   Recalls on val set < BaseDataset, pitts30k - #database: 10000; #queries: 7608 >: R@1: 62.3, R@5: 81.6, R@10: 88.2, R@20: 92.7
2022-01-13 02:43:40   Improved: previous best R@5 = 78.7, current R@5 = 81.6
2022-01-13 02:43:40   Start training epoch: 02
2022-01-13 02:43:40   Cache: 0 / 5
2022-01-13 02:44:52   Epoch[02](0/5): current batch triplet loss = 0.0567, average epoch triplet loss = 0.0602
2022-01-13 02:44:52   Cache: 1 / 5
2022-01-13 02:46:04   Epoch[02](1/5): current batch triplet loss = 0.0590, average epoch triplet loss = 0.0595
2022-01-13 02:46:04   Cache: 2 / 5
2022-01-13 02:47:18   Epoch[02](2/5): current batch triplet loss = 0.0454, average epoch triplet loss = 0.0601
2022-01-13 02:47:18   Cache: 3 / 5
2022-01-13 02:48:30   Epoch[02](3/5): current batch triplet loss = 0.0331, average epoch triplet loss = 0.0596
2022-01-13 02:48:30   Cache: 4 / 5
2022-01-13 02:49:44   Epoch[02](4/5): current batch triplet loss = 0.0693, average epoch triplet loss = 0.0594
2022-01-13 02:49:44   Finished epoch 02 in 0:06:03, average epoch triplet loss = 0.0594
2022-01-13 02:49:44   Extracting database features for evaluation/testing
2022-01-13 02:50:09   Extracting queries features for evaluation/testing
2022-01-13 02:50:28   Calculating recalls
2022-01-13 02:50:29   Recalls on val set < BaseDataset, pitts30k - #database: 10000; #queries: 7608 >: R@1: 62.3, R@5: 82.0, R@10: 88.2, R@20: 93.0
2022-01-13 02:50:29   Improved: previous best R@5 = 81.6, current R@5 = 82.0
2022-01-13 02:50:29   Start training epoch: 03
2022-01-13 02:50:29   Cache: 0 / 5
2022-01-13 02:51:42   Epoch[03](0/5): current batch triplet loss = 0.0660, average epoch triplet loss = 0.0551
2022-01-13 02:51:42   Cache: 1 / 5
2022-01-13 02:52:54   Epoch[03](1/5): current batch triplet loss = 0.0657, average epoch triplet loss = 0.0559
2022-01-13 02:52:54   Cache: 2 / 5
2022-01-13 02:54:07   Epoch[03](2/5): current batch triplet loss = 0.0528, average epoch triplet loss = 0.0555
2022-01-13 02:54:07   Cache: 3 / 5
2022-01-13 02:55:20   Epoch[03](3/5): current batch triplet loss = 0.0633, average epoch triplet loss = 0.0556
2022-01-13 02:55:20   Cache: 4 / 5
2022-01-13 02:56:32   Epoch[03](4/5): current batch triplet loss = 0.0734, average epoch triplet loss = 0.0553
2022-01-13 02:56:32   Finished epoch 03 in 0:06:03, average epoch triplet loss = 0.0553
2022-01-13 02:56:32   Extracting database features for evaluation/testing
2022-01-13 02:56:57   Extracting queries features for evaluation/testing
2022-01-13 02:57:16   Calculating recalls
2022-01-13 02:57:17   Recalls on val set < BaseDataset, pitts30k - #database: 10000; #queries: 7608 >: R@1: 62.9, R@5: 82.6, R@10: 88.6, R@20: 93.3
2022-01-13 02:57:18   Improved: previous best R@5 = 82.0, current R@5 = 82.6
2022-01-13 02:57:18   Start training epoch: 04
2022-01-13 02:57:18   Cache: 0 / 5
2022-01-13 02:58:30   Epoch[04](0/5): current batch triplet loss = 0.0441, average epoch triplet loss = 0.0541
2022-01-13 02:58:30   Cache: 1 / 5
2022-01-13 02:59:42   Epoch[04](1/5): current batch triplet loss = 0.0469, average epoch triplet loss = 0.0540
2022-01-13 02:59:42   Cache: 2 / 5
2022-01-13 03:00:54   Epoch[04](2/5): current batch triplet loss = 0.0527, average epoch triplet loss = 0.0536
2022-01-13 03:00:54   Cache: 3 / 5
2022-01-13 03:02:06   Epoch[04](3/5): current batch triplet loss = 0.0329, average epoch triplet loss = 0.0534
2022-01-13 03:02:06   Cache: 4 / 5
2022-01-13 03:03:17   Epoch[04](4/5): current batch triplet loss = 0.0577, average epoch triplet loss = 0.0530
2022-01-13 03:03:17   Finished epoch 04 in 0:05:59, average epoch triplet loss = 0.0530
2022-01-13 03:03:17   Extracting database features for evaluation/testing
2022-01-13 03:03:42   Extracting queries features for evaluation/testing
2022-01-13 03:04:01   Calculating recalls
2022-01-13 03:04:02   Recalls on val set < BaseDataset, pitts30k - #database: 10000; #queries: 7608 >: R@1: 63.3, R@5: 82.5, R@10: 88.3, R@20: 92.8
2022-01-13 03:04:02   Not improved: 1 / 3: best R@5 = 82.6, current R@5 = 82.5
2022-01-13 03:04:02   Start training epoch: 05
2022-01-13 03:04:02   Cache: 0 / 5
2022-01-13 03:05:14   Epoch[05](0/5): current batch triplet loss = 0.0548, average epoch triplet loss = 0.0518
2022-01-13 03:05:14   Cache: 1 / 5
2022-01-13 03:06:25   Epoch[05](1/5): current batch triplet loss = 0.0379, average epoch triplet loss = 0.0509
2022-01-13 03:06:25   Cache: 2 / 5
2022-01-13 03:07:37   Epoch[05](2/5): current batch triplet loss = 0.0457, average epoch triplet loss = 0.0506
2022-01-13 03:07:37   Cache: 3 / 5
2022-01-13 03:08:49   Epoch[05](3/5): current batch triplet loss = 0.0491, average epoch triplet loss = 0.0502
2022-01-13 03:08:49   Cache: 4 / 5
2022-01-13 03:10:00   Epoch[05](4/5): current batch triplet loss = 0.0513, average epoch triplet loss = 0.0499
2022-01-13 03:10:00   Finished epoch 05 in 0:05:58, average epoch triplet loss = 0.0499
2022-01-13 03:10:00   Extracting database features for evaluation/testing
2022-01-13 03:10:25   Extracting queries features for evaluation/testing
2022-01-13 03:10:44   Calculating recalls
2022-01-13 03:10:45   Recalls on val set < BaseDataset, pitts30k - #database: 10000; #queries: 7608 >: R@1: 63.2, R@5: 82.2, R@10: 88.4, R@20: 93.1
2022-01-13 03:10:45   Not improved: 2 / 3: best R@5 = 82.6, current R@5 = 82.2
2022-01-13 03:10:45   Start training epoch: 06
2022-01-13 03:10:45   Cache: 0 / 5
2022-01-13 03:11:57   Epoch[06](0/5): current batch triplet loss = 0.0692, average epoch triplet loss = 0.0488
2022-01-13 03:11:57   Cache: 1 / 5
2022-01-13 03:13:10   Epoch[06](1/5): current batch triplet loss = 0.0405, average epoch triplet loss = 0.0486
2022-01-13 03:13:10   Cache: 2 / 5
2022-01-13 03:14:22   Epoch[06](2/5): current batch triplet loss = 0.0560, average epoch triplet loss = 0.0487
2022-01-13 03:14:22   Cache: 3 / 5
2022-01-13 03:15:34   Epoch[06](3/5): current batch triplet loss = 0.0420, average epoch triplet loss = 0.0488
2022-01-13 03:15:34   Cache: 4 / 5
2022-01-13 03:16:46   Epoch[06](4/5): current batch triplet loss = 0.0517, average epoch triplet loss = 0.0488
2022-01-13 03:16:46   Finished epoch 06 in 0:06:00, average epoch triplet loss = 0.0488
2022-01-13 03:16:46   Extracting database features for evaluation/testing
2022-01-13 03:17:10   Extracting queries features for evaluation/testing
2022-01-13 03:17:30   Calculating recalls
2022-01-13 03:17:30   Recalls on val set < BaseDataset, pitts30k - #database: 10000; #queries: 7608 >: R@1: 64.1, R@5: 83.2, R@10: 88.9, R@20: 93.2
2022-01-13 03:17:31   Improved: previous best R@5 = 82.6, current R@5 = 83.2
2022-01-13 03:17:31   Start training epoch: 07
2022-01-13 03:17:31   Cache: 0 / 5
2022-01-13 03:18:43   Epoch[07](0/5): current batch triplet loss = 0.0736, average epoch triplet loss = 0.0477
2022-01-13 03:18:43   Cache: 1 / 5
2022-01-13 03:19:56   Epoch[07](1/5): current batch triplet loss = 0.0473, average epoch triplet loss = 0.0475
2022-01-13 03:19:56   Cache: 2 / 5
2022-01-13 03:21:07   Epoch[07](2/5): current batch triplet loss = 0.0563, average epoch triplet loss = 0.0473
2022-01-13 03:21:07   Cache: 3 / 5
2022-01-13 03:22:19   Epoch[07](3/5): current batch triplet loss = 0.0506, average epoch triplet loss = 0.0474
2022-01-13 03:22:19   Cache: 4 / 5
2022-01-13 03:23:31   Epoch[07](4/5): current batch triplet loss = 0.0580, average epoch triplet loss = 0.0471
2022-01-13 03:23:31   Finished epoch 07 in 0:06:00, average epoch triplet loss = 0.0471
2022-01-13 03:23:31   Extracting database features for evaluation/testing
2022-01-13 03:23:56   Extracting queries features for evaluation/testing
2022-01-13 03:24:15   Calculating recalls
2022-01-13 03:24:16   Recalls on val set < BaseDataset, pitts30k - #database: 10000; #queries: 7608 >: R@1: 63.5, R@5: 83.1, R@10: 89.2, R@20: 93.5
2022-01-13 03:24:16   Not improved: 1 / 3: best R@5 = 83.2, current R@5 = 83.1
2022-01-13 03:24:16   Start training epoch: 08
2022-01-13 03:24:16   Cache: 0 / 5
2022-01-13 03:25:28   Epoch[08](0/5): current batch triplet loss = 0.0371, average epoch triplet loss = 0.0467
2022-01-13 03:25:28   Cache: 1 / 5
2022-01-13 03:26:40   Epoch[08](1/5): current batch triplet loss = 0.0613, average epoch triplet loss = 0.0461
2022-01-13 03:26:40   Cache: 2 / 5
2022-01-13 03:27:52   Epoch[08](2/5): current batch triplet loss = 0.0402, average epoch triplet loss = 0.0456
2022-01-13 03:27:52   Cache: 3 / 5
2022-01-13 03:29:04   Epoch[08](3/5): current batch triplet loss = 0.0482, average epoch triplet loss = 0.0457
2022-01-13 03:29:04   Cache: 4 / 5
2022-01-13 03:30:16   Epoch[08](4/5): current batch triplet loss = 0.0442, average epoch triplet loss = 0.0455
2022-01-13 03:30:16   Finished epoch 08 in 0:05:59, average epoch triplet loss = 0.0455
2022-01-13 03:30:16   Extracting database features for evaluation/testing
2022-01-13 03:30:41   Extracting queries features for evaluation/testing
2022-01-13 03:31:00   Calculating recalls
2022-01-13 03:31:01   Recalls on val set < BaseDataset, pitts30k - #database: 10000; #queries: 7608 >: R@1: 63.6, R@5: 83.2, R@10: 88.9, R@20: 93.2
2022-01-13 03:31:01   Not improved: 2 / 3: best R@5 = 83.2, current R@5 = 83.2
2022-01-13 03:31:01   Start training epoch: 09
2022-01-13 03:31:01   Cache: 0 / 5
2022-01-13 03:32:13   Epoch[09](0/5): current batch triplet loss = 0.0270, average epoch triplet loss = 0.0435
2022-01-13 03:32:13   Cache: 1 / 5
2022-01-13 03:33:25   Epoch[09](1/5): current batch triplet loss = 0.0461, average epoch triplet loss = 0.0437
2022-01-13 03:33:25   Cache: 2 / 5
2022-01-13 03:34:36   Epoch[09](2/5): current batch triplet loss = 0.0369, average epoch triplet loss = 0.0441
2022-01-13 03:34:36   Cache: 3 / 5
2022-01-13 03:35:48   Epoch[09](3/5): current batch triplet loss = 0.0395, average epoch triplet loss = 0.0442
2022-01-13 03:35:48   Cache: 4 / 5
2022-01-13 03:37:00   Epoch[09](4/5): current batch triplet loss = 0.0446, average epoch triplet loss = 0.0442
2022-01-13 03:37:00   Finished epoch 09 in 0:05:58, average epoch triplet loss = 0.0442
2022-01-13 03:37:00   Extracting database features for evaluation/testing
2022-01-13 03:37:25   Extracting queries features for evaluation/testing
2022-01-13 03:37:44   Calculating recalls
2022-01-13 03:37:45   Recalls on val set < BaseDataset, pitts30k - #database: 10000; #queries: 7608 >: R@1: 62.1, R@5: 82.2, R@10: 88.5, R@20: 93.1
2022-01-13 03:37:45   Not improved: 3 / 3: best R@5 = 83.2, current R@5 = 82.2
2022-01-13 03:37:45   Performance did not improve for 3 epochs. Stop training.
2022-01-13 03:37:45   Best R@5: 83.2
2022-01-13 03:37:45   Trained for 10 epochs, in total in 1:07:37
2022-01-13 03:37:45   Extracting database features for evaluation/testing
2022-01-13 03:38:10   Extracting queries features for evaluation/testing
2022-01-13 03:38:27   Calculating recalls
2022-01-13 03:38:28   Recalls on < BaseDataset, pitts30k - #database: 10000; #queries: 6816 >: R@1: 60.9, R@5: 80.8, R@10: 87.4, R@20: 92.3
