2022-01-13 02:30:08   Arguments: Namespace(use_netvlad=None, netvlad_clusters=64, use_gem=True, gem_p=3, gem_eps=1e-06, use_sgd=None, use_adagrad=None, momentum=0.9, train_batch_size=4, infer_batch_size=16, margin=0.1, epochs_num=10, patience=3, lr=1e-05, cache_refresh_rate=1000, queries_per_epoch=5000, negs_num_per_query=10, neg_samples_num=1000, seed=0, device='cuda', num_workers=8, val_positive_dist_threshold=25, train_positives_dist_threshold=5, recall_values=[1, 5, 10, 20], datasets_folder='./Dataset_pitts30k', exp_name='default', test_dataset_name=None, test_model_path=None, output_folder='runs/default/2022-01-13_02-30-08')
2022-01-13 02:30:08   The outputs are being saved in runs/default/2022-01-13_02-30-08
2022-01-13 02:30:08   Using 1 GPUs and 12 CPUs
2022-01-13 02:30:08   There are 2544 queries without any positives within the training set. They won't be considered as they're useless for training.
2022-01-13 02:30:08   Train query set: < TripletsDataset, pitts30k - #database: 10000; #queries: 4872 >
2022-01-13 02:30:08   Val set: < BaseDataset, pitts30k - #database: 10000; #queries: 7608 >
2022-01-13 02:30:08   Test set: < BaseDataset, pitts30k - #database: 10000; #queries: 6816 >
2022-01-13 02:30:11   Output dimension of the model is 256
2022-01-13 02:30:11   Start training epoch: 00
2022-01-13 02:36:09   Finished epoch 00 in 0:05:57, average epoch triplet loss = 0.0725
2022-01-13 02:36:54   Recalls on val set < BaseDataset, pitts30k - #database: 10000; #queries: 7608 >: R@1: 57.1, R@5: 78.7, R@10: 85.3, R@20: 90.9
2022-01-13 02:36:54   Improved: previous best R@5 = 0.0, current R@5 = 78.7
2022-01-13 02:36:54   Start training epoch: 01
2022-01-13 02:42:55   Finished epoch 01 in 0:06:00, average epoch triplet loss = 0.0625
2022-01-13 02:43:40   Recalls on val set < BaseDataset, pitts30k - #database: 10000; #queries: 7608 >: R@1: 62.3, R@5: 81.6, R@10: 88.2, R@20: 92.7
2022-01-13 02:43:40   Improved: previous best R@5 = 78.7, current R@5 = 81.6
2022-01-13 02:43:40   Start training epoch: 02
2022-01-13 02:49:44   Finished epoch 02 in 0:06:03, average epoch triplet loss = 0.0594
2022-01-13 02:50:29   Recalls on val set < BaseDataset, pitts30k - #database: 10000; #queries: 7608 >: R@1: 62.3, R@5: 82.0, R@10: 88.2, R@20: 93.0
2022-01-13 02:50:29   Improved: previous best R@5 = 81.6, current R@5 = 82.0
2022-01-13 02:50:29   Start training epoch: 03
2022-01-13 02:56:32   Finished epoch 03 in 0:06:03, average epoch triplet loss = 0.0553
2022-01-13 02:57:17   Recalls on val set < BaseDataset, pitts30k - #database: 10000; #queries: 7608 >: R@1: 62.9, R@5: 82.6, R@10: 88.6, R@20: 93.3
2022-01-13 02:57:18   Improved: previous best R@5 = 82.0, current R@5 = 82.6
2022-01-13 02:57:18   Start training epoch: 04
2022-01-13 03:03:17   Finished epoch 04 in 0:05:59, average epoch triplet loss = 0.0530
2022-01-13 03:04:02   Recalls on val set < BaseDataset, pitts30k - #database: 10000; #queries: 7608 >: R@1: 63.3, R@5: 82.5, R@10: 88.3, R@20: 92.8
2022-01-13 03:04:02   Not improved: 1 / 3: best R@5 = 82.6, current R@5 = 82.5
2022-01-13 03:04:02   Start training epoch: 05
2022-01-13 03:10:00   Finished epoch 05 in 0:05:58, average epoch triplet loss = 0.0499
2022-01-13 03:10:45   Recalls on val set < BaseDataset, pitts30k - #database: 10000; #queries: 7608 >: R@1: 63.2, R@5: 82.2, R@10: 88.4, R@20: 93.1
2022-01-13 03:10:45   Not improved: 2 / 3: best R@5 = 82.6, current R@5 = 82.2
2022-01-13 03:10:45   Start training epoch: 06
2022-01-13 03:16:46   Finished epoch 06 in 0:06:00, average epoch triplet loss = 0.0488
2022-01-13 03:17:30   Recalls on val set < BaseDataset, pitts30k - #database: 10000; #queries: 7608 >: R@1: 64.1, R@5: 83.2, R@10: 88.9, R@20: 93.2
2022-01-13 03:17:31   Improved: previous best R@5 = 82.6, current R@5 = 83.2
2022-01-13 03:17:31   Start training epoch: 07
2022-01-13 03:23:31   Finished epoch 07 in 0:06:00, average epoch triplet loss = 0.0471
2022-01-13 03:24:16   Recalls on val set < BaseDataset, pitts30k - #database: 10000; #queries: 7608 >: R@1: 63.5, R@5: 83.1, R@10: 89.2, R@20: 93.5
2022-01-13 03:24:16   Not improved: 1 / 3: best R@5 = 83.2, current R@5 = 83.1
2022-01-13 03:24:16   Start training epoch: 08
2022-01-13 03:30:16   Finished epoch 08 in 0:05:59, average epoch triplet loss = 0.0455
2022-01-13 03:31:01   Recalls on val set < BaseDataset, pitts30k - #database: 10000; #queries: 7608 >: R@1: 63.6, R@5: 83.2, R@10: 88.9, R@20: 93.2
2022-01-13 03:31:01   Not improved: 2 / 3: best R@5 = 83.2, current R@5 = 83.2
2022-01-13 03:31:01   Start training epoch: 09
2022-01-13 03:37:00   Finished epoch 09 in 0:05:58, average epoch triplet loss = 0.0442
2022-01-13 03:37:45   Recalls on val set < BaseDataset, pitts30k - #database: 10000; #queries: 7608 >: R@1: 62.1, R@5: 82.2, R@10: 88.5, R@20: 93.1
2022-01-13 03:37:45   Not improved: 3 / 3: best R@5 = 83.2, current R@5 = 82.2
2022-01-13 03:37:45   Performance did not improve for 3 epochs. Stop training.
2022-01-13 03:37:45   Best R@5: 83.2
2022-01-13 03:37:45   Trained for 10 epochs, in total in 1:07:37
2022-01-13 03:38:28   Recalls on < BaseDataset, pitts30k - #database: 10000; #queries: 6816 >: R@1: 60.9, R@5: 80.8, R@10: 87.4, R@20: 92.3
