2022-01-19 01:51:00   Arguments: Namespace(upscale_input=False, downscale_input=False, augment_input='None', backbone='resnet18', use_netvlad=True, netvlad_clusters=64, use_gem=None, gem_p=3, gem_eps=1e-06, use_attention='cbam', attention_lr=0.0001, use_sgd=None, use_adagrad=None, momentum=0.9, train_batch_size=4, infer_batch_size=16, margin=0.1, epochs_num=20, patience=3, lr=1e-05, cache_refresh_rate=1000, queries_per_epoch=5000, negs_num_per_query=10, neg_samples_num=1000, seed=0, device='cuda', num_workers=8, val_positive_dist_threshold=25, train_positives_dist_threshold=10, recall_values=[1, 5, 10, 20], datasets_folder='./Dataset_pitts30k', exp_name='default', test_dataset_name=None, test_model_path=None, save_attention_mask=None, output_folder='runs/default/2022-01-19_01-51-00')
2022-01-19 01:51:00   The outputs are being saved in runs/default/2022-01-19_01-51-00
2022-01-19 01:51:00   Using 1 GPUs and 12 CPUs
2022-01-19 01:51:00   Loading dataset Pitts30k from folder ./Dataset_pitts30k
2022-01-19 01:51:00   There are 96 queries without any positives within the training set. They won't be considered as they're useless for training.
2022-01-19 01:51:00   Train query set: < TripletsDataset, pitts30k - #database: 10000; #queries: 7320 >
2022-01-19 01:51:00   Val set: < BaseDataset, pitts30k - #database: 10000; #queries: 7608 >
2022-01-19 01:51:00   Test set: < BaseDataset, pitts30k - #database: 10000; #queries: 6816 >
2022-01-19 01:51:01   Train only conv4 of the ResNet-18 (remove conv5), freeze the previous ones
2022-01-19 01:51:04   Output dimension of the model is 16384
2022-01-19 01:51:04   Start training epoch: 00
2022-01-19 01:51:04   Cache: 0 / 5
2022-01-19 01:54:25   Epoch[00](0/5): current batch triplet loss = 0.0342, average epoch triplet loss = 0.0357
2022-01-19 01:54:25   Cache: 1 / 5
2022-01-19 01:57:32   Epoch[00](1/5): current batch triplet loss = 0.0413, average epoch triplet loss = 0.0329
2022-01-19 01:57:32   Cache: 2 / 5
2022-01-19 02:00:33   Epoch[00](2/5): current batch triplet loss = 0.0112, average epoch triplet loss = 0.0309
2022-01-19 02:00:33   Cache: 3 / 5
2022-01-19 02:03:32   Epoch[00](3/5): current batch triplet loss = 0.0356, average epoch triplet loss = 0.0296
2022-01-19 02:03:32   Cache: 4 / 5
2022-01-19 02:06:32   Epoch[00](4/5): current batch triplet loss = 0.0514, average epoch triplet loss = 0.0290
2022-01-19 02:06:32   Finished epoch 00 in 0:15:27, average epoch triplet loss = 0.0290
2022-01-19 02:06:32   Extracting database features for evaluation/testing
2022-01-19 02:07:20   Extracting queries features for evaluation/testing
2022-01-19 02:08:08   Calculating recalls
2022-01-19 02:08:33   Recalls on val set < BaseDataset, pitts30k - #database: 10000; #queries: 7608 >: R@1: 86.5, R@5: 95.2, R@10: 96.9, R@20: 98.2
2022-01-19 02:08:33   Improved: previous best R@5 = 0.0, current R@5 = 95.2
2022-01-19 02:08:33   Start training epoch: 01
2022-01-19 02:08:33   Cache: 0 / 5
2022-01-19 02:11:28   Epoch[01](0/5): current batch triplet loss = 0.0475, average epoch triplet loss = 0.0241
2022-01-19 02:11:28   Cache: 1 / 5
2022-01-19 02:14:24   Epoch[01](1/5): current batch triplet loss = 0.0261, average epoch triplet loss = 0.0239
2022-01-19 02:14:24   Cache: 2 / 5
2022-01-19 02:17:20   Epoch[01](2/5): current batch triplet loss = 0.0345, average epoch triplet loss = 0.0234
2022-01-19 02:17:20   Cache: 3 / 5
2022-01-19 02:20:16   Epoch[01](3/5): current batch triplet loss = 0.0281, average epoch triplet loss = 0.0232
2022-01-19 02:20:16   Cache: 4 / 5
2022-01-19 02:23:12   Epoch[01](4/5): current batch triplet loss = 0.0501, average epoch triplet loss = 0.0232
2022-01-19 02:23:12   Finished epoch 01 in 0:14:39, average epoch triplet loss = 0.0232
2022-01-19 02:23:12   Extracting database features for evaluation/testing
2022-01-19 02:23:53   Extracting queries features for evaluation/testing
2022-01-19 02:24:39   Calculating recalls
2022-01-19 02:25:02   Recalls on val set < BaseDataset, pitts30k - #database: 10000; #queries: 7608 >: R@1: 88.1, R@5: 96.1, R@10: 97.6, R@20: 98.4
2022-01-19 02:25:03   Improved: previous best R@5 = 95.2, current R@5 = 96.1
2022-01-19 02:25:03   Start training epoch: 02
2022-01-19 02:25:03   Cache: 0 / 5
2022-01-19 02:27:59   Epoch[02](0/5): current batch triplet loss = 0.0131, average epoch triplet loss = 0.0211
2022-01-19 02:27:59   Cache: 1 / 5
2022-01-19 02:30:55   Epoch[02](1/5): current batch triplet loss = 0.0080, average epoch triplet loss = 0.0213
2022-01-19 02:30:55   Cache: 2 / 5
2022-01-19 02:33:51   Epoch[02](2/5): current batch triplet loss = 0.0082, average epoch triplet loss = 0.0210
2022-01-19 02:33:51   Cache: 3 / 5
2022-01-19 02:36:47   Epoch[02](3/5): current batch triplet loss = 0.0081, average epoch triplet loss = 0.0205
2022-01-19 02:36:47   Cache: 4 / 5
2022-01-19 02:39:42   Epoch[02](4/5): current batch triplet loss = 0.0088, average epoch triplet loss = 0.0203
2022-01-19 02:39:42   Finished epoch 02 in 0:14:39, average epoch triplet loss = 0.0203
2022-01-19 02:39:42   Extracting database features for evaluation/testing
2022-01-19 02:40:26   Extracting queries features for evaluation/testing
2022-01-19 02:41:16   Calculating recalls
2022-01-19 02:41:41   Recalls on val set < BaseDataset, pitts30k - #database: 10000; #queries: 7608 >: R@1: 88.3, R@5: 96.1, R@10: 97.6, R@20: 98.5
2022-01-19 02:41:42   Improved: previous best R@5 = 96.1, current R@5 = 96.1
2022-01-19 02:41:42   Start training epoch: 03
2022-01-19 02:41:42   Cache: 0 / 5
2022-01-19 02:44:37   Epoch[03](0/5): current batch triplet loss = 0.0042, average epoch triplet loss = 0.0173
2022-01-19 02:44:37   Cache: 1 / 5
2022-01-19 02:47:33   Epoch[03](1/5): current batch triplet loss = 0.0223, average epoch triplet loss = 0.0185
2022-01-19 02:47:33   Cache: 2 / 5
2022-01-19 02:50:29   Epoch[03](2/5): current batch triplet loss = 0.0156, average epoch triplet loss = 0.0190
2022-01-19 02:50:29   Cache: 3 / 5
2022-01-19 02:53:25   Epoch[03](3/5): current batch triplet loss = 0.0724, average epoch triplet loss = 0.0189
2022-01-19 02:53:25   Cache: 4 / 5
2022-01-19 02:56:22   Epoch[03](4/5): current batch triplet loss = 0.0222, average epoch triplet loss = 0.0190
2022-01-19 02:56:22   Finished epoch 03 in 0:14:40, average epoch triplet loss = 0.0190
2022-01-19 02:56:22   Extracting database features for evaluation/testing
