2022-01-19 01:51:00   Arguments: Namespace(upscale_input=False, downscale_input=False, augment_input='None', backbone='resnet18', use_netvlad=True, netvlad_clusters=64, use_gem=None, gem_p=3, gem_eps=1e-06, use_attention='cbam', attention_lr=0.0001, use_sgd=None, use_adagrad=None, momentum=0.9, train_batch_size=4, infer_batch_size=16, margin=0.1, epochs_num=20, patience=3, lr=1e-05, cache_refresh_rate=1000, queries_per_epoch=5000, negs_num_per_query=10, neg_samples_num=1000, seed=0, device='cuda', num_workers=8, val_positive_dist_threshold=25, train_positives_dist_threshold=10, recall_values=[1, 5, 10, 20], datasets_folder='./Dataset_pitts30k', exp_name='default', test_dataset_name=None, test_model_path=None, save_attention_mask=None, output_folder='runs/default/2022-01-19_01-51-00')
2022-01-19 01:51:00   The outputs are being saved in runs/default/2022-01-19_01-51-00
2022-01-19 01:51:00   Using 1 GPUs and 12 CPUs
2022-01-19 01:51:00   There are 96 queries without any positives within the training set. They won't be considered as they're useless for training.
2022-01-19 01:51:00   Train query set: < TripletsDataset, pitts30k - #database: 10000; #queries: 7320 >
2022-01-19 01:51:00   Val set: < BaseDataset, pitts30k - #database: 10000; #queries: 7608 >
2022-01-19 01:51:00   Test set: < BaseDataset, pitts30k - #database: 10000; #queries: 6816 >
2022-01-19 01:51:04   Output dimension of the model is 16384
2022-01-19 01:51:04   Start training epoch: 00
2022-01-19 02:06:32   Finished epoch 00 in 0:15:27, average epoch triplet loss = 0.0290
2022-01-19 02:08:33   Recalls on val set < BaseDataset, pitts30k - #database: 10000; #queries: 7608 >: R@1: 86.5, R@5: 95.2, R@10: 96.9, R@20: 98.2
2022-01-19 02:08:33   Improved: previous best R@5 = 0.0, current R@5 = 95.2
2022-01-19 02:08:33   Start training epoch: 01
2022-01-19 02:23:12   Finished epoch 01 in 0:14:39, average epoch triplet loss = 0.0232
2022-01-19 02:25:02   Recalls on val set < BaseDataset, pitts30k - #database: 10000; #queries: 7608 >: R@1: 88.1, R@5: 96.1, R@10: 97.6, R@20: 98.4
2022-01-19 02:25:03   Improved: previous best R@5 = 95.2, current R@5 = 96.1
2022-01-19 02:25:03   Start training epoch: 02
2022-01-19 02:39:42   Finished epoch 02 in 0:14:39, average epoch triplet loss = 0.0203
2022-01-19 02:41:41   Recalls on val set < BaseDataset, pitts30k - #database: 10000; #queries: 7608 >: R@1: 88.3, R@5: 96.1, R@10: 97.6, R@20: 98.5
2022-01-19 02:41:42   Improved: previous best R@5 = 96.1, current R@5 = 96.1
2022-01-19 02:41:42   Start training epoch: 03
2022-01-19 02:56:22   Finished epoch 03 in 0:14:40, average epoch triplet loss = 0.0190
