2022-01-14 05:33:27   Arguments: Namespace(backbone='resnet18', use_netvlad=True, netvlad_clusters=64, use_gem=None, gem_p=3, gem_eps=1e-06, use_sgd=None, use_adagrad=None, momentum=0.9, train_batch_size=4, infer_batch_size=16, margin=0.1, epochs_num=20, patience=3, lr=1e-05, cache_refresh_rate=1000, queries_per_epoch=5000, negs_num_per_query=10, neg_samples_num=1000, seed=0, device='cuda', num_workers=8, val_positive_dist_threshold=25, train_positives_dist_threshold=10, recall_values=[1, 5, 10, 20], datasets_folder='./Dataset_pitts30k', exp_name='default', test_dataset_name=None, test_model_path=None, output_folder='runs/default/2022-01-14_05-33-27')
2022-01-14 05:33:27   The outputs are being saved in runs/default/2022-01-14_05-33-27
2022-01-14 05:33:27   Using 1 GPUs and 12 CPUs
2022-01-14 05:33:27   Loading dataset Pitts30k from folder ./Dataset_pitts30k
2022-01-14 05:33:27   There are 96 queries without any positives within the training set. They won't be considered as they're useless for training.
2022-01-14 05:33:27   Train query set: < TripletsDataset, pitts30k - #database: 10000; #queries: 7320 >
2022-01-14 05:33:27   Val set: < BaseDataset, pitts30k - #database: 10000; #queries: 7608 >
2022-01-14 05:33:27   Test set: < BaseDataset, pitts30k - #database: 10000; #queries: 6816 >
2022-01-14 05:33:27   Train only conv4 of the ResNet-18 (remove conv5), freeze the previous ones
2022-01-14 05:33:32   Output dimension of the model is 16384
2022-01-14 05:33:32   Start training epoch: 00
2022-01-14 05:33:32   Cache: 0 / 5
2022-01-14 05:36:22   Epoch[00](0/5): current batch triplet loss = 0.0744, average epoch triplet loss = 0.0806
2022-01-14 05:36:22   Cache: 1 / 5
2022-01-14 05:39:14   Epoch[00](1/5): current batch triplet loss = 0.0882, average epoch triplet loss = 0.0783
2022-01-14 05:39:14   Cache: 2 / 5
2022-01-14 05:42:05   Epoch[00](2/5): current batch triplet loss = 0.0716, average epoch triplet loss = 0.0762
2022-01-14 05:42:05   Cache: 3 / 5
2022-01-14 05:44:57   Epoch[00](3/5): current batch triplet loss = 0.0770, average epoch triplet loss = 0.0748
2022-01-14 05:44:57   Cache: 4 / 5
2022-01-14 05:47:48   Epoch[00](4/5): current batch triplet loss = 0.0780, average epoch triplet loss = 0.0734
2022-01-14 05:47:48   Finished epoch 00 in 0:14:15, average epoch triplet loss = 0.0734
2022-01-14 05:47:48   Extracting database features for evaluation/testing
2022-01-14 05:48:23   Extracting queries features for evaluation/testing
2022-01-14 05:49:15   Calculating recalls
2022-01-14 05:49:39   Recalls on val set < BaseDataset, pitts30k - #database: 10000; #queries: 7608 >: R@1: 80.1, R@5: 91.4, R@10: 94.3, R@20: 96.3
2022-01-14 05:49:39   Improved: previous best R@5 = 0.0, current R@5 = 91.4
2022-01-14 05:49:39   Start training epoch: 01
2022-01-14 05:49:39   Cache: 0 / 5
2022-01-14 05:52:30   Epoch[01](0/5): current batch triplet loss = 0.0739, average epoch triplet loss = 0.0649
2022-01-14 05:52:30   Cache: 1 / 5
2022-01-14 05:55:21   Epoch[01](1/5): current batch triplet loss = 0.0538, average epoch triplet loss = 0.0641
2022-01-14 05:55:21   Cache: 2 / 5
2022-01-14 05:58:13   Epoch[01](2/5): current batch triplet loss = 0.0721, average epoch triplet loss = 0.0631
2022-01-14 05:58:13   Cache: 3 / 5
2022-01-14 06:01:05   Epoch[01](3/5): current batch triplet loss = 0.0595, average epoch triplet loss = 0.0624
2022-01-14 06:01:05   Cache: 4 / 5
2022-01-14 06:03:57   Epoch[01](4/5): current batch triplet loss = 0.0696, average epoch triplet loss = 0.0616
2022-01-14 06:03:57   Finished epoch 01 in 0:14:18, average epoch triplet loss = 0.0616
2022-01-14 06:03:57   Extracting database features for evaluation/testing
2022-01-14 06:04:32   Extracting queries features for evaluation/testing
2022-01-14 06:05:23   Calculating recalls
2022-01-14 06:05:48   Recalls on val set < BaseDataset, pitts30k - #database: 10000; #queries: 7608 >: R@1: 83.0, R@5: 92.6, R@10: 95.1, R@20: 96.8
2022-01-14 06:05:49   Improved: previous best R@5 = 91.4, current R@5 = 92.6
2022-01-14 06:05:49   Start training epoch: 02
2022-01-14 06:05:49   Cache: 0 / 5
2022-01-14 06:08:40   Epoch[02](0/5): current batch triplet loss = 0.0710, average epoch triplet loss = 0.0560
2022-01-14 06:08:40   Cache: 1 / 5
2022-01-14 06:11:32   Epoch[02](1/5): current batch triplet loss = 0.0465, average epoch triplet loss = 0.0556
2022-01-14 06:11:32   Cache: 2 / 5
2022-01-14 06:14:24   Epoch[02](2/5): current batch triplet loss = 0.0344, average epoch triplet loss = 0.0549
2022-01-14 06:14:24   Cache: 3 / 5
2022-01-14 06:17:16   Epoch[02](3/5): current batch triplet loss = 0.0418, average epoch triplet loss = 0.0538
2022-01-14 06:17:16   Cache: 4 / 5
2022-01-14 06:20:08   Epoch[02](4/5): current batch triplet loss = 0.0394, average epoch triplet loss = 0.0532
2022-01-14 06:20:08   Finished epoch 02 in 0:14:19, average epoch triplet loss = 0.0532
2022-01-14 06:20:08   Extracting database features for evaluation/testing
2022-01-14 06:20:43   Extracting queries features for evaluation/testing
2022-01-14 06:21:37   Calculating recalls
2022-01-14 06:22:07   Recalls on val set < BaseDataset, pitts30k - #database: 10000; #queries: 7608 >: R@1: 83.6, R@5: 92.6, R@10: 95.0, R@20: 96.7
2022-01-14 06:22:07   Not improved: 1 / 3: best R@5 = 92.6, current R@5 = 92.6
2022-01-14 06:22:07   Start training epoch: 03
2022-01-14 06:22:07   Cache: 0 / 5
2022-01-14 06:24:59   Epoch[03](0/5): current batch triplet loss = 0.0217, average epoch triplet loss = 0.0468
2022-01-14 06:24:59   Cache: 1 / 5
2022-01-14 06:27:51   Epoch[03](1/5): current batch triplet loss = 0.0523, average epoch triplet loss = 0.0475
2022-01-14 06:27:51   Cache: 2 / 5
2022-01-14 06:30:42   Epoch[03](2/5): current batch triplet loss = 0.0313, average epoch triplet loss = 0.0477
2022-01-14 06:30:42   Cache: 3 / 5
2022-01-14 06:33:34   Epoch[03](3/5): current batch triplet loss = 0.0736, average epoch triplet loss = 0.0472
2022-01-14 06:33:34   Cache: 4 / 5
2022-01-14 06:36:26   Epoch[03](4/5): current batch triplet loss = 0.0560, average epoch triplet loss = 0.0469
2022-01-14 06:36:26   Finished epoch 03 in 0:14:19, average epoch triplet loss = 0.0469
2022-01-14 06:36:26   Extracting database features for evaluation/testing
2022-01-14 06:37:01   Extracting queries features for evaluation/testing
2022-01-14 06:37:48   Calculating recalls
2022-01-14 06:38:15   Recalls on val set < BaseDataset, pitts30k - #database: 10000; #queries: 7608 >: R@1: 83.9, R@5: 92.5, R@10: 94.9, R@20: 96.8
2022-01-14 06:38:15   Not improved: 2 / 3: best R@5 = 92.6, current R@5 = 92.5
2022-01-14 06:38:15   Start training epoch: 04
2022-01-14 06:38:15   Cache: 0 / 5
2022-01-14 06:41:07   Epoch[04](0/5): current batch triplet loss = 0.0241, average epoch triplet loss = 0.0435
2022-01-14 06:41:07   Cache: 1 / 5
2022-01-14 06:43:59   Epoch[04](1/5): current batch triplet loss = 0.0418, average epoch triplet loss = 0.0426
2022-01-14 06:43:59   Cache: 2 / 5
2022-01-14 06:46:51   Epoch[04](2/5): current batch triplet loss = 0.0533, average epoch triplet loss = 0.0424
2022-01-14 06:46:51   Cache: 3 / 5
2022-01-14 06:49:42   Epoch[04](3/5): current batch triplet loss = 0.0459, average epoch triplet loss = 0.0423
2022-01-14 06:49:42   Cache: 4 / 5
2022-01-14 06:52:35   Epoch[04](4/5): current batch triplet loss = 0.0391, average epoch triplet loss = 0.0420
2022-01-14 06:52:35   Finished epoch 04 in 0:14:19, average epoch triplet loss = 0.0420
2022-01-14 06:52:35   Extracting database features for evaluation/testing
2022-01-14 06:53:10   Extracting queries features for evaluation/testing
2022-01-14 06:53:53   Calculating recalls
2022-01-14 06:54:14   Recalls on val set < BaseDataset, pitts30k - #database: 10000; #queries: 7608 >: R@1: 83.6, R@5: 92.5, R@10: 95.1, R@20: 96.8
2022-01-14 06:54:14   Not improved: 3 / 3: best R@5 = 92.6, current R@5 = 92.5
2022-01-14 06:54:14   Performance did not improve for 3 epochs. Stop training.
2022-01-14 06:54:14   Best R@5: 92.6
2022-01-14 06:54:14   Trained for 05 epochs, in total in 1:20:47
2022-01-14 06:54:14   Extracting database features for evaluation/testing
2022-01-14 06:54:50   Extracting queries features for evaluation/testing
2022-01-14 06:55:25   Calculating recalls
2022-01-14 06:55:46   Recalls on < BaseDataset, pitts30k - #database: 10000; #queries: 6816 >: R@1: 80.5, R@5: 90.6, R@10: 93.3, R@20: 95.2
