2022-01-14 05:33:27   Arguments: Namespace(backbone='resnet18', use_netvlad=True, netvlad_clusters=64, use_gem=None, gem_p=3, gem_eps=1e-06, use_sgd=None, use_adagrad=None, momentum=0.9, train_batch_size=4, infer_batch_size=16, margin=0.1, epochs_num=20, patience=3, lr=1e-05, cache_refresh_rate=1000, queries_per_epoch=5000, negs_num_per_query=10, neg_samples_num=1000, seed=0, device='cuda', num_workers=8, val_positive_dist_threshold=25, train_positives_dist_threshold=10, recall_values=[1, 5, 10, 20], datasets_folder='./Dataset_pitts30k', exp_name='default', test_dataset_name=None, test_model_path=None, output_folder='runs/default/2022-01-14_05-33-27')
2022-01-14 05:33:27   The outputs are being saved in runs/default/2022-01-14_05-33-27
2022-01-14 05:33:27   Using 1 GPUs and 12 CPUs
2022-01-14 05:33:27   There are 96 queries without any positives within the training set. They won't be considered as they're useless for training.
2022-01-14 05:33:27   Train query set: < TripletsDataset, pitts30k - #database: 10000; #queries: 7320 >
2022-01-14 05:33:27   Val set: < BaseDataset, pitts30k - #database: 10000; #queries: 7608 >
2022-01-14 05:33:27   Test set: < BaseDataset, pitts30k - #database: 10000; #queries: 6816 >
2022-01-14 05:33:32   Output dimension of the model is 16384
2022-01-14 05:33:32   Start training epoch: 00
2022-01-14 05:47:48   Finished epoch 00 in 0:14:15, average epoch triplet loss = 0.0734
2022-01-14 05:49:39   Recalls on val set < BaseDataset, pitts30k - #database: 10000; #queries: 7608 >: R@1: 80.1, R@5: 91.4, R@10: 94.3, R@20: 96.3
2022-01-14 05:49:39   Improved: previous best R@5 = 0.0, current R@5 = 91.4
2022-01-14 05:49:39   Start training epoch: 01
2022-01-14 06:03:57   Finished epoch 01 in 0:14:18, average epoch triplet loss = 0.0616
2022-01-14 06:05:48   Recalls on val set < BaseDataset, pitts30k - #database: 10000; #queries: 7608 >: R@1: 83.0, R@5: 92.6, R@10: 95.1, R@20: 96.8
2022-01-14 06:05:49   Improved: previous best R@5 = 91.4, current R@5 = 92.6
2022-01-14 06:05:49   Start training epoch: 02
2022-01-14 06:20:08   Finished epoch 02 in 0:14:19, average epoch triplet loss = 0.0532
2022-01-14 06:22:07   Recalls on val set < BaseDataset, pitts30k - #database: 10000; #queries: 7608 >: R@1: 83.6, R@5: 92.6, R@10: 95.0, R@20: 96.7
2022-01-14 06:22:07   Not improved: 1 / 3: best R@5 = 92.6, current R@5 = 92.6
2022-01-14 06:22:07   Start training epoch: 03
2022-01-14 06:36:26   Finished epoch 03 in 0:14:19, average epoch triplet loss = 0.0469
2022-01-14 06:38:15   Recalls on val set < BaseDataset, pitts30k - #database: 10000; #queries: 7608 >: R@1: 83.9, R@5: 92.5, R@10: 94.9, R@20: 96.8
2022-01-14 06:38:15   Not improved: 2 / 3: best R@5 = 92.6, current R@5 = 92.5
2022-01-14 06:38:15   Start training epoch: 04
2022-01-14 06:52:35   Finished epoch 04 in 0:14:19, average epoch triplet loss = 0.0420
2022-01-14 06:54:14   Recalls on val set < BaseDataset, pitts30k - #database: 10000; #queries: 7608 >: R@1: 83.6, R@5: 92.5, R@10: 95.1, R@20: 96.8
2022-01-14 06:54:14   Not improved: 3 / 3: best R@5 = 92.6, current R@5 = 92.5
2022-01-14 06:54:14   Performance did not improve for 3 epochs. Stop training.
2022-01-14 06:54:14   Best R@5: 92.6
2022-01-14 06:54:14   Trained for 05 epochs, in total in 1:20:47
2022-01-14 06:55:46   Recalls on < BaseDataset, pitts30k - #database: 10000; #queries: 6816 >: R@1: 80.5, R@5: 90.6, R@10: 93.3, R@20: 95.2
