2022-01-12 23:53:26   Arguments: Namespace(use_netvlad=True, netvlad_clusters=128, use_gem=None, gem_p=3, gem_eps=1e-06, use_sgd=None, use_adagrad=None, momentum=0.9, train_batch_size=4, infer_batch_size=16, margin=0.1, epochs_num=10, patience=3, lr=1e-06, cache_refresh_rate=1000, queries_per_epoch=5000, negs_num_per_query=10, neg_samples_num=1000, seed=0, device='cuda', num_workers=8, val_positive_dist_threshold=25, train_positives_dist_threshold=10, recall_values=[1, 5, 10, 20], datasets_folder='./Dataset_pitts30k', exp_name='default', test_dataset_name=None, test_model_path=None, output_folder='runs/default/2022-01-12_23-53-26')
2022-01-12 23:53:26   The outputs are being saved in runs/default/2022-01-12_23-53-26
2022-01-12 23:53:26   Using 1 GPUs and 12 CPUs
2022-01-12 23:53:26   Loading dataset Pitts30k from folder ./Dataset_pitts30k
2022-01-12 23:53:27   There are 96 queries without any positives within the training set. They won't be considered as they're useless for training.
2022-01-12 23:53:27   Train query set: < TripletsDataset, pitts30k - #database: 10000; #queries: 7320 >
2022-01-12 23:53:27   Val set: < BaseDataset, pitts30k - #database: 10000; #queries: 7608 >
2022-01-12 23:53:27   Test set: < BaseDataset, pitts30k - #database: 10000; #queries: 6816 >
2022-01-12 23:53:27   Train only conv4 of the ResNet-18 (remove conv5), freeze the previous ones
2022-01-12 23:53:32   Output dimension of the model is 32768
2022-01-12 23:53:32   Start training epoch: 00
2022-01-12 23:53:32   Cache: 0 / 5
2022-01-12 23:55:52   
Traceback (most recent call last):
  File "/home/franzhd/Aml_project/project_vg/run_train.py", line 100, in <module>
    features = model(images.to(args.device))
  File "/home/franzhd/.local/lib/python3.9/site-packages/torch/nn/modules/module.py", line 1102, in _call_impl
    return forward_call(*input, **kwargs)
  File "/home/franzhd/Aml_project/project_vg/network.py", line 31, in forward
    x = self.aggregation(x)
  File "/home/franzhd/.local/lib/python3.9/site-packages/torch/nn/modules/module.py", line 1102, in _call_impl
    return forward_call(*input, **kwargs)
  File "/home/franzhd/Aml_project/project_vg/netvlad.py", line 86, in forward
    residual = x_flatten.unsqueeze(0).permute(1, 0, 2, 3) - \
RuntimeError: CUDA out of memory. Tried to allocate 58.00 MiB (GPU 0; 7.77 GiB total capacity; 5.24 GiB already allocated; 65.00 MiB free; 5.38 GiB reserved in total by PyTorch) If reserved memory is >> allocated memory try setting max_split_size_mb to avoid fragmentation.  See documentation for Memory Management and PYTORCH_CUDA_ALLOC_CONF

