2022-01-21 11:44:24   Arguments: Namespace(upscale_input=False, downscale_input=False, augment_input='None', backbone='resnet18', use_netvlad=True, netvlad_clusters=64, use_gem=None, gem_p=3, gem_eps=1e-06, use_attention='cbam', attention_lr=0.01, use_sgd=None, use_adagrad=None, momentum=0.9, train_batch_size=4, infer_batch_size=16, margin=0.1, epochs_num=20, patience=3, lr=1e-05, cache_refresh_rate=1000, queries_per_epoch=5000, negs_num_per_query=10, neg_samples_num=1000, seed=0, device='cuda', num_workers=8, val_positive_dist_threshold=25, train_positives_dist_threshold=10, recall_values=[1, 5, 10, 20], datasets_folder='./Dataset_pitts30k', exp_name='default', test_dataset_name=None, test_model_path=None, save_attention_mask=None, output_folder='runs/default/2022-01-21_11-44-24')
2022-01-21 11:44:24   The outputs are being saved in runs/default/2022-01-21_11-44-24
2022-01-21 11:44:24   Using 1 GPUs and 12 CPUs
2022-01-21 11:44:24   Loading dataset Pitts30k from folder ./Dataset_pitts30k
2022-01-21 11:44:24   There are 96 queries without any positives within the training set. They won't be considered as they're useless for training.
2022-01-21 11:44:24   Train query set: < TripletsDataset, pitts30k - #database: 10000; #queries: 7320 >
2022-01-21 11:44:24   Val set: < BaseDataset, pitts30k - #database: 10000; #queries: 7608 >
2022-01-21 11:44:25   Test set: < BaseDataset, pitts30k - #database: 10000; #queries: 6816 >
2022-01-21 11:44:25   Train only conv4 of the ResNet-18 (remove conv5), freeze the previous ones
2022-01-21 11:44:28   Output dimension of the model is 16384
2022-01-21 11:44:28   Start training epoch: 00
2022-01-21 11:44:28   Cache: 0 / 5
2022-01-21 11:47:26   Epoch[00](0/5): current batch triplet loss = 0.0332, average epoch triplet loss = 0.0359
2022-01-21 11:47:26   Cache: 1 / 5
2022-01-21 11:50:30   Epoch[00](1/5): current batch triplet loss = 0.0430, average epoch triplet loss = 0.0331
2022-01-21 11:50:30   Cache: 2 / 5
2022-01-21 11:53:34   Epoch[00](2/5): current batch triplet loss = 0.0117, average epoch triplet loss = 0.0308
2022-01-21 11:53:34   Cache: 3 / 5
2022-01-21 11:56:34   Epoch[00](3/5): current batch triplet loss = 0.0336, average epoch triplet loss = 0.0295
2022-01-21 11:56:34   Cache: 4 / 5
2022-01-21 11:59:34   Epoch[00](4/5): current batch triplet loss = 0.0528, average epoch triplet loss = 0.0288
2022-01-21 11:59:34   Finished epoch 00 in 0:15:05, average epoch triplet loss = 0.0288
2022-01-21 11:59:34   Extracting database features for evaluation/testing
2022-01-21 12:00:12   Extracting queries features for evaluation/testing
2022-01-21 12:00:54   Calculating recalls
2022-01-21 12:01:23   Recalls on val set < BaseDataset, pitts30k - #database: 10000; #queries: 7608 >: R@1: 86.2, R@5: 94.9, R@10: 96.8, R@20: 98.1
2022-01-21 12:01:23   Improved: previous best R@5 = 0.0, current R@5 = 94.9
2022-01-21 12:01:23   Start training epoch: 01
2022-01-21 12:01:23   Cache: 0 / 5
2022-01-21 12:04:22   Epoch[01](0/5): current batch triplet loss = 0.0481, average epoch triplet loss = 0.0237
2022-01-21 12:04:22   Cache: 1 / 5
2022-01-21 12:07:22   Epoch[01](1/5): current batch triplet loss = 0.0248, average epoch triplet loss = 0.0235
2022-01-21 12:07:22   Cache: 2 / 5
2022-01-21 12:10:22   Epoch[01](2/5): current batch triplet loss = 0.0260, average epoch triplet loss = 0.0228
2022-01-21 12:10:22   Cache: 3 / 5
2022-01-21 12:13:21   Epoch[01](3/5): current batch triplet loss = 0.0228, average epoch triplet loss = 0.0227
2022-01-21 12:13:21   Cache: 4 / 5
2022-01-21 12:16:20   Epoch[01](4/5): current batch triplet loss = 0.0402, average epoch triplet loss = 0.0226
2022-01-21 12:16:20   Finished epoch 01 in 0:14:56, average epoch triplet loss = 0.0226
2022-01-21 12:16:20   Extracting database features for evaluation/testing
2022-01-21 12:17:00   Extracting queries features for evaluation/testing
2022-01-21 12:17:42   Calculating recalls
2022-01-21 12:18:04   Recalls on val set < BaseDataset, pitts30k - #database: 10000; #queries: 7608 >: R@1: 88.1, R@5: 95.9, R@10: 97.4, R@20: 98.3
2022-01-21 12:18:04   Improved: previous best R@5 = 94.9, current R@5 = 95.9
2022-01-21 12:18:04   Start training epoch: 02
2022-01-21 12:18:04   Cache: 0 / 5
2022-01-21 12:21:05   Epoch[02](0/5): current batch triplet loss = 0.0141, average epoch triplet loss = 0.0202
2022-01-21 12:21:05   Cache: 1 / 5
2022-01-21 12:24:04   Epoch[02](1/5): current batch triplet loss = 0.0080, average epoch triplet loss = 0.0203
2022-01-21 12:24:04   Cache: 2 / 5
2022-01-21 12:27:05   Epoch[02](2/5): current batch triplet loss = 0.0070, average epoch triplet loss = 0.0199
2022-01-21 12:27:05   Cache: 3 / 5
2022-01-21 12:30:05   Epoch[02](3/5): current batch triplet loss = 0.0122, average epoch triplet loss = 0.0195
2022-01-21 12:30:05   Cache: 4 / 5
2022-01-21 12:33:06   Epoch[02](4/5): current batch triplet loss = 0.0050, average epoch triplet loss = 0.0193
2022-01-21 12:33:06   Finished epoch 02 in 0:15:01, average epoch triplet loss = 0.0193
2022-01-21 12:33:06   Extracting database features for evaluation/testing
2022-01-21 12:33:43   Extracting queries features for evaluation/testing
2022-01-21 12:34:25   Calculating recalls
2022-01-21 12:34:54   Recalls on val set < BaseDataset, pitts30k - #database: 10000; #queries: 7608 >: R@1: 88.7, R@5: 96.1, R@10: 97.5, R@20: 98.5
2022-01-21 12:34:54   Improved: previous best R@5 = 95.9, current R@5 = 96.1
2022-01-21 12:34:54   Start training epoch: 03
2022-01-21 12:34:54   Cache: 0 / 5
2022-01-21 12:37:54   Epoch[03](0/5): current batch triplet loss = 0.0030, average epoch triplet loss = 0.0168
2022-01-21 12:37:54   Cache: 1 / 5
2022-01-21 12:40:53   Epoch[03](1/5): current batch triplet loss = 0.0119, average epoch triplet loss = 0.0179
2022-01-21 12:40:53   Cache: 2 / 5
2022-01-21 12:43:55   Epoch[03](2/5): current batch triplet loss = 0.0116, average epoch triplet loss = 0.0184
2022-01-21 12:43:55   Cache: 3 / 5
2022-01-21 12:46:58   Epoch[03](3/5): current batch triplet loss = 0.0732, average epoch triplet loss = 0.0182
2022-01-21 12:46:58   Cache: 4 / 5
2022-01-21 12:49:59   Epoch[03](4/5): current batch triplet loss = 0.0203, average epoch triplet loss = 0.0183
2022-01-21 12:49:59   Finished epoch 03 in 0:15:04, average epoch triplet loss = 0.0183
2022-01-21 12:49:59   Extracting database features for evaluation/testing
2022-01-21 12:50:36   Extracting queries features for evaluation/testing
2022-01-21 12:51:06   Calculating recalls
2022-01-21 12:51:31   Recalls on val set < BaseDataset, pitts30k - #database: 10000; #queries: 7608 >: R@1: 88.4, R@5: 96.0, R@10: 97.5, R@20: 98.4
2022-01-21 12:51:32   Not improved: 1 / 3: best R@5 = 96.1, current R@5 = 96.0
2022-01-21 12:51:32   Start training epoch: 04
2022-01-21 12:51:32   Cache: 0 / 5
2022-01-21 12:54:32   Epoch[04](0/5): current batch triplet loss = 0.0017, average epoch triplet loss = 0.0172
2022-01-21 12:54:32   Cache: 1 / 5
2022-01-21 12:57:33   Epoch[04](1/5): current batch triplet loss = 0.0195, average epoch triplet loss = 0.0168
2022-01-21 12:57:33   Cache: 2 / 5
2022-01-21 13:00:32   Epoch[04](2/5): current batch triplet loss = 0.0191, average epoch triplet loss = 0.0166
2022-01-21 13:00:32   Cache: 3 / 5
2022-01-21 13:03:31   Epoch[04](3/5): current batch triplet loss = 0.0197, average epoch triplet loss = 0.0170
2022-01-21 13:03:31   Cache: 4 / 5
2022-01-21 13:06:30   Epoch[04](4/5): current batch triplet loss = 0.0072, average epoch triplet loss = 0.0170
2022-01-21 13:06:30   Finished epoch 04 in 0:14:57, average epoch triplet loss = 0.0170
2022-01-21 13:06:30   Extracting database features for evaluation/testing
2022-01-21 13:07:06   Extracting queries features for evaluation/testing
2022-01-21 13:07:39   Calculating recalls
2022-01-21 13:08:05   Recalls on val set < BaseDataset, pitts30k - #database: 10000; #queries: 7608 >: R@1: 88.8, R@5: 96.1, R@10: 97.6, R@20: 98.3
2022-01-21 13:08:06   Improved: previous best R@5 = 96.1, current R@5 = 96.1
2022-01-21 13:08:06   Start training epoch: 05
2022-01-21 13:08:06   Cache: 0 / 5
2022-01-21 13:11:10   Epoch[05](0/5): current batch triplet loss = 0.0083, average epoch triplet loss = 0.0167
2022-01-21 13:11:10   Cache: 1 / 5
2022-01-21 13:14:14   Epoch[05](1/5): current batch triplet loss = 0.0212, average epoch triplet loss = 0.0160
2022-01-21 13:14:14   Cache: 2 / 5
2022-01-21 13:17:16   Epoch[05](2/5): current batch triplet loss = 0.0026, average epoch triplet loss = 0.0161
2022-01-21 13:17:16   Cache: 3 / 5
2022-01-21 13:20:17   Epoch[05](3/5): current batch triplet loss = 0.0062, average epoch triplet loss = 0.0160
2022-01-21 13:20:17   Cache: 4 / 5
2022-01-21 13:23:18   Epoch[05](4/5): current batch triplet loss = 0.0186, average epoch triplet loss = 0.0159
2022-01-21 13:23:18   Finished epoch 05 in 0:15:12, average epoch triplet loss = 0.0159
2022-01-21 13:23:18   Extracting database features for evaluation/testing
2022-01-21 13:23:56   Extracting queries features for evaluation/testing
2022-01-21 13:24:42   Calculating recalls
2022-01-21 13:25:11   Recalls on val set < BaseDataset, pitts30k - #database: 10000; #queries: 7608 >: R@1: 88.8, R@5: 96.2, R@10: 97.6, R@20: 98.4
2022-01-21 13:25:12   Improved: previous best R@5 = 96.1, current R@5 = 96.2
2022-01-21 13:25:12   Start training epoch: 06
2022-01-21 13:25:12   Cache: 0 / 5
2022-01-21 13:28:11   Epoch[06](0/5): current batch triplet loss = 0.0357, average epoch triplet loss = 0.0174
2022-01-21 13:28:11   Cache: 1 / 5
2022-01-21 13:31:13   Epoch[06](1/5): current batch triplet loss = 0.0030, average epoch triplet loss = 0.0163
2022-01-21 13:31:13   Cache: 2 / 5
2022-01-21 13:34:14   Epoch[06](2/5): current batch triplet loss = 0.0028, average epoch triplet loss = 0.0157
2022-01-21 13:34:14   Cache: 3 / 5
2022-01-21 13:37:16   Epoch[06](3/5): current batch triplet loss = 0.0196, average epoch triplet loss = 0.0159
2022-01-21 13:37:16   Cache: 4 / 5
2022-01-21 13:40:18   Epoch[06](4/5): current batch triplet loss = 0.0040, average epoch triplet loss = 0.0158
2022-01-21 13:40:18   Finished epoch 06 in 0:15:06, average epoch triplet loss = 0.0158
2022-01-21 13:40:18   Extracting database features for evaluation/testing
2022-01-21 13:40:55   Extracting queries features for evaluation/testing
2022-01-21 13:41:36   Calculating recalls
2022-01-21 13:42:03   Recalls on val set < BaseDataset, pitts30k - #database: 10000; #queries: 7608 >: R@1: 88.8, R@5: 96.1, R@10: 97.5, R@20: 98.3
2022-01-21 13:42:03   Not improved: 1 / 3: best R@5 = 96.2, current R@5 = 96.1
2022-01-21 13:42:03   Start training epoch: 07
2022-01-21 13:42:03   Cache: 0 / 5
2022-01-21 13:45:06   Epoch[07](0/5): current batch triplet loss = 0.0063, average epoch triplet loss = 0.0157
2022-01-21 13:45:06   Cache: 1 / 5
2022-01-21 13:48:09   Epoch[07](1/5): current batch triplet loss = 0.0057, average epoch triplet loss = 0.0150
2022-01-21 13:48:09   Cache: 2 / 5
2022-01-21 13:51:09   Epoch[07](2/5): current batch triplet loss = 0.0408, average epoch triplet loss = 0.0148
2022-01-21 13:51:09   Cache: 3 / 5
2022-01-21 13:54:10   Epoch[07](3/5): current batch triplet loss = 0.0078, average epoch triplet loss = 0.0149
2022-01-21 13:54:10   Cache: 4 / 5
2022-01-21 13:57:11   Epoch[07](4/5): current batch triplet loss = 0.0068, average epoch triplet loss = 0.0146
2022-01-21 13:57:11   Finished epoch 07 in 0:15:08, average epoch triplet loss = 0.0146
2022-01-21 13:57:11   Extracting database features for evaluation/testing
2022-01-21 13:57:49   Extracting queries features for evaluation/testing
2022-01-21 13:58:26   Calculating recalls
2022-01-21 13:58:54   Recalls on val set < BaseDataset, pitts30k - #database: 10000; #queries: 7608 >: R@1: 88.7, R@5: 96.2, R@10: 97.6, R@20: 98.4
2022-01-21 13:58:55   Not improved: 2 / 3: best R@5 = 96.2, current R@5 = 96.2
2022-01-21 13:58:55   Start training epoch: 08
2022-01-21 13:58:55   Cache: 0 / 5
2022-01-21 14:01:56   Epoch[08](0/5): current batch triplet loss = 0.0041, average epoch triplet loss = 0.0141
2022-01-21 14:01:56   Cache: 1 / 5
2022-01-21 14:04:57   Epoch[08](1/5): current batch triplet loss = 0.0254, average epoch triplet loss = 0.0143
2022-01-21 14:04:57   Cache: 2 / 5
2022-01-21 14:07:59   Epoch[08](2/5): current batch triplet loss = 0.0088, average epoch triplet loss = 0.0146
2022-01-21 14:07:59   Cache: 3 / 5
2022-01-21 14:11:04   Epoch[08](3/5): current batch triplet loss = 0.0071, average epoch triplet loss = 0.0146
2022-01-21 14:11:04   Cache: 4 / 5
2022-01-21 14:14:07   Epoch[08](4/5): current batch triplet loss = 0.0176, average epoch triplet loss = 0.0145
2022-01-21 14:14:07   Finished epoch 08 in 0:15:12, average epoch triplet loss = 0.0145
2022-01-21 14:14:07   Extracting database features for evaluation/testing
2022-01-21 14:14:45   Extracting queries features for evaluation/testing
2022-01-21 14:15:26   Calculating recalls
2022-01-21 14:15:52   Recalls on val set < BaseDataset, pitts30k - #database: 10000; #queries: 7608 >: R@1: 89.0, R@5: 96.2, R@10: 97.5, R@20: 98.3
2022-01-21 14:15:52   Improved: previous best R@5 = 96.2, current R@5 = 96.2
2022-01-21 14:15:52   Start training epoch: 09
2022-01-21 14:15:52   Cache: 0 / 5
2022-01-21 14:19:05   Epoch[09](0/5): current batch triplet loss = 0.0200, average epoch triplet loss = 0.0142
2022-01-21 14:19:05   Cache: 1 / 5
2022-01-21 14:22:18   Epoch[09](1/5): current batch triplet loss = 0.0025, average epoch triplet loss = 0.0137
2022-01-21 14:22:18   Cache: 2 / 5
2022-01-21 14:25:30   Epoch[09](2/5): current batch triplet loss = 0.0036, average epoch triplet loss = 0.0137
2022-01-21 14:25:30   Cache: 3 / 5
2022-01-21 14:28:32   Epoch[09](3/5): current batch triplet loss = 0.0201, average epoch triplet loss = 0.0137
2022-01-21 14:28:32   Cache: 4 / 5
2022-01-21 14:31:29   Epoch[09](4/5): current batch triplet loss = 0.0084, average epoch triplet loss = 0.0136
2022-01-21 14:31:29   Finished epoch 09 in 0:15:37, average epoch triplet loss = 0.0136
2022-01-21 14:31:29   Extracting database features for evaluation/testing
2022-01-21 14:32:05   Extracting queries features for evaluation/testing
2022-01-21 14:32:45   Calculating recalls
2022-01-21 14:33:10   Recalls on val set < BaseDataset, pitts30k - #database: 10000; #queries: 7608 >: R@1: 88.9, R@5: 96.2, R@10: 97.5, R@20: 98.3
2022-01-21 14:33:10   Improved: previous best R@5 = 96.2, current R@5 = 96.2
2022-01-21 14:33:10   Start training epoch: 10
2022-01-21 14:33:10   Cache: 0 / 5
2022-01-21 14:36:05   Epoch[10](0/5): current batch triplet loss = 0.0013, average epoch triplet loss = 0.0118
2022-01-21 14:36:05   Cache: 1 / 5
2022-01-21 14:39:00   Epoch[10](1/5): current batch triplet loss = 0.0381, average epoch triplet loss = 0.0119
2022-01-21 14:39:00   Cache: 2 / 5
2022-01-21 14:41:56   Epoch[10](2/5): current batch triplet loss = 0.0581, average epoch triplet loss = 0.0124
2022-01-21 14:41:56   Cache: 3 / 5
2022-01-21 14:44:52   Epoch[10](3/5): current batch triplet loss = 0.0094, average epoch triplet loss = 0.0124
2022-01-21 14:44:52   Cache: 4 / 5
2022-01-21 14:47:47   Epoch[10](4/5): current batch triplet loss = 0.0202, average epoch triplet loss = 0.0126
2022-01-21 14:47:47   Finished epoch 10 in 0:14:36, average epoch triplet loss = 0.0126
2022-01-21 14:47:47   Extracting database features for evaluation/testing
2022-01-21 14:48:23   Extracting queries features for evaluation/testing
2022-01-21 14:49:06   Calculating recalls
2022-01-21 14:49:31   Recalls on val set < BaseDataset, pitts30k - #database: 10000; #queries: 7608 >: R@1: 88.8, R@5: 95.9, R@10: 97.5, R@20: 98.2
2022-01-21 14:49:31   Not improved: 1 / 3: best R@5 = 96.2, current R@5 = 95.9
2022-01-21 14:49:31   Start training epoch: 11
2022-01-21 14:49:31   Cache: 0 / 5
2022-01-21 14:52:27   Epoch[11](0/5): current batch triplet loss = 0.0153, average epoch triplet loss = 0.0117
2022-01-21 14:52:27   Cache: 1 / 5
2022-01-21 14:55:22   Epoch[11](1/5): current batch triplet loss = 0.0091, average epoch triplet loss = 0.0119
2022-01-21 14:55:22   Cache: 2 / 5
2022-01-21 14:58:24   Epoch[11](2/5): current batch triplet loss = 0.0125, average epoch triplet loss = 0.0122
2022-01-21 14:58:24   Cache: 3 / 5
2022-01-21 15:01:38   Epoch[11](3/5): current batch triplet loss = 0.0041, average epoch triplet loss = 0.0123
2022-01-21 15:01:38   Cache: 4 / 5
2022-01-21 15:04:50   Epoch[11](4/5): current batch triplet loss = 0.0095, average epoch triplet loss = 0.0123
2022-01-21 15:04:50   Finished epoch 11 in 0:15:18, average epoch triplet loss = 0.0123
2022-01-21 15:04:50   Extracting database features for evaluation/testing
2022-01-21 15:05:31   Extracting queries features for evaluation/testing
2022-01-21 15:06:02   Calculating recalls
2022-01-21 15:06:27   Recalls on val set < BaseDataset, pitts30k - #database: 10000; #queries: 7608 >: R@1: 88.7, R@5: 96.0, R@10: 97.5, R@20: 98.2
2022-01-21 15:06:27   Not improved: 2 / 3: best R@5 = 96.2, current R@5 = 96.0
2022-01-21 15:06:27   Start training epoch: 12
2022-01-21 15:06:27   Cache: 0 / 5
2022-01-21 15:09:30   Epoch[12](0/5): current batch triplet loss = 0.0166, average epoch triplet loss = 0.0113
2022-01-21 15:09:30   Cache: 1 / 5
2022-01-21 15:12:39   Epoch[12](1/5): current batch triplet loss = 0.0091, average epoch triplet loss = 0.0117
2022-01-21 15:12:39   Cache: 2 / 5
2022-01-21 15:15:44   Epoch[12](2/5): current batch triplet loss = 0.0025, average epoch triplet loss = 0.0116
2022-01-21 15:15:44   Cache: 3 / 5
2022-01-21 15:18:50   Epoch[12](3/5): current batch triplet loss = 0.0065, average epoch triplet loss = 0.0117
2022-01-21 15:18:50   Cache: 4 / 5
2022-01-21 15:21:56   Epoch[12](4/5): current batch triplet loss = 0.0127, average epoch triplet loss = 0.0118
2022-01-21 15:21:56   Finished epoch 12 in 0:15:29, average epoch triplet loss = 0.0118
2022-01-21 15:21:56   Extracting database features for evaluation/testing
2022-01-21 15:22:34   Extracting queries features for evaluation/testing
2022-01-21 15:23:31   Calculating recalls
2022-01-21 15:23:53   Recalls on val set < BaseDataset, pitts30k - #database: 10000; #queries: 7608 >: R@1: 88.5, R@5: 95.9, R@10: 97.5, R@20: 98.3
2022-01-21 15:23:54   Not improved: 3 / 3: best R@5 = 96.2, current R@5 = 95.9
2022-01-21 15:23:54   Performance did not improve for 3 epochs. Stop training.
2022-01-21 15:23:54   Best R@5: 96.2
2022-01-21 15:23:54   Trained for 13 epochs, in total in 3:39:29
2022-01-21 15:23:54   Extracting database features for evaluation/testing
2022-01-21 15:24:34   Extracting queries features for evaluation/testing
2022-01-21 15:25:11   Calculating recalls
2022-01-21 15:25:31   Recalls on < BaseDataset, pitts30k - #database: 10000; #queries: 6816 >: R@1: 86.5, R@5: 92.8, R@10: 94.7, R@20: 96.2
