2022-01-20 12:39:28   Arguments: Namespace(upscale_input=False, downscale_input=False, augment_input='None', backbone='resnet18', use_netvlad=True, netvlad_clusters=64, use_gem=None, gem_p=3, gem_eps=1e-06, use_attention='cbam', attention_lr=0.01, use_sgd=None, use_adagrad=None, momentum=0.9, train_batch_size=4, infer_batch_size=16, margin=0.1, epochs_num=20, patience=3, lr=1e-05, cache_refresh_rate=1000, queries_per_epoch=5000, negs_num_per_query=10, neg_samples_num=1000, seed=0, device='cuda', num_workers=10, val_positive_dist_threshold=25, train_positives_dist_threshold=10, recall_values=[1, 5, 10, 20], datasets_folder='./Dataset_pitts30k', exp_name='default', test_dataset_name=None, test_model_path=None, save_attention_mask=None, output_folder='runs/default/2022-01-20_12-39-28')
2022-01-20 12:39:28   The outputs are being saved in runs/default/2022-01-20_12-39-28
2022-01-20 12:39:28   Using 1 GPUs and 12 CPUs
2022-01-20 12:39:28   Loading dataset Pitts30k from folder ./Dataset_pitts30k
2022-01-20 12:39:28   There are 96 queries without any positives within the training set. They won't be considered as they're useless for training.
2022-01-20 12:39:28   Train query set: < TripletsDataset, pitts30k - #database: 10000; #queries: 7320 >
2022-01-20 12:39:28   Val set: < BaseDataset, pitts30k - #database: 10000; #queries: 7608 >
2022-01-20 12:39:28   Test set: < BaseDataset, pitts30k - #database: 10000; #queries: 6816 >
2022-01-20 12:39:28   Train only conv4 of the ResNet-18 (remove conv5), freeze the previous ones
2022-01-20 12:39:32   Output dimension of the model is 16384
2022-01-20 12:39:32   Start training epoch: 00
2022-01-20 12:39:32   Cache: 0 / 5
2022-01-20 12:42:39   Epoch[00](0/5): current batch triplet loss = 0.0332, average epoch triplet loss = 0.0359
2022-01-20 12:42:39   Cache: 1 / 5
2022-01-20 12:46:00   Epoch[00](1/5): current batch triplet loss = 0.0430, average epoch triplet loss = 0.0331
2022-01-20 12:46:00   Cache: 2 / 5
2022-01-20 12:49:25   Epoch[00](2/5): current batch triplet loss = 0.0117, average epoch triplet loss = 0.0308
2022-01-20 12:49:25   Cache: 3 / 5
2022-01-20 12:52:54   Epoch[00](3/5): current batch triplet loss = 0.0336, average epoch triplet loss = 0.0295
2022-01-20 12:52:54   Cache: 4 / 5
2022-01-20 12:56:16   Epoch[00](4/5): current batch triplet loss = 0.0528, average epoch triplet loss = 0.0288
2022-01-20 12:56:16   Finished epoch 00 in 0:16:44, average epoch triplet loss = 0.0288
2022-01-20 12:56:16   Extracting database features for evaluation/testing
2022-01-20 12:57:33   Extracting queries features for evaluation/testing
2022-01-20 12:58:50   Calculating recalls
2022-01-20 12:59:13   Recalls on val set < BaseDataset, pitts30k - #database: 10000; #queries: 7608 >: R@1: 86.2, R@5: 94.9, R@10: 96.8, R@20: 98.1
2022-01-20 12:59:13   Improved: previous best R@5 = 0.0, current R@5 = 94.9
2022-01-20 12:59:13   Start training epoch: 01
2022-01-20 12:59:13   Cache: 0 / 5
2022-01-20 13:02:27   Epoch[01](0/5): current batch triplet loss = 0.0481, average epoch triplet loss = 0.0237
2022-01-20 13:02:27   Cache: 1 / 5
2022-01-20 13:05:43   Epoch[01](1/5): current batch triplet loss = 0.0248, average epoch triplet loss = 0.0235
2022-01-20 13:05:43   Cache: 2 / 5
2022-01-20 13:08:54   Epoch[01](2/5): current batch triplet loss = 0.0260, average epoch triplet loss = 0.0228
2022-01-20 13:08:54   Cache: 3 / 5
2022-01-20 13:12:03   Epoch[01](3/5): current batch triplet loss = 0.0228, average epoch triplet loss = 0.0227
2022-01-20 13:12:03   Cache: 4 / 5
2022-01-20 13:15:13   Epoch[01](4/5): current batch triplet loss = 0.0402, average epoch triplet loss = 0.0226
2022-01-20 13:15:13   Finished epoch 01 in 0:16:00, average epoch triplet loss = 0.0226
2022-01-20 13:15:13   Extracting database features for evaluation/testing
2022-01-20 13:16:35   Extracting queries features for evaluation/testing
2022-01-20 13:17:24   Calculating recalls
2022-01-20 13:17:49   Recalls on val set < BaseDataset, pitts30k - #database: 10000; #queries: 7608 >: R@1: 88.1, R@5: 95.9, R@10: 97.4, R@20: 98.3
2022-01-20 13:17:50   Improved: previous best R@5 = 94.9, current R@5 = 95.9
2022-01-20 13:17:50   Start training epoch: 02
2022-01-20 13:17:50   Cache: 0 / 5
